+0ns POS: x=0, y=0, z=1.5; VEL:7.99258e+08, y=6.00988e+08, z=0
+0ns POS: x=0, y=0, z=1.5; VEL:9.99539e+08, y=3.03651e+07, z=0
+0ns POS: x=0, y=0, z=1.5; VEL:4.82904e+08, y=8.75673e+08, z=0
+0ns POS: x=0, y=0, z=1.5; VEL:7.89964e+08, y=6.13154e+08, z=0
+0ns POS: x=0, y=0, z=1.5; VEL:5.4791e+08, y=8.36537e+08, z=0
+0ns POS: x=0, y=0, z=1.5; VEL:4.55205e+08, y=8.90387e+08, z=0
+0ns POS: x=0, y=0, z=1.5; VEL:9.92412e+08, y=1.22956e+08, z=0
+0ns POS: x=0, y=0, z=1.5; VEL:9.47194e+08, y=3.20662e+08, z=0
+0ns POS: x=0, y=0, z=1.5; VEL:9.919e+08, y=1.27019e+08, z=0
+0ns POS: x=0, y=0, z=1.5; VEL:9.99524e+08, y=3.08349e+07, z=0
+0ns POS: x=0, y=0, z=1.5; VEL:8.41801e+08, y=5.39788e+08, z=0
+0ns POS: x=0, y=0, z=1.5; VEL:5.71063e+08, y=8.20906e+08, z=0
+0ns POS: x=0, y=0, z=1.5; VEL:8.59551e+08, y=5.1105e+08, z=0
+0ns POS: x=0, y=0, z=1.5; VEL:9.93253e+08, y=1.15967e+08, z=0
+0ns POS: x=0, y=0, z=1.5; VEL:9.99569e+08, y=2.9361e+07, z=0
+0ns POS: x=0, y=0, z=1.5; VEL:7.43656e+08, y=6.68563e+08, z=0
+0ns POS: x=0, y=0, z=1.5; VEL:9.14596e+08, y=4.04368e+08, z=0
+0ns POS: x=0, y=0, z=1.5; VEL:7.97273e+08, y=6.03619e+08, z=0
+0ns POS: x=0, y=0, z=1.5; VEL:5.91599e+08, y=8.06233e+08, z=0
+0ns POS: x=0, y=0, z=1.5; VEL:8.91847e+08, y=4.52336e+08, z=0
+0ns POS: x=0, y=0, z=1.5; VEL:9.18155e+08, y=3.96221e+08, z=0
+0ns POS: x=0, y=0, z=1.5; VEL:9.94648e+08, y=1.0332e+08, z=0
+0ns POS: x=0, y=0, z=1.5; VEL:8.84242e+08, y=4.67028e+08, z=0
+0ns POS: x=0, y=0, z=1.5; VEL:7.20158e+08, y=6.9381e+08, z=0
+0ns POS: x=0, y=0, z=1.5; VEL:7.53536e+08, y=6.57406e+08, z=0
+0ns POS: x=0, y=0, z=1.5; VEL:9.66419e+08, y=2.56971e+08, z=0
+0ns POS: x=0, y=0, z=1.5; VEL:9.37812e+08, y=3.47143e+08, z=0
+0ns POS: x=0, y=0, z=1.5; VEL:8.6569e+08, y=5.0058e+08, z=0
+0ns POS: x=0, y=0, z=1.5; VEL:9.99877e+08, y=1.56521e+07, z=0
+0ns POS: x=0, y=0, z=1.5; VEL:7.02856e+08, y=7.11333e+08, z=0
+0ns POS: x=0, y=0, z=1.5; VEL:9.96179e+08, y=8.73398e+07, z=0
+0ns POS: x=0, y=0, z=1.5; VEL:6.79618e+08, y=7.33566e+08, z=0
+0ns POS: x=0, y=0, z=1.5; VEL:9.98972e+08, y=4.53207e+07, z=0
+0ns POS: x=0, y=0, z=1.5; VEL:9.0062e+08, y=4.34606e+08, z=0
+0ns POS: x=0, y=0, z=1.5; VEL:9.77836e+08, y=2.0937e+08, z=0
+0ns POS: x=0, y=0, z=1.5; VEL:9.93896e+08, y=1.10324e+08, z=0
+0ns POS: x=0, y=0, z=1.5; VEL:9.77128e+08, y=2.12653e+08, z=0
+0ns POS: x=0, y=0, z=1.5; VEL:9.99862e+08, y=1.66023e+07, z=0
+0ns POS: x=0, y=0, z=1.5; VEL:9.99236e+08, y=3.90854e+07, z=0
+0ns POS: x=0, y=0, z=1.5; VEL:9.79145e+08, y=2.03165e+08, z=0
+0ns POS: x=0, y=0, z=1.5; VEL:8.74958e+08, y=4.842e+08, z=0
+0ns POS: x=0, y=0, z=1.5; VEL:2.04099e+08, y=9.7895e+08, z=0
+0ns POS: x=0, y=0, z=1.5; VEL:9.8545e+08, y=1.69965e+08, z=0
+0ns POS: x=0, y=0, z=1.5; VEL:8.75437e+08, y=4.83333e+08, z=0
+0ns POS: x=0, y=0, z=1.5; VEL:9.47255e+08, y=3.2048e+08, z=0
+0ns POS: x=0, y=0, z=1.5; VEL:9.80754e+08, y=1.95248e+08, z=0
+0ns POS: x=0, y=0, z=1.5; VEL:2.1033e+08, y=9.77631e+08, z=0
+0ns POS: x=0, y=0, z=1.5; VEL:7.93398e+08, y=6.08703e+08, z=0
+0ns POS: x=0, y=0, z=1.5; VEL:8.04622e+08, y=5.93787e+08, z=0
+0ns POS: x=0, y=0, z=1.5; VEL:7.63913e+08, y=6.45319e+08, z=0
+0ns POS: x=0, y=0, z=1.5; VEL:9.64644e+08, y=2.63557e+08, z=0
+0ns POS: x=0, y=0, z=1.5; VEL:8.8766e+08, y=4.605e+08, z=0
+0ns POS: x=0, y=0, z=1.5; VEL:7.93626e+08, y=6.08406e+08, z=0
+0ns POS: x=0, y=0, z=1.5; VEL:9.68558e+08, y=2.48788e+08, z=0
+0ns POS: x=0, y=0, z=1.5; VEL:9.15551e+08, y=4.02202e+08, z=0
+1587ns POS: x=1115.43, y=1128.88, z=1.5; VEL:0, y=0, z=0
+1654ns POS: x=1489.63, y=718.839, z=1.5; VEL:0, y=0, z=0
+1658ns POS: x=1517.98, y=666.85, z=1.5; VEL:0, y=0, z=0
+1672ns POS: x=1336.36, y=1004.85, z=1.5; VEL:0, y=0, z=0
+1778ns POS: x=1766, y=206.19, z=1.5; VEL:0, y=0, z=0
+1899ns POS: x=1412.2, y=1269.6, z=1.5; VEL:0, y=0, z=0
+2211ns POS: x=1592.27, y=1534.01, z=1.5; VEL:0, y=0, z=0
+2255ns POS: x=474.293, y=2204.56, z=1.5; VEL:0, y=0, z=0
+2385ns POS: x=1151.73, y=2088.48, z=1.5; VEL:0, y=0, z=0
+2455ns POS: x=1345.12, y=2053.7, z=1.5; VEL:0, y=0, z=0
+2485ns POS: x=1419.09, y=2039.95, z=1.5; VEL:0, y=0, z=0
+2515ns POS: x=1487.87, y=2027.68, z=1.5; VEL:0, y=0, z=0
+2646ns POS: x=2644.86, y=77.6892, z=1.5; VEL:0, y=0, z=0
+2716ns POS: x=2145.54, y=1665.33, z=1.5; VEL:0, y=0, z=0
+2720ns POS: x=2168.58, y=1641.84, z=1.5; VEL:0, y=0, z=0
+2724ns POS: x=2191.79, y=1617.48, z=1.5; VEL:0, y=0, z=0
+2755ns POS: x=2319.16, y=1487.12, z=1.5; VEL:0, y=0, z=0
+2784ns POS: x=2410.08, y=1393.61, z=1.5; VEL:0, y=0, z=0
+2797ns POS: x=2447.26, y=1354.31, z=1.5; VEL:0, y=0, z=0
+2819ns POS: x=2502.31, y=1298.15, z=1.5; VEL:0, y=0, z=0
+2821ns POS: x=1917.2, y=2069.39, z=1.5; VEL:0, y=0, z=0
+2828ns POS: x=2522.14, y=1279.21, z=1.5; VEL:0, y=0, z=0
+2862ns POS: x=1302.8, y=2548.29, z=1.5; VEL:0, y=0, z=0
+2969ns POS: x=2967.59, y=91.5487, z=1.5; VEL:0, y=0, z=0
+2978ns POS: x=607.806, y=2915.31, z=1.5; VEL:0, y=0, z=0
+2999ns POS: x=2259.86, y=1971.56, z=1.5; VEL:0, y=0, z=0
+3037ns POS: x=3013.96, y=373.418, z=1.5; VEL:0, y=0, z=0
+3041ns POS: x=2880.6, y=974.579, z=1.5; VEL:0, y=0, z=0
+3229ns POS: x=2855.22, y=1508.03, z=1.5; VEL:0, y=0, z=0
+3290ns POS: x=3217.08, y=688.828, z=1.5; VEL:0, y=0, z=0
+3296ns POS: x=3248.04, y=560.206, z=1.5; VEL:0, y=0, z=0
+3306ns POS: x=3237.05, y=671.663, z=1.5; VEL:0, y=0, z=0
+3326ns POS: x=3322.58, y=150.737, z=1.5; VEL:0, y=0, z=0
+3327ns POS: x=3262.97, y=649.591, z=1.5; VEL:0, y=0, z=0
+3328ns POS: x=3310.19, y=343.849, z=1.5; VEL:0, y=0, z=0
+3330ns POS: x=3309.67, y=367.378, z=1.5; VEL:0, y=0, z=0
+3382ns POS: x=3304.65, y=719.191, z=1.5; VEL:0, y=0, z=0
+3386ns POS: x=3175.43, y=1175.43, z=1.5; VEL:0, y=0, z=0
+3388ns POS: x=3386.44, y=102.877, z=1.5; VEL:0, y=0, z=0
+3406ns POS: x=3298.91, y=847.371, z=1.5; VEL:0, y=0, z=0
+3412ns POS: x=3297.42, y=876.786, z=1.5; VEL:0, y=0, z=0
+3417ns POS: x=3296.19, y=900.575, z=1.5; VEL:0, y=0, z=0
+3448ns POS: x=3447.52, y=57.2446, z=1.5; VEL:0, y=0, z=0
+3453ns POS: x=3452.58, y=54.0467, z=1.5; VEL:0, y=0, z=0
+3635ns POS: x=3124.47, y=1857.67, z=1.5; VEL:0, y=0, z=0
+3690ns POS: x=3230.36, y=1783.5, z=1.5; VEL:0, y=0, z=0
+3715ns POS: x=2947.48, y=2261.33, z=1.5; VEL:0, y=0, z=0
+3930ns POS: x=3927, y=153.606, z=1.5; VEL:0, y=0, z=0
+3932ns POS: x=3916.97, y=343.42, z=1.5; VEL:0, y=0, z=0
+3934ns POS: x=3902.14, y=499.691, z=1.5; VEL:0, y=0, z=0
+4008ns POS: x=3180.85, y=2438.49, z=1.5; VEL:0, y=0, z=0
+4041ns POS: x=3827.61, y=1295.79, z=1.5; VEL:0, y=0, z=0
+4148ns POS: x=3808.51, y=1643.52, z=1.5; VEL:0, y=0, z=0
+4164ns POS: x=3808.38, y=1683.79, z=1.5; VEL:0, y=0, z=0
+4189ns POS: x=3200.03, y=2703.24, z=1.5; VEL:0, y=0, z=0
+1e+07ns POS: x=1336.36, y=1004.85, z=1.5; VEL:-7.6533, y=14.2133, z=0
+1e+07ns POS: x=3386.44, y=102.877, z=1.5; VEL:-10.9259, y=8.14815, z=0
+1e+07ns POS: x=1151.73, y=2088.48, z=1.5; VEL:-16.102, y=2.91837, z=0
+1e+07ns POS: x=2145.54, y=1665.33, z=1.5; VEL:-8.88672, y=9.16016, z=0
+1e+07ns POS: x=1345.12, y=2053.7, z=1.5; VEL:-16.102, y=2.91837, z=0
+1e+07ns POS: x=1302.8, y=2548.29, z=1.5; VEL:-14.0938, y=7.45275, z=0
+1e+07ns POS: x=3013.96, y=373.418, z=1.5; VEL:-10.5634, y=-8.4507, z=0
+1e+07ns POS: x=3827.61, y=1295.79, z=1.5; VEL:-1.2428, y=13.153, z=0
+1e+07ns POS: x=3902.14, y=499.691, z=1.5; VEL:-1.30435, y=13.8043, z=0
+1e+07ns POS: x=2967.59, y=91.5487, z=1.5; VEL:-16.3043, y=-3.26087, z=0
+1e+07ns POS: x=2319.16, y=1487.12, z=1.5; VEL:-9.55882, y=9.85294, z=0
+1e+07ns POS: x=1419.09, y=2039.95, z=1.5; VEL:-15.3966, y=2.79051, z=0
+1e+07ns POS: x=3124.47, y=1857.67, z=1.5; VEL:-2.66667, y=13.4667, z=0
+1e+07ns POS: x=1766, y=206.19, z=1.5; VEL:-7.70548, y=14.3102, z=0
+1e+07ns POS: x=2644.86, y=77.6892, z=1.5; VEL:-10.5621, y=-8.44964, z=0
+1e+07ns POS: x=1412.2, y=1269.6, z=1.5; VEL:7.65508, y=11.2434, z=0
+1e+07ns POS: x=3808.38, y=1683.79, z=1.5; VEL:-0.0855826, y=12.7518, z=0
+1e+07ns POS: x=2168.58, y=1641.84, z=1.5; VEL:-8.38605, y=8.64408, z=0
+1e+07ns POS: x=1487.87, y=2027.68, z=1.5; VEL:-15.3562, y=2.78318, z=0
+1e+07ns POS: x=2522.14, y=1279.21, z=1.5; VEL:-12.3672, y=10.5121, z=0
+1e+07ns POS: x=3808.51, y=1643.52, z=1.5; VEL:-0.0785291, y=11.7008, z=0
+1e+07ns POS: x=3310.19, y=343.849, z=1.5; VEL:0, y=13.1401, z=0
+1e+07ns POS: x=2855.22, y=1508.03, z=1.5; VEL:-12.6493, y=9.85971, z=0
+1e+07ns POS: x=1592.27, y=1534.01, z=1.5; VEL:8.76473, y=12.8732, z=0
+1e+07ns POS: x=2259.86, y=1971.56, z=1.5; VEL:-12.7232, y=9.91731, z=0
+1e+07ns POS: x=3297.42, y=876.786, z=1.5; VEL:-0.635027, y=13.0181, z=0
+1e+07ns POS: x=3175.43, y=1175.43, z=1.5; VEL:-9.55556, y=12.963, z=0
+1e+07ns POS: x=2410.08, y=1393.61, z=1.5; VEL:-9.12685, y=9.40768, z=0
+1e+07ns POS: x=3452.58, y=54.0467, z=1.5; VEL:-10.9259, y=8.14815, z=0
+1e+07ns POS: x=1115.43, y=1128.88, z=1.5; VEL:-17.4902, y=3.87622, z=0
+1e+07ns POS: x=3916.97, y=343.42, z=1.5; VEL:-1.26227, y=13.359, z=0
+1e+07ns POS: x=1917.2, y=2069.39, z=1.5; VEL:-6.31579, y=-12.1053, z=0
+1e+07ns POS: x=3322.58, y=150.737, z=1.5; VEL:-12.3074, y=9.17838, z=0
+1e+07ns POS: x=1489.63, y=718.839, z=1.5; VEL:-7.68199, y=14.2666, z=0
+1e+07ns POS: x=3217.08, y=688.828, z=1.5; VEL:-10.3198, y=8.77185, z=0
+1e+07ns POS: x=3309.67, y=367.378, z=1.5; VEL:0, y=13.4695, z=0
+1e+07ns POS: x=3304.65, y=719.191, z=1.5; VEL:-0.666667, y=13.6667, z=0
+1e+07ns POS: x=3447.52, y=57.2446, z=1.5; VEL:-10.5903, y=7.89786, z=0
+1e+07ns POS: x=3927, y=153.606, z=1.5; VEL:0.689379, y=11.2599, z=0
+1e+07ns POS: x=3237.05, y=671.663, z=1.5; VEL:-10.3896, y=8.83117, z=0
+1e+07ns POS: x=2447.26, y=1354.31, z=1.5; VEL:-8.94295, y=9.21812, z=0
+1e+07ns POS: x=607.806, y=2915.31, z=1.5; VEL:-14.1505, y=7.48274, z=0
+1e+07ns POS: x=3248.04, y=560.206, z=1.5; VEL:-10.4042, y=-8.32337, z=0
+1e+07ns POS: x=3230.36, y=1783.5, z=1.5; VEL:6.89677, y=14.3683, z=0
+1e+07ns POS: x=2880.6, y=974.579, z=1.5; VEL:-9.50903, y=8.08267, z=0
+1e+07ns POS: x=3262.97, y=649.591, z=1.5; VEL:-9.35155, y=7.94882, z=0
+1e+07ns POS: x=474.293, y=2204.56, z=1.5; VEL:14.8447, y=-2.53402, z=0
+1e+07ns POS: x=2947.48, y=2261.33, z=1.5; VEL:-5.2017, y=8.46788, z=0
+1e+07ns POS: x=2191.79, y=1617.48, z=1.5; VEL:-9.42029, y=9.71015, z=0
+1e+07ns POS: x=3200.03, y=2703.24, z=1.5; VEL:-10.0864, y=14.4091, z=0
+1e+07ns POS: x=3296.19, y=900.575, z=1.5; VEL:-0.727887, y=14.9217, z=0
+1e+07ns POS: x=2502.31, y=1298.15, z=1.5; VEL:-7.91089, y=8.1543, z=0
+1e+07ns POS: x=3180.85, y=2438.49, z=1.5; VEL:2.73401, y=12.3031, z=0
+1e+07ns POS: x=3298.91, y=847.371, z=1.5; VEL:-0.647731, y=13.2785, z=0
+1e+07ns POS: x=1517.98, y=666.85, z=1.5; VEL:-8.38971, y=15.5809, z=0
+7.68236e+07ns POS: x=2144.95, y=1665.94, z=1.5; VEL:0, y=0, z=0
+7.6824e+07ns POS: x=2144.95, y=1665.94, z=1.5; VEL:-10.583, y=10.9086, z=0
+1.02e+09ns POS: x=3310.15, y=160.007, z=1.5; VEL:0, y=0, z=0
+1.02e+09ns POS: x=2509.65, y=1289.82, z=1.5; VEL:0, y=0, z=0
+1.91973e+09ns POS: x=3431.71, y=69.6075, z=1.5; VEL:0, y=0, z=0
+1.91973e+09ns POS: x=3431.71, y=69.6075, z=1.5; VEL:-12.0015, y=8.95028, z=0
+2.02e+09ns POS: x=3310.15, y=160.007, z=1.5; VEL:-17.6715, y=-3.5343, z=0
+2.02e+09ns POS: x=2509.65, y=1289.82, z=1.5; VEL:-7.95835, y=8.20322, z=0
+2.02e+09ns POS: x=1609.89, y=1559.89, z=1.5; VEL:0, y=0, z=0
+2.22326e+09ns POS: x=1385.02, y=2046.13, z=1.5; VEL:0, y=0, z=0
+2.22326e+09ns POS: x=1385.02, y=2046.13, z=1.5; VEL:-17.3554, y=3.14552, z=0
+2.64914e+09ns POS: x=1265.6, y=2567.96, z=1.5; VEL:0, y=0, z=0
+2.64914e+09ns POS: x=1265.6, y=2567.96, z=1.5; VEL:-14.6923, y=7.76923, z=0
+2.81532e+09ns POS: x=1444.79, y=2035.48, z=1.5; VEL:0, y=0, z=0
+2.81532e+09ns POS: x=1444.79, y=2035.48, z=1.5; VEL:-17.7355, y=3.21441, z=0
+2.92172e+09ns POS: x=2291.33, y=1515.8, z=1.5; VEL:0, y=0, z=0
+2.92172e+09ns POS: x=2291.33, y=1515.8, z=1.5; VEL:-10.6779, y=11.0064, z=0
+3.02e+09ns POS: x=1609.89, y=1559.89, z=1.5; VEL:7.2281, y=11.565, z=0
+3.79136e+09ns POS: x=1049.29, y=1143.54, z=1.5; VEL:0, y=0, z=0
+3.79136e+09ns POS: x=1049.29, y=1143.54, z=1.5; VEL:-15.8044, y=3.50259, z=0
+3.79395e+09ns POS: x=3161.86, y=2757.77, z=1.5; VEL:-8.71322, y=12.4475, z=0
+4.81164e+09ns POS: x=0, y=0, z=1.5; VEL:9.99997e+08, y=2.55247e+06, z=0
+4.81164e+09ns POS: x=3917.99, y=10.0006, z=1.5; VEL:0, y=0, z=0
+4.82164e+09ns POS: x=3917.99, y=10.0006, z=1.5; VEL:0.755935, y=12.3469, z=0
+4.87194e+09ns POS: x=3111.5, y=1923.14, z=1.5; VEL:-2.96531, y=14.9748, z=0
+4.94623e+09ns POS: x=1449.99, y=1325.1, z=1.5; VEL:0, y=0, z=0
+4.94623e+09ns POS: x=1449.99, y=1325.1, z=1.5; VEL:7.80488, y=11.4634, z=0
+5.02e+09ns POS: x=3930.45, y=210.018, z=1.5; VEL:0, y=0, z=0
+5.02e+09ns POS: x=1071.06, y=2103.1, z=1.5; VEL:0, y=0, z=0
+5.60938e+09ns POS: x=3310.19, y=417.425, z=1.5; VEL:0, y=13.6364, z=0
+6.02e+09ns POS: x=1290.36, y=1090.27, z=1.5; VEL:0, y=0, z=0
+6.02e+09ns POS: x=1071.06, y=2103.1, z=1.5; VEL:-17.4939, y=2.98625, z=0
+6.02e+09ns POS: x=3930.45, y=210.018, z=1.5; VEL:10.2817, y=2.67606, z=0
+7.02e+09ns POS: x=3309.85, y=159.995, z=1.5; VEL:0, y=0, z=0
+7.02e+09ns POS: x=1290.36, y=1090.27, z=1.5; VEL:-7.33333, y=-11.5556, z=0
+8.02e+09ns POS: x=3309.85, y=159.995, z=1.5; VEL:0, y=13.6364, z=0
+8.02e+09ns POS: x=3290.36, y=1020.1, z=1.5; VEL:0, y=0, z=0
+8.02e+09ns POS: x=2560.26, y=10.0076, z=1.5; VEL:0, y=0, z=0
+8.31612e+09ns POS: x=0, y=0, z=1.5; VEL:9.99997e+08, y=2.55247e+06, z=0
+8.31613e+09ns POS: x=3917.99, y=10.0006, z=1.5; VEL:0, y=0, z=0
+8.32612e+09ns POS: x=3917.99, y=10.0006, z=1.5; VEL:0.833333, y=13.6111, z=0
+9.02e+09ns POS: x=3290.36, y=1020.1, z=1.5; VEL:-3.02025, y=15.2523, z=0
+9.02e+09ns POS: x=1860.3, y=1960.32, z=1.5; VEL:0, y=0, z=0
+1.08448e+10ns POS: x=986.651, y=2117.51, z=1.5; VEL:0, y=0, z=0
+1.08448e+10ns POS: x=986.651, y=2117.51, z=1.5; VEL:-16.0605, y=2.74156, z=0
+1.08785e+10ns POS: x=2077.44, y=1735.79, z=1.5; VEL:0, y=0, z=0
+1.08785e+10ns POS: x=2077.44, y=1735.79, z=1.5; VEL:-10.3602, y=10.6789, z=0
+1.102e+10ns POS: x=3290.43, y=1020.11, z=1.5; VEL:0, y=0, z=0
+1.102e+10ns POS: x=1860.3, y=1960.32, z=1.5; VEL:-6.8836e+08, y=-7.25369e+08, z=0
+1.102e+10ns POS: x=0.348388, y=0.374206, z=1.5; VEL:0, y=0, z=0
+1.103e+10ns POS: x=0.348388, y=0.374206, z=1.5; VEL:7.07107e+08, y=7.07107e+08, z=0
+1.103e+10ns POS: x=0.348388, y=0.374206, z=1.5; VEL:0, y=0, z=0
+1.19375e+10ns POS: x=1417.92, y=852.692, z=1.5; VEL:-7.48176, y=13.8947, z=0
+1.202e+10ns POS: x=3290.43, y=1020.11, z=1.5; VEL:-2.66667, y=13.4667, z=0
+1.202e+10ns POS: x=3310.49, y=160.008, z=1.5; VEL:0, y=0, z=0
+1.202e+10ns POS: x=3090.19, y=2860.16, z=1.5; VEL:0, y=0, z=0
+1.202e+10ns POS: x=3090.31, y=2030.18, z=1.5; VEL:0, y=0, z=0
+1.25112e+10ns POS: x=1272.83, y=2066.65, z=1.5; VEL:-14.9297, y=2.70588, z=0
+1.26282e+10ns POS: x=429.251, y=3009.73, z=1.5; VEL:0, y=0, z=0
+1.302e+10ns POS: x=3090.19, y=2860.16, z=1.5; VEL:-15.2803, y=-4.61962, z=0
+1.302e+10ns POS: x=3090.31, y=2030.18, z=1.5; VEL:-5.73333, y=9.33333, z=0
+1.302e+10ns POS: x=3310.49, y=160.008, z=1.5; VEL:0, y=13.6364, z=0
+1.302e+10ns POS: x=3309.74, y=159.996, z=1.5; VEL:0, y=0, z=0
+1.302e+10ns POS: x=3290.48, y=1020.12, z=1.5; VEL:0, y=0, z=0
+1.30395e+10ns POS: x=0, y=0, z=1.5; VEL:9.99996e+08, y=2.84807e+06, z=0
+1.30395e+10ns POS: x=3510.99, y=9.99957, z=1.5; VEL:0, y=0, z=0
+1.30495e+10ns POS: x=3510.99, y=9.99957, z=1.5; VEL:-10.6026, y=7.907, z=0
+1.31863e+10ns POS: x=3310.19, y=520.747, z=1.5; VEL:0, y=15.3029, z=0
+1.402e+10ns POS: x=3810.2, y=1480.07, z=1.5; VEL:0, y=0, z=0
+1.402e+10ns POS: x=3290.48, y=1020.12, z=1.5; VEL:-9.1263, y=12.3806, z=0
+1.402e+10ns POS: x=3309.74, y=159.996, z=1.5; VEL:0, y=13.6364, z=0
+1.40467e+10ns POS: x=682.664, y=2168.99, z=1.5; VEL:0, y=0, z=0
+1.40467e+10ns POS: x=682.664, y=2168.99, z=1.5; VEL:17.3615, y=-2.96365, z=0
+1.41144e+10ns POS: x=1178.64, y=2083.53, z=1.5; VEL:-18.2225, y=3.30268, z=0
+1.502e+10ns POS: x=3032, y=1370, z=1.5; VEL:0, y=0, z=0
+1.502e+10ns POS: x=3810.2, y=1480.07, z=1.5; VEL:-0.0890759, y=13.2723, z=0
+1.602e+10ns POS: x=3032, y=1370, z=1.5; VEL:-12.505, y=9.74727, z=0
+1.61114e+10ns POS: x=2651.55, y=1666.79, z=1.5; VEL:0, y=0, z=0
+1.61114e+10ns POS: x=2651.55, y=1666.79, z=1.5; VEL:-11.816, y=9.21016, z=0
+1.61593e+10ns POS: x=3060.29, y=110.034, z=1.5; VEL:0, y=0, z=0
+1.61593e+10ns POS: x=3060.29, y=110.034, z=1.5; VEL:-15.6976, y=-3.13952, z=0
+1.62677e+10ns POS: x=2038.64, y=1775.34, z=1.5; VEL:-10.6813, y=11.0099, z=0
+1.64333e+10ns POS: x=3267.97, y=1133.17, z=1.5; VEL:0, y=0, z=0
+1.64333e+10ns POS: x=3267.97, y=1133.17, z=1.5; VEL:-2.57343, y=12.9958, z=0
+1.702e+10ns POS: x=1071.22, y=2103.34, z=1.5; VEL:0, y=0, z=0
+1.802e+10ns POS: x=3230.09, y=2660.07, z=1.5; VEL:0, y=0, z=0
+1.802e+10ns POS: x=3309.67, y=609.964, z=1.5; VEL:0, y=0, z=0
+1.802e+10ns POS: x=1071.22, y=2103.34, z=1.5; VEL:-17.793, y=3.0373, z=0
+1.8347e+10ns POS: x=3878.22, y=752.821, z=1.5; VEL:-1.42982, y=15.1322, z=0
+1.84413e+10ns POS: x=2125.61, y=1686.62, z=1.5; VEL:-8.97166, y=9.24771, z=0
+1.902e+10ns POS: x=3310.19, y=610.02, z=1.5; VEL:0, y=0, z=0
+1.902e+10ns POS: x=3309.67, y=609.964, z=1.5; VEL:-9.41176, y=8, z=0
+1.902e+10ns POS: x=3230.09, y=2660.07, z=1.5; VEL:-9.33333, y=13.3333, z=0
+1.93433e+10ns POS: x=1727.87, y=1748.67, z=1.5; VEL:7.35294, y=11.7647, z=0
+1.9761e+10ns POS: x=1565.62, y=1494.93, z=1.5; VEL:8.40095, y=12.3389, z=0
+1.99114e+10ns POS: x=0, y=0, z=1.5; VEL:9.99996e+08, y=2.84807e+06, z=0
+1.99114e+10ns POS: x=3510.99, y=9.99957, z=1.5; VEL:0, y=0, z=0
+1.99214e+10ns POS: x=3510.99, y=9.99957, z=1.5; VEL:-10.9259, y=8.14815, z=0
+2.002e+10ns POS: x=3310.19, y=610.02, z=1.5; VEL:-8.33413, y=7.08401, z=0
+2.002e+10ns POS: x=1071.03, y=2103.04, z=1.5; VEL:0, y=0, z=0
+2.102e+10ns POS: x=3930.23, y=210.001, z=1.5; VEL:0, y=0, z=0
+2.102e+10ns POS: x=1071.03, y=2103.04, z=1.5; VEL:-16.1961, y=2.76471, z=0
+2.13493e+10ns POS: x=809.448, y=2147.35, z=1.5; VEL:15.6855, y=-2.67756, z=0
+2.16633e+10ns POS: x=0, y=0, z=1.5; VEL:9.99986e+08, y=5.34312e+06, z=0
+2.16633e+10ns POS: x=1871.97, y=10.0023, z=1.5; VEL:0, y=0, z=0
+2.16733e+10ns POS: x=1871.97, y=10.0023, z=1.5; VEL:-7.56781, y=14.0545, z=0
+2.202e+10ns POS: x=1979.82, y=2189.84, z=1.5; VEL:0, y=0, z=0
+2.202e+10ns POS: x=3289.97, y=1019.99, z=1.5; VEL:0, y=0, z=0
+2.302e+10ns POS: x=3930.23, y=210.001, z=1.5; VEL:-9.98576e+08, y=-5.33566e+07, z=0
+2.302e+10ns POS: x=3289.97, y=1019.99, z=1.5; VEL:-2.66667, y=13.4667, z=0
+2.302e+10ns POS: x=3930.23, y=210.001, z=1.5; VEL:0, y=0, z=0
+2.302e+10ns POS: x=-0.161125, y=-0.0109548, z=1.5; VEL:0, y=0, z=0
+2.303e+10ns POS: x=-0.161125, y=-0.0109548, z=1.5; VEL:7.07107e+08, y=7.07107e+08, z=0
+2.303e+10ns POS: x=-0.161125, y=-0.0109548, z=1.5; VEL:0, y=0, z=0
+2.37028e+10ns POS: x=1944.58, y=1872.74, z=1.5; VEL:-10.1741, y=10.4871, z=0
+2.402e+10ns POS: x=1979.82, y=2189.84, z=1.5; VEL:-6.70647e+08, y=-7.41777e+08, z=0
+2.402e+10ns POS: x=3930.23, y=210.001, z=1.5; VEL:-1.26316, y=13.3684, z=0
+2.402e+10ns POS: x=0.0681604, y=0.116803, z=1.5; VEL:0, y=0, z=0
+2.403e+10ns POS: x=0.0681604, y=0.116803, z=1.5; VEL:7.07107e+08, y=7.07107e+08, z=0
+2.403e+10ns POS: x=0.0681604, y=0.116803, z=1.5; VEL:0, y=0, z=0
+2.47445e+10ns POS: x=1575.41, y=560.145, z=1.5; VEL:0, y=0, z=0
+2.47445e+10ns POS: x=1575.41, y=560.145, z=1.5; VEL:-9.03156, y=16.7729, z=0
+2.502e+10ns POS: x=2559.82, y=9.99434, z=1.5; VEL:0, y=0, z=0
+2.502e+10ns POS: x=1609.8, y=1559.82, z=1.5; VEL:0, y=0, z=0
+2.52831e+10ns POS: x=2179.42, y=1631.37, z=1.5; VEL:0, y=0, z=0
+2.52831e+10ns POS: x=2179.42, y=1631.37, z=1.5; VEL:-9.55882, y=9.85294, z=0
+2.56009e+10ns POS: x=0, y=0, z=1.5; VEL:9.99996e+08, y=2.84807e+06, z=0
+2.56009e+10ns POS: x=3510.99, y=9.99957, z=1.5; VEL:0, y=0, z=0
+2.56109e+10ns POS: x=3510.99, y=9.99957, z=1.5; VEL:-10.9259, y=8.14815, z=0
+2.601e+10ns POS: x=0, y=0, z=1.5; VEL:9.99992e+08, y=3.90622e+06, z=0
+2.601e+10ns POS: x=2559.98, y=9.99992, z=1.5; VEL:0, y=0, z=0
+2.602e+10ns POS: x=1289.82, y=1089.91, z=1.5; VEL:0, y=0, z=0
+2.602e+10ns POS: x=1609.8, y=1559.82, z=1.5; VEL:-10.7232, y=10.8028, z=0
+2.602e+10ns POS: x=1071.15, y=2103.2, z=1.5; VEL:0, y=0, z=0
+2.60887e+10ns POS: x=3309.85, y=406.386, z=1.5; VEL:0, y=15.5784, z=0
+2.68958e+10ns POS: x=1144.61, y=860.598, z=1.5; VEL:0, y=0, z=0
+2.68958e+10ns POS: x=1144.61, y=860.598, z=1.5; VEL:-7.72875, y=-12.1786, z=0
+2.702e+10ns POS: x=1859.81, y=1959.85, z=1.5; VEL:0, y=0, z=0
+2.702e+10ns POS: x=2559.82, y=9.99434, z=1.5; VEL:-9.99992e+08, y=-3.90233e+06, z=0
+2.702e+10ns POS: x=1071.15, y=2103.2, z=1.5; VEL:-16.1961, y=2.76471, z=0
+2.702e+10ns POS: x=1289.82, y=1089.91, z=1.5; VEL:-7.63435, y=-12.0299, z=0
+2.702e+10ns POS: x=2559.98, y=9.99992, z=1.5; VEL:10.5634, y=8.4507, z=0
+2.702e+10ns POS: x=-0.164021, y=0.00437581, z=1.5; VEL:0, y=0, z=0
+2.703e+10ns POS: x=-0.164021, y=0.00437581, z=1.5; VEL:7.07107e+08, y=7.07107e+08, z=0
+2.703e+10ns POS: x=-0.164021, y=0.00437581, z=1.5; VEL:0, y=0, z=0
+2.73282e+10ns POS: x=0, y=0, z=1.5; VEL:9.99996e+08, y=2.84807e+06, z=0
+2.73282e+10ns POS: x=3510.99, y=9.99957, z=1.5; VEL:0, y=0, z=0
+2.73382e+10ns POS: x=3510.99, y=9.99957, z=1.5; VEL:-10.7664, y=8.02922, z=0
+2.8325e+10ns POS: x=2856.32, y=2789.46, z=1.5; VEL:0, y=0, z=0
+2.8325e+10ns POS: x=2856.32, y=2789.46, z=1.5; VEL:-15.9259, y=-4.81481, z=0
+2.902e+10ns POS: x=1290.11, y=1090.05, z=1.5; VEL:0, y=0, z=0
+2.902e+10ns POS: x=1859.81, y=1959.85, z=1.5; VEL:-6.8836e+08, y=-7.25369e+08, z=0
+2.902e+10ns POS: x=-0.141547, y=-0.0963275, z=1.5; VEL:0, y=0, z=0
+2.903e+10ns POS: x=-0.141547, y=-0.0963275, z=1.5; VEL:7.07107e+08, y=7.07107e+08, z=0
+2.903e+10ns POS: x=-0.141547, y=-0.0963275, z=1.5; VEL:0, y=0, z=0
+2.93268e+10ns POS: x=3432.55, y=2204.73, z=1.5; VEL:7.88214, y=16.4211, z=0
+2.93548e+10ns POS: x=0, y=0, z=1.5; VEL:9.99996e+08, y=2.84807e+06, z=0
+2.93548e+10ns POS: x=3510.99, y=9.99957, z=1.5; VEL:0, y=0, z=0
+2.93648e+10ns POS: x=3510.99, y=9.99957, z=1.5; VEL:-10.2333, y=7.63158, z=0
+3.002e+10ns POS: x=1290.11, y=1090.05, z=1.5; VEL:9.00643, y=13.2282, z=0
+3.01281e+10ns POS: x=2934.69, y=309.522, z=1.5; VEL:-10.5634, y=-8.4507, z=0
+3.04107e+10ns POS: x=2789.34, y=2518.76, z=1.5; VEL:-6.2694, y=10.206, z=0
+3.07541e+10ns POS: x=4184.76, y=276.207, z=1.5; VEL:0, y=0, z=0
+3.07541e+10ns POS: x=4184.76, y=276.207, z=1.5; VEL:11.0122, y=2.86619, z=0
