+0ns POS: x=1580.46, y=1698.85, z=0; VEL:0, y=0, z=0
+1e+09ns POS: x=1580.46, y=1698.85, z=0; VEL:-1.48015, y=-0.460048, z=0
+1.9999e+09ns POS: x=1578.98, y=1698.39, z=0; VEL:0, y=0, z=0
+2e+09ns POS: x=1578.98, y=1698.39, z=0; VEL:-3.04568, y=-0.948654, z=0
+3e+09ns POS: x=1575.93, y=1697.44, z=0; VEL:-4.83233, y=-1.50073, z=0
+4e+09ns POS: x=1571.1, y=1695.94, z=0; VEL:-6.28403, y=-1.95125, z=0
+4.99968e+09ns POS: x=1564.82, y=1693.99, z=0; VEL:0, y=0, z=0
+5e+09ns POS: x=1564.82, y=1693.99, z=0; VEL:-6.06117, y=-1.35141, z=0
+5e+09ns POS: x=1379.88, y=2038.72, z=0; VEL:0, y=0, z=0
+5.99156e+09ns POS: x=1558.81, y=1692.65, z=0; VEL:0, y=0, z=0
+6e+09ns POS: x=1558.81, y=1692.65, z=0; VEL:-4.41262, y=4.6494, z=0
+6e+09ns POS: x=1379.88, y=2038.72, z=0; VEL:-0.39357, y=1.30181, z=0
+6.92915e+09ns POS: x=1554.71, y=1696.97, z=0; VEL:0, y=0, z=0
+6.99093e+09ns POS: x=1379.49, y=2040.01, z=0; VEL:0, y=0, z=0
+7e+09ns POS: x=1554.71, y=1696.97, z=0; VEL:-2.14023, y=8.71093, z=0
+7e+09ns POS: x=1379.49, y=2040.01, z=0; VEL:-0.83828, y=2.73439, z=0
+7.99989e+09ns POS: x=1552.57, y=1705.68, z=0; VEL:0, y=0, z=0
+8e+09ns POS: x=1552.57, y=1705.68, z=0; VEL:-2.75141, y=11.1557, z=0
+8e+09ns POS: x=1378.65, y=2042.74, z=0; VEL:-1.26974, y=4.12918, z=0
+8.99949e+09ns POS: x=1549.82, y=1716.83, z=0; VEL:0, y=0, z=0
+9e+09ns POS: x=1549.82, y=1716.83, z=0; VEL:-3.12732, y=12.6491, z=0
+9e+09ns POS: x=1377.38, y=2046.87, z=0; VEL:-2.00984, y=6.56943, z=0
+1e+10ns POS: x=1546.69, y=1729.48, z=0; VEL:-3.54024, y=14.3909, z=0
+1e+10ns POS: x=1375.37, y=2053.44, z=0; VEL:-2.62196, y=8.53641, z=0
+1.1e+10ns POS: x=1543.15, y=1743.87, z=0; VEL:-2.65919, y=10.7768, z=0
+1.1e+10ns POS: x=1372.75, y=2061.98, z=0; VEL:-3.32721, y=10.8409, z=0
+1.2e+10ns POS: x=1540.49, y=1754.65, z=0; VEL:-2.02117, y=8.20472, z=0
+1.2e+10ns POS: x=1369.42, y=2072.82, z=0; VEL:-1.23556, y=8.13672, z=0
+1.29979e+10ns POS: x=1368.19, y=2080.94, z=0; VEL:0, y=0, z=0
+1.3e+10ns POS: x=1538.47, y=1762.85, z=0; VEL:1.69392, y=6.75072, z=0
+1.3e+10ns POS: x=1368.19, y=2080.94, z=0; VEL:4.04206, y=6.58898, z=0
+1.39315e+10ns POS: x=1540.05, y=1769.14, z=0; VEL:0, y=0, z=0
+1.39698e+10ns POS: x=1372.11, y=2087.33, z=0; VEL:0, y=0, z=0
+1.4e+10ns POS: x=1540.05, y=1769.14, z=0; VEL:6.86443, y=2.76399, z=0
+1.4e+10ns POS: x=1372.11, y=2087.33, z=0; VEL:6.79089, y=2.48129, z=0
+1.4e+10ns POS: x=1379.88, y=2038.72, z=0; VEL:0, y=0, z=0
+1.49877e+10ns POS: x=1546.83, y=1771.87, z=0; VEL:0, y=0, z=0
+1.49955e+10ns POS: x=1378.87, y=2089.8, z=0; VEL:0, y=0, z=0
+1.5e+10ns POS: x=1546.83, y=1771.87, z=0; VEL:9.079, y=2.35714, z=0
+1.5e+10ns POS: x=1378.87, y=2089.8, z=0; VEL:8.9769, y=2.18924, z=0
+1.5e+10ns POS: x=1379.88, y=2038.72, z=0; VEL:-0.711109, y=2.32362, z=0
+1.59984e+10ns POS: x=1379.17, y=2041.04, z=0; VEL:0, y=0, z=0
+1.6e+10ns POS: x=1555.91, y=1774.23, z=0; VEL:11.2182, y=2.91212, z=0
+1.6e+10ns POS: x=1387.85, y=2091.99, z=0; VEL:10.4253, y=2.53886, z=0
+1.6e+10ns POS: x=1379.17, y=2041.04, z=0; VEL:-1.14943, y=3.75815, z=0
+1.7e+10ns POS: x=1567.13, y=1777.14, z=0; VEL:12.5049, y=3.24867, z=0
+1.7e+10ns POS: x=1398.27, y=2094.53, z=0; VEL:11.783, y=2.88072, z=0
+1.7e+10ns POS: x=1378.02, y=2044.8, z=0; VEL:-1.76157, y=5.72512, z=0
+1.79994e+10ns POS: x=1376.26, y=2050.52, z=0; VEL:0, y=0, z=0
+1.8e+10ns POS: x=1579.63, y=1780.39, z=0; VEL:14.2554, y=3.70881, z=0
+1.8e+10ns POS: x=1410.06, y=2097.41, z=0; VEL:13.5824, y=3.31058, z=0
+1.8e+10ns POS: x=1376.26, y=2050.52, z=0; VEL:-2.3906, y=7.80196, z=0
+1.8e+10ns POS: x=1258.23, y=2064.12, z=0; VEL:0, y=0, z=0
+1.89997e+10ns POS: x=1373.87, y=2058.32, z=0; VEL:0, y=0, z=0
+1.9e+10ns POS: x=1593.89, y=1784.1, z=0; VEL:15.6519, y=4.0605, z=0
+1.9e+10ns POS: x=1423.64, y=2100.72, z=0; VEL:14.8635, y=3.62842, z=0
+1.9e+10ns POS: x=1373.87, y=2058.32, z=0; VEL:-3.01925, y=9.84755, z=0
+1.9e+10ns POS: x=1258.23, y=2064.12, z=0; VEL:2.48035, y=0.710101, z=0
+1.99999e+10ns POS: x=1260.71, y=2064.83, z=0; VEL:0, y=0, z=0
+2e+10ns POS: x=1609.54, y=1788.16, z=0; VEL:16.6803, y=4.31749, z=0
+2e+10ns POS: x=1438.5, y=2104.35, z=0; VEL:14.8835, y=3.63086, z=0
+2e+10ns POS: x=1370.85, y=2068.17, z=0; VEL:-2.22053, y=7.84167, z=0
+2e+10ns POS: x=1260.71, y=2064.83, z=0; VEL:4.91489, y=1.39855, z=0
+2.1e+10ns POS: x=1626.22, y=1792.47, z=0; VEL:15.9205, y=4.1401, z=0
+2.1e+10ns POS: x=1453.38, y=2107.98, z=0; VEL:14.7854, y=3.61131, z=0
+2.1e+10ns POS: x=1368.63, y=2076.01, z=0; VEL:0.693561, y=8.62215, z=0
+2.1e+10ns POS: x=1265.62, y=2066.23, z=0; VEL:7.33132, y=2.07755, z=0
+2.19801e+10ns POS: x=1369.31, y=2084.46, z=0; VEL:0, y=0, z=0
+2.2e+10ns POS: x=1642.14, y=1796.61, z=0; VEL:15.9393, y=4.14722, z=0
+2.2e+10ns POS: x=1468.17, y=2111.59, z=0; VEL:15.029, y=3.66732, z=0
+2.2e+10ns POS: x=1369.31, y=2084.46, z=0; VEL:6.63723, y=4.53749, z=0
+2.2e+10ns POS: x=1272.96, y=2068.31, z=0; VEL:9.61083, y=3.41641, z=0
+2.29763e+10ns POS: x=1375.79, y=2088.89, z=0; VEL:0, y=0, z=0
+2.29993e+10ns POS: x=1282.56, y=2071.72, z=0; VEL:0, y=0, z=0
+2.3e+10ns POS: x=1658.08, y=1800.76, z=0; VEL:16.5972, y=4.31927, z=0
+2.3e+10ns POS: x=1483.2, y=2115.26, z=0; VEL:14.9714, y=3.65035, z=0
+2.3e+10ns POS: x=1375.79, y=2088.89, z=0; VEL:7.50229, y=1.98325, z=0
+2.3e+10ns POS: x=1282.56, y=2071.72, z=0; VEL:11.0232, y=5.27417, z=0
+2.3e+10ns POS: x=1238.33, y=2058.46, z=0; VEL:0, y=0, z=0
+2.39897e+10ns POS: x=1293.47, y=2076.94, z=0; VEL:0, y=0, z=0
+2.39984e+10ns POS: x=1383.28, y=2090.87, z=0; VEL:0, y=0, z=0
+2.4e+10ns POS: x=1674.68, y=1805.08, z=0; VEL:15.7495, y=4.08249, z=0
+2.4e+10ns POS: x=1498.17, y=2118.91, z=0; VEL:14.649, y=3.57974, z=0
+2.4e+10ns POS: x=1383.28, y=2090.87, z=0; VEL:9.91911, y=2.41978, z=0
+2.4e+10ns POS: x=1293.47, y=2076.94, z=0; VEL:13.4245, y=2.04916, z=0
+2.4e+10ns POS: x=1238.33, y=2058.46, z=0; VEL:2.26882, y=0.649662, z=0
+2.5e+10ns POS: x=1690.43, y=1809.16, z=0; VEL:12.283, y=3.18817, z=0
+2.5e+10ns POS: x=1512.82, y=2122.49, z=0; VEL:14.1165, y=3.4416, z=0
+2.5e+10ns POS: x=1393.2, y=2093.29, z=0; VEL:12.4256, y=3.03136, z=0
+2.5e+10ns POS: x=1306.89, y=2078.99, z=0; VEL:15.2014, y=1.82035, z=0
+2.5e+10ns POS: x=1240.6, y=2059.11, z=0; VEL:3.83062, y=1.08018, z=0
+2.59996e+10ns POS: x=1405.62, y=2096.32, z=0; VEL:0, y=0, z=0
+2.6e+10ns POS: x=1702.71, y=1812.35, z=0; VEL:8.57447, y=2.23114, z=0
+2.6e+10ns POS: x=1526.94, y=2125.93, z=0; VEL:15.1682, y=3.72955, z=0
+2.6e+10ns POS: x=1405.62, y=2096.32, z=0; VEL:14.1821, y=3.46807, z=0
+2.6e+10ns POS: x=1322.1, y=2080.81, z=0; VEL:12.1673, y=1.42087, z=0
+2.6e+10ns POS: x=1244.43, y=2060.19, z=0; VEL:5.87416, y=1.68119, z=0
+2.69994e+10ns POS: x=1250.3, y=2061.87, z=0; VEL:0, y=0, z=0
+2.69997e+10ns POS: x=1334.26, y=2082.23, z=0; VEL:0, y=0, z=0
+2.7e+10ns POS: x=1711.28, y=1814.58, z=0; VEL:4.65561, y=1.20888, z=0
+2.7e+10ns POS: x=1542.1, y=2129.66, z=0; VEL:14.7607, y=3.62773, z=0
+2.7e+10ns POS: x=1419.8, y=2099.79, z=0; VEL:15.7584, y=3.84205, z=0
+2.7e+10ns POS: x=1334.26, y=2082.23, z=0; VEL:8.64129, y=1.00898, z=0
+2.7e+10ns POS: x=1250.3, y=2061.87, z=0; VEL:7.57058, y=2.15016, z=0
+2.7e+10ns POS: x=1342.95, y=2089.68, z=0; VEL:0, y=0, z=0
+2.79999e+10ns POS: x=1257.87, y=2064.02, z=0; VEL:0, y=0, z=0
+2.8e+10ns POS: x=1435.56, y=2103.63, z=0; VEL:0, y=0, z=0
+2.8e+10ns POS: x=1715.94, y=1815.79, z=0; VEL:6.13608, y=2.083, z=0
+2.8e+10ns POS: x=1556.86, y=2133.29, z=0; VEL:14.0081, y=3.422, z=0
+2.8e+10ns POS: x=1435.56, y=2103.63, z=0; VEL:15.961, y=3.89779, z=0
+2.8e+10ns POS: x=1342.9, y=2083.24, z=0; VEL:4.17245, y=0.480296, z=0
+2.8e+10ns POS: x=1257.87, y=2064.02, z=0; VEL:9.72364, y=2.76819, z=0
+2.8e+10ns POS: x=1342.95, y=2089.68, z=0; VEL:-2.09534, y=-0.248263, z=0
+2.9e+10ns POS: x=1722.08, y=1817.88, z=0; VEL:5.31593, y=5.47337, z=0
+2.9e+10ns POS: x=1570.87, y=2136.71, z=0; VEL:14.371, y=3.53776, z=0
+2.9e+10ns POS: x=1451.52, y=2107.53, z=0; VEL:15.7869, y=3.85169, z=0
+2.9e+10ns POS: x=1347.07, y=2083.72, z=0; VEL:0.614749, y=0.0805227, z=0
+2.9e+10ns POS: x=1267.59, y=2066.79, z=0; VEL:11.1532, y=3.33088, z=0
+2.9e+10ns POS: x=1340.85, y=2089.43, z=0; VEL:-3.48716, y=-0.399731, z=0
+2.99546e+10ns POS: x=1727.15, y=1823.1, z=0; VEL:0, y=0, z=0
+3e+10ns POS: x=1727.15, y=1823.1, z=0; VEL:-1.76261, y=8.62167, z=0
+3e+10ns POS: x=1585.24, y=2140.25, z=0; VEL:14.3339, y=3.52096, z=0
+3e+10ns POS: x=1467.31, y=2111.38, z=0; VEL:15.1854, y=3.70132, z=0
+3e+10ns POS: x=1347.69, y=2083.8, z=0; VEL:0.0699997, y=0.000193677, z=0
+3e+10ns POS: x=1278.75, y=2070.12, z=0; VEL:11.9894, y=6.13973, z=0
+3e+10ns POS: x=1337.37, y=2089.03, z=0; VEL:-5.51192, y=-0.648995, z=0
+3.09928e+10ns POS: x=1725.4, y=1831.66, z=0; VEL:0, y=0, z=0
+3.09953e+10ns POS: x=1290.68, y=2076.23, z=0; VEL:0, y=0, z=0
+3.09998e+10ns POS: x=1482.49, y=2115.08, z=0; VEL:0, y=0, z=0
+3.1e+10ns POS: x=1725.4, y=1831.66, z=0; VEL:-2.75115, y=10.1643, z=0
+3.1e+10ns POS: x=1599.58, y=2143.77, z=0; VEL:14.791, y=3.63025, z=0
+3.1e+10ns POS: x=1482.49, y=2115.08, z=0; VEL:16.1156, y=3.93893, z=0
+3.1e+10ns POS: x=1347.76, y=2083.8, z=0; VEL:0, y=0, z=0
+3.1e+10ns POS: x=1290.68, y=2076.23, z=0; VEL:15.5823, y=2.67382, z=0
+3.1e+10ns POS: x=1331.86, y=2088.38, z=0; VEL:-7.72793, y=-0.898633, z=0
+3.19986e+10ns POS: x=1306.24, y=2078.9, z=0; VEL:0, y=0, z=0
+3.19996e+10ns POS: x=1722.65, y=1841.82, z=0; VEL:0, y=0, z=0
+3.2e+10ns POS: x=1722.65, y=1841.82, z=0; VEL:-3.14075, y=11.6128, z=0
+3.2e+10ns POS: x=1614.37, y=2147.4, z=0; VEL:14.0223, y=3.4481, z=0
+3.2e+10ns POS: x=1498.61, y=2119.02, z=0; VEL:16.0198, y=3.90994, z=0
+3.2e+10ns POS: x=1347.76, y=2083.8, z=0; VEL:0, y=0, z=0
+3.2e+10ns POS: x=1306.24, y=2078.9, z=0; VEL:14.2063, y=1.71955, z=0
+3.2e+10ns POS: x=1324.13, y=2087.48, z=0; VEL:-9.07848, y=-1.05864, z=0
+3.29998e+10ns POS: x=1719.51, y=1853.43, z=0; VEL:0, y=0, z=0
+3.3e+10ns POS: x=1719.51, y=1853.43, z=0; VEL:-4.60223, y=13.8767, z=0
+3.3e+10ns POS: x=1628.39, y=2150.85, z=0; VEL:14.4785, y=4.14453, z=0
+3.3e+10ns POS: x=1514.63, y=2122.93, z=0; VEL:15.5136, y=3.79087, z=0
+3.3e+10ns POS: x=1347.76, y=2083.8, z=0; VEL:0, y=0, z=0
+3.3e+10ns POS: x=1320.45, y=2080.62, z=0; VEL:10.4994, y=1.21994, z=0
+3.3e+10ns POS: x=1315.05, y=2086.43, z=0; VEL:-11.5332, y=-1.41763, z=0
+3.3e+10ns POS: x=1553.84, y=1471.94, z=0; VEL:-4.45976, y=16.8291, z=0
+3.39995e+10ns POS: x=1714.91, y=1867.3, z=0; VEL:0, y=0, z=0
+3.4e+10ns POS: x=1714.91, y=1867.3, z=0; VEL:-5.72888, y=16.0269, z=0
+3.4e+10ns POS: x=1642.87, y=2154.99, z=0; VEL:13.7652, y=5.59801, z=0
+3.4e+10ns POS: x=1530.14, y=2126.72, z=0; VEL:15.9272, y=3.90932, z=0
+3.4e+10ns POS: x=1347.76, y=2083.8, z=0; VEL:0, y=0, z=0
+3.4e+10ns POS: x=1330.95, y=2081.84, z=0; VEL:6.02836, y=0.7098, z=0
+3.4e+10ns POS: x=1303.52, y=2085.01, z=0; VEL:-13.2549, y=-2.16163, z=0
+3.4e+10ns POS: x=1549.38, y=1488.77, z=0; VEL:-4.18036, y=15.6513, z=0
+3.5e+10ns POS: x=1545.2, y=1504.42, z=0; VEL:0, y=0, z=0
+3.5e+10ns POS: x=1709.18, y=1883.33, z=0; VEL:-5.77986, y=16.3696, z=0
+3.5e+10ns POS: x=1656.63, y=2160.59, z=0; VEL:13.3479, y=6.8435, z=0
+3.5e+10ns POS: x=1546.07, y=2130.63, z=0; VEL:15.917, y=3.90925, z=0
+3.5e+10ns POS: x=1347.76, y=2083.8, z=0; VEL:0, y=0, z=0
+3.5e+10ns POS: x=1336.97, y=2082.55, z=0; VEL:2.31438, y=0.269354, z=0
+3.5e+10ns POS: x=1290.26, y=2082.85, z=0; VEL:-12.1909, y=-3.06367, z=0
+3.5e+10ns POS: x=1545.2, y=1504.42, z=0; VEL:-4.40044, y=16.4517, z=0
+3.59998e+10ns POS: x=1669.98, y=2167.43, z=0; VEL:0, y=0, z=0
+3.59999e+10ns POS: x=1540.8, y=1520.87, z=0; VEL:0, y=0, z=0
+3.6e+10ns POS: x=1703.4, y=1899.7, z=0; VEL:-5.02098, y=16.4926, z=0
+3.6e+10ns POS: x=1669.98, y=2167.43, z=0; VEL:13.9044, y=6.91722, z=0
+3.6e+10ns POS: x=1561.98, y=2134.54, z=0; VEL:15.1214, y=3.71036, z=0
+3.6e+10ns POS: x=1347.76, y=2083.8, z=0; VEL:0, y=0, z=0
+3.6e+10ns POS: x=1339.29, y=2082.82, z=0; VEL:0.5768, y=0.0608436, z=0
+3.6e+10ns POS: x=1278.07, y=2079.78, z=0; VEL:-13.2165, y=-3.7929, z=0
+3.6e+10ns POS: x=1540.8, y=1520.87, z=0; VEL:-4.42905, y=16.5165, z=0
+3.6e+10ns POS: x=1238.33, y=2058.46, z=0; VEL:0, y=0, z=0
+3.7e+10ns POS: x=1698.38, y=1916.19, z=0; VEL:-4.58864, y=16.0052, z=0
+3.7e+10ns POS: x=1683.88, y=2174.35, z=0; VEL:14.7494, y=4.49798, z=0
+3.7e+10ns POS: x=1577.1, y=2138.25, z=0; VEL:16.2371, y=3.98929, z=0
+3.7e+10ns POS: x=1347.76, y=2083.8, z=0; VEL:0, y=0, z=0
+3.7e+10ns POS: x=1339.87, y=2082.88, z=0; VEL:0.376768, y=0.0494524, z=0
+3.7e+10ns POS: x=1264.85, y=2075.99, z=0; VEL:-12.7919, y=-3.64111, z=0
+3.7e+10ns POS: x=1536.37, y=1537.39, z=0; VEL:-4.26247, y=15.9192, z=0
+3.7e+10ns POS: x=1238.33, y=2058.46, z=0; VEL:2.20151, y=0.630433, z=0
+3.79855e+10ns POS: x=1698.42, y=2178.78, z=0; VEL:0, y=0, z=0
+3.79993e+10ns POS: x=1240.53, y=2059.09, z=0; VEL:0, y=0, z=0
+3.79996e+10ns POS: x=1532.11, y=1553.3, z=0; VEL:0, y=0, z=0
+3.8e+10ns POS: x=1693.79, y=1932.19, z=0; VEL:-4.82029, y=16.771, z=0
+3.8e+10ns POS: x=1698.42, y=2178.78, z=0; VEL:14.9629, y=3.4701, z=0
+3.8e+10ns POS: x=1593.34, y=2142.24, z=0; VEL:15.2379, y=3.73948, z=0
+3.8e+10ns POS: x=1347.76, y=2083.8, z=0; VEL:0, y=0, z=0
+3.8e+10ns POS: x=1340.24, y=2082.93, z=0; VEL:0.0599928, y=0.000928739, z=0
+3.8e+10ns POS: x=1252.06, y=2072.35, z=0; VEL:-12.3974, y=-3.52926, z=0
+3.8e+10ns POS: x=1532.11, y=1553.3, z=0; VEL:-4.35921, y=16.2971, z=0
+3.8e+10ns POS: x=1240.53, y=2059.09, z=0; VEL:4.14755, y=1.17213, z=0
+3.89884e+10ns POS: x=1713.21, y=2182.21, z=0; VEL:0, y=0, z=0
+3.89982e+10ns POS: x=1244.67, y=2060.26, z=0; VEL:0, y=0, z=0
+3.9e+10ns POS: x=1688.97, y=1948.97, z=0; VEL:-4.41171, y=16.086, z=0
+3.9e+10ns POS: x=1713.21, y=2182.21, z=0; VEL:14.7467, y=4.64191, z=0
+3.9e+10ns POS: x=1608.58, y=2145.98, z=0; VEL:15.2093, y=3.72984, z=0
+3.9e+10ns POS: x=1347.76, y=2083.8, z=0; VEL:0, y=0, z=0
+3.9e+10ns POS: x=1340.3, y=2082.93, z=0; VEL:0, y=0, z=0
+3.9e+10ns POS: x=1239.66, y=2068.82, z=0; VEL:-13.2512, y=-3.70714, z=0
+3.9e+10ns POS: x=1527.75, y=1569.6, z=0; VEL:-4.22141, y=15.7853, z=0
+3.9e+10ns POS: x=1244.67, y=2060.26, z=0; VEL:6.38527, y=1.8215, z=0
+3.99867e+10ns POS: x=1727.76, y=2186.79, z=0; VEL:0, y=0, z=0
+3.99992e+10ns POS: x=1251.05, y=2062.08, z=0; VEL:0, y=0, z=0
+3.99999e+10ns POS: x=1523.53, y=1585.38, z=0; VEL:0, y=0, z=0
+3.99999e+10ns POS: x=1684.56, y=1965.05, z=0; VEL:0, y=0, z=0
+4e+10ns POS: x=1684.56, y=1965.05, z=0; VEL:-3.45149, y=16.227, z=0
+4e+10ns POS: x=1727.76, y=2186.79, z=0; VEL:14.3473, y=2.09862, z=0
+4e+10ns POS: x=1623.79, y=2149.71, z=0; VEL:15.2376, y=4.10177, z=0
+4e+10ns POS: x=1347.76, y=2083.8, z=0; VEL:0, y=0, z=0
+4e+10ns POS: x=1340.3, y=2082.93, z=0; VEL:0, y=0, z=0
+4e+10ns POS: x=1226.41, y=2065.11, z=0; VEL:-13.1841, y=-3.49698, z=0
+4e+10ns POS: x=1523.53, y=1585.38, z=0; VEL:-4.23802, y=15.8326, z=0
+4e+10ns POS: x=1251.05, y=2062.08, z=0; VEL:8.85939, y=2.51699, z=0
+4.09911e+10ns POS: x=1741.98, y=2188.87, z=0; VEL:0, y=0, z=0
+4.09996e+10ns POS: x=1681.11, y=1981.27, z=0; VEL:0, y=0, z=0
+4.1e+10ns POS: x=1681.11, y=1981.27, z=0; VEL:-1.68974, y=17.2374, z=0
+4.1e+10ns POS: x=1741.98, y=2188.87, z=0; VEL:15.2572, y=-0.290709, z=0
+4.1e+10ns POS: x=1639.03, y=2153.81, z=0; VEL:15.5918, y=5.89786, z=0
+4.1e+10ns POS: x=1347.76, y=2083.8, z=0; VEL:0, y=0, z=0
+4.1e+10ns POS: x=1340.3, y=2082.93, z=0; VEL:0, y=0, z=0
+4.1e+10ns POS: x=1213.23, y=2061.62, z=0; VEL:-13.3074, y=-3.46042, z=0
+4.1e+10ns POS: x=1519.29, y=1601.21, z=0; VEL:-4.42213, y=16.508, z=0
+4.1e+10ns POS: x=1259.91, y=2064.6, z=0; VEL:10.454, y=2.97829, z=0
+4.19976e+10ns POS: x=1757.2, y=2188.58, z=0; VEL:0, y=0, z=0
+4.19988e+10ns POS: x=1654.6, y=2159.7, z=0; VEL:0, y=0, z=0
+4.2e+10ns POS: x=1514.87, y=1617.72, z=0; VEL:0, y=0, z=0
+4.2e+10ns POS: x=1679.42, y=1998.51, z=0; VEL:-1.64012, y=17.0312, z=0
+4.2e+10ns POS: x=1757.2, y=2188.58, z=0; VEL:14.7601, y=-1.08663, z=0
+4.2e+10ns POS: x=1654.6, y=2159.7, z=0; VEL:14.6537, y=7.34183, z=0
+4.2e+10ns POS: x=1347.76, y=2083.8, z=0; VEL:1.84327, y=0.248892, z=0
+4.2e+10ns POS: x=1340.3, y=2082.93, z=0; VEL:0, y=0, z=0
+4.2e+10ns POS: x=1199.92, y=2058.16, z=0; VEL:-12.6953, y=-3.31121, z=0
+4.2e+10ns POS: x=1514.87, y=1617.72, z=0; VEL:-4.22133, y=15.775, z=0
+4.2e+10ns POS: x=1270.36, y=2067.58, z=0; VEL:11.8258, y=3.92447, z=0
+4.29939e+10ns POS: x=1771.87, y=2187.5, z=0; VEL:0, y=0, z=0
+4.29997e+10ns POS: x=1510.65, y=1633.49, z=0; VEL:0, y=0, z=0
+4.29998e+10ns POS: x=1669.25, y=2167.04, z=0; VEL:0, y=0, z=0
+4.3e+10ns POS: x=1677.78, y=2015.54, z=0; VEL:-1.59932, y=16.5529, z=0
+4.3e+10ns POS: x=1771.87, y=2187.5, z=0; VEL:14.3795, y=-1.07996, z=0
+4.3e+10ns POS: x=1349.6, y=2084.05, z=0; VEL:4.01941, y=0.639708, z=0
+4.3e+10ns POS: x=1340.3, y=2082.93, z=0; VEL:0.982906, y=0.118304, z=0
+4.3e+10ns POS: x=1187.23, y=2054.84, z=0; VEL:-13.2355, y=-3.45873, z=0
+4.3e+10ns POS: x=1510.65, y=1633.49, z=0; VEL:-4.21856, y=15.7446, z=0
+4.3e+10ns POS: x=1282.19, y=2071.5, z=0; VEL:13.4621, y=5.87945, z=0
+4.39865e+10ns POS: x=1295.47, y=2077.3, z=0; VEL:0, y=0, z=0
+4.4e+10ns POS: x=1676.18, y=2032.09, z=0; VEL:-1.61026, y=16.7227, z=0
+4.4e+10ns POS: x=1786.25, y=2186.42, z=0; VEL:14.4389, y=-1.08992, z=0
+4.4e+10ns POS: x=1353.62, y=2084.69, z=0; VEL:5.98324, y=1.0804, z=0
+4.4e+10ns POS: x=1341.28, y=2083.05, z=0; VEL:3.10923, y=0.35998, z=0
+4.4e+10ns POS: x=1173.99, y=2051.39, z=0; VEL:-13.2379, y=-3.44961, z=0
+4.4e+10ns POS: x=1506.43, y=1649.23, z=0; VEL:-3.04976, y=11.3991, z=0
+4.4e+10ns POS: x=1295.47, y=2077.3, z=0; VEL:14.0151, y=2.02073, z=0
+4.49996e+10ns POS: x=1309.48, y=2079.32, z=0; VEL:0, y=0, z=0
+4.5e+10ns POS: x=1674.57, y=2048.81, z=0; VEL:-1.52013, y=16.7411, z=0
+4.5e+10ns POS: x=1800.69, y=2185.33, z=0; VEL:14.678, y=-1.11061, z=0
+4.5e+10ns POS: x=1359.6, y=2085.77, z=0; VEL:8.50775, y=1.66947, z=0
+4.5e+10ns POS: x=1344.39, y=2083.41, z=0; VEL:4.90339, y=0.600309, z=0
+4.5e+10ns POS: x=1160.75, y=2047.94, z=0; VEL:-12.8584, y=-3.35944, z=0
+4.5e+10ns POS: x=1503.38, y=1660.63, z=0; VEL:-1.96996, y=7.32989, z=0
+4.5e+10ns POS: x=1309.48, y=2079.32, z=0; VEL:13.5168, y=1.58963, z=0
+4.59996e+10ns POS: x=1815.36, y=2184.22, z=0; VEL:0, y=0, z=0
+4.6e+10ns POS: x=1673.05, y=2065.56, z=0; VEL:-1.35987, y=17.5674, z=0
+4.6e+10ns POS: x=1815.36, y=2184.22, z=0; VEL:15.5353, y=-1.17964, z=0
+4.6e+10ns POS: x=1081.28, y=1585.76, z=0; VEL:7.73992, y=13.1399, z=0
+4.6e+10ns POS: x=1368.11, y=2087.44, z=0; VEL:10.5991, y=2.31963, z=0
+4.6e+10ns POS: x=1349.3, y=2084.01, z=0; VEL:6.77982, y=1.10946, z=0
+4.6e+10ns POS: x=1147.89, y=2044.58, z=0; VEL:-13.2276, y=-3.44948, z=0
+4.6e+10ns POS: x=1501.41, y=1667.96, z=0; VEL:-1.31645, y=4.27175, z=0
+4.6e+10ns POS: x=1323, y=2080.91, z=0; VEL:10.3092, y=1.20991, z=0
+4.69964e+10ns POS: x=1500.1, y=1672.22, z=0; VEL:0, y=0, z=0
+4.7e+10ns POS: x=1671.69, y=2083.12, z=0; VEL:-0.929899, y=17.255, z=0
+4.7e+10ns POS: x=1830.9, y=2183.04, z=0; VEL:14.9618, y=-1.06944, z=0
+4.7e+10ns POS: x=1089.02, y=1598.9, z=0; VEL:7.81363, y=13.479, z=0
+4.7e+10ns POS: x=1378.71, y=2089.76, z=0; VEL:12.8057, y=3.11874, z=0
+4.7e+10ns POS: x=1356.08, y=2085.12, z=0; VEL:9.00924, y=1.70952, z=0
+4.7e+10ns POS: x=1134.67, y=2041.13, z=0; VEL:-12.3204, y=-3.20327, z=0
+4.7e+10ns POS: x=1500.1, y=1672.22, z=0; VEL:-5.991, y=1.24992, z=0
+4.7e+10ns POS: x=1333.31, y=2082.12, z=0; VEL:10.1023, y=1.17143, z=0
+4.79281e+10ns POS: x=1494.54, y=1673.38, z=0; VEL:0, y=0, z=0
+4.79992e+10ns POS: x=1343.4, y=2083.29, z=0; VEL:0, y=0, z=0
+4.8e+10ns POS: x=1670.76, y=2100.38, z=0; VEL:-0.510668, y=17.2825, z=0
+4.8e+10ns POS: x=1845.86, y=2181.97, z=0; VEL:15.5225, y=-1.0795, z=0
+4.8e+10ns POS: x=1096.83, y=1612.38, z=0; VEL:7.63856, y=13.1875, z=0
+4.8e+10ns POS: x=1391.52, y=2092.88, z=0; VEL:15.1443, y=3.70104, z=0
+4.8e+10ns POS: x=1365.09, y=2086.83, z=0; VEL:10.4738, y=2.18845, z=0
+4.8e+10ns POS: x=1122.35, y=2037.92, z=0; VEL:-13.1241, y=-2.44538, z=0
+4.8e+10ns POS: x=1494.54, y=1673.38, z=0; VEL:-5.88191, y=-1.32817, z=0
+4.8e+10ns POS: x=1343.4, y=2083.29, z=0; VEL:8.82458, y=0.670348, z=0
+4.89995e+10ns POS: x=1352.22, y=2083.96, z=0; VEL:0, y=0, z=0
+4.9e+10ns POS: x=1670.25, y=2117.66, z=0; VEL:0, y=0, z=0
+4.9e+10ns POS: x=1670.25, y=2117.66, z=0; VEL:1.3405, y=16.6963, z=0
+4.9e+10ns POS: x=1861.38, y=2180.89, z=0; VEL:14.6345, y=-1.01962, z=0
+4.9e+10ns POS: x=1104.47, y=1625.57, z=0; VEL:7.75243, y=13.3642, z=0
+4.9e+10ns POS: x=1406.66, y=2096.58, z=0; VEL:17.5167, y=4.27163, z=0
+4.9e+10ns POS: x=1375.56, y=2089.02, z=0; VEL:12.1107, y=2.92953, z=0
+4.9e+10ns POS: x=1109.22, y=2035.48, z=0; VEL:-13.3424, y=-1.24137, z=0
+4.9e+10ns POS: x=1488.66, y=1672.05, z=0; VEL:-8.24236, y=-1.95047, z=0
+4.9e+10ns POS: x=1352.22, y=2083.96, z=0; VEL:8.49295, y=-1.79228, z=0
+4.9982e+10ns POS: x=1360.56, y=2082.2, z=0; VEL:0, y=0, z=0
+4.99996e+10ns POS: x=1671.59, y=2134.35, z=0; VEL:0, y=0, z=0
+5e+10ns POS: x=1671.59, y=2134.35, z=0; VEL:2.78345, y=14.0775, z=0
+5e+10ns POS: x=1876.01, y=2179.87, z=0; VEL:14.5514, y=-1.06002, z=0
+5e+10ns POS: x=1112.22, y=1638.93, z=0; VEL:7.6202, y=13.1403, z=0
+5e+10ns POS: x=1664.18, y=2168.01, z=0; VEL:0, y=0, z=0
+5e+10ns POS: x=1424.18, y=2100.85, z=0; VEL:16.5727, y=4.04822, z=0
+5e+10ns POS: x=1387.67, y=2091.95, z=0; VEL:14.2718, y=3.48039, z=0
+5e+10ns POS: x=1095.88, y=2034.24, z=0; VEL:-12.6126, y=-0.661923, z=0
+5e+10ns POS: x=1480.42, y=1670.1, z=0; VEL:-10.4257, y=-2.45135, z=0
+5e+10ns POS: x=1360.56, y=2082.2, z=0; VEL:4.67188, y=-6.17099, z=0
+5.09739e+10ns POS: x=1365.11, y=2076.19, z=0; VEL:0, y=0, z=0
+5.09988e+10ns POS: x=1674.37, y=2148.41, z=0; VEL:0, y=0, z=0
+5.1e+10ns POS: x=1674.37, y=2148.41, z=0; VEL:3.6098, y=13.9092, z=0
+5.1e+10ns POS: x=1890.57, y=2178.81, z=0; VEL:15.5282, y=-1.13986, z=0
+5.1e+10ns POS: x=1119.84, y=1652.07, z=0; VEL:7.50929, y=12.9388, z=0
+5.1e+10ns POS: x=1664.18, y=2168.01, z=0; VEL:-1.4994, y=-0.779686, z=0
+5.1e+10ns POS: x=1440.75, y=2104.9, z=0; VEL:16.4095, y=3.99989, z=0
+5.1e+10ns POS: x=1401.94, y=2095.43, z=0; VEL:16.2138, y=3.95848, z=0
+5.1e+10ns POS: x=1083.27, y=2033.57, z=0; VEL:-13.621, y=-0.718973, z=0
+5.1e+10ns POS: x=1469.99, y=1667.65, z=0; VEL:-12.3638, y=-2.85858, z=0
+5.1e+10ns POS: x=1365.11, y=2076.19, z=0; VEL:2.20247, y=-7.37829, z=0
+5.19989e+10ns POS: x=1367.31, y=2068.82, z=0; VEL:0, y=0, z=0
+5.2e+10ns POS: x=1677.98, y=2162.32, z=0; VEL:3.22645, y=9.32775, z=0
+5.2e+10ns POS: x=1906.09, y=2177.67, z=0; VEL:14.6123, y=-1.05021, z=0
+5.2e+10ns POS: x=1127.35, y=1665.01, z=0; VEL:7.44012, y=12.8402, z=0
+5.2e+10ns POS: x=1662.68, y=2167.23, z=0; VEL:-2.67677, y=-1.39831, z=0
+5.2e+10ns POS: x=1457.16, y=2108.9, z=0; VEL:17.4756, y=4.27136, z=0
+5.2e+10ns POS: x=1418.16, y=2099.38, z=0; VEL:16.2138, y=3.95848, z=0
+5.2e+10ns POS: x=1069.65, y=2032.86, z=0; VEL:-12.7825, y=-0.66913, z=0
+5.2e+10ns POS: x=1457.63, y=1664.79, z=0; VEL:-14.4307, y=-3.33017, z=0
+5.2e+10ns POS: x=1367.31, y=2068.82, z=0; VEL:2.89854, y=-9.44526, z=0
+5.2995e+10ns POS: x=1681.19, y=2171.6, z=0; VEL:0, y=0, z=0
+5.3e+10ns POS: x=1681.19, y=2171.6, z=0; VEL:7.8683, y=4.68992, z=0
+5.3e+10ns POS: x=1920.71, y=2176.62, z=0; VEL:14.8837, y=-1.03961, z=0
+5.3e+10ns POS: x=1134.79, y=1677.85, z=0; VEL:7.43059, y=12.811, z=0
+5.3e+10ns POS: x=1660, y=2165.83, z=0; VEL:-4.96204, y=-2.44112, z=0
+5.3e+10ns POS: x=1474.64, y=2113.17, z=0; VEL:16.6213, y=4.06031, z=0
+5.3e+10ns POS: x=1434.37, y=2103.34, z=0; VEL:16.2052, y=3.95129, z=0
+5.3e+10ns POS: x=1056.86, y=2032.19, z=0; VEL:-13.0318, y=-0.688973, z=0
+5.3e+10ns POS: x=1443.2, y=1661.46, z=0; VEL:-16.7405, y=-4.12003, z=0
+5.3e+10ns POS: x=1370.21, y=2059.37, z=0; VEL:3.60979, y=-11.7793, z=0
+5.39659e+10ns POS: x=1688.79, y=2176.13, z=0; VEL:0, y=0, z=0
+5.4e+10ns POS: x=1688.79, y=2176.13, z=0; VEL:10.5037, y=2.8748, z=0
+5.4e+10ns POS: x=1935.59, y=2175.58, z=0; VEL:14.873, y=-1.05019, z=0
+5.4e+10ns POS: x=1142.22, y=1690.66, z=0; VEL:7.29835, y=12.5872, z=0
+5.4e+10ns POS: x=1655.04, y=2163.39, z=0; VEL:-7.21525, y=-3.09236, z=0
+5.4e+10ns POS: x=1491.26, y=2117.23, z=0; VEL:17.0219, y=4.14802, z=0
+5.4e+10ns POS: x=1450.58, y=2107.29, z=0; VEL:15.7949, y=3.86118, z=0
+5.4e+10ns POS: x=1043.83, y=2031.5, z=0; VEL:-13.2326, y=-0.678817, z=0
+5.4e+10ns POS: x=1426.46, y=1657.34, z=0; VEL:-16.2566, y=-3.90921, z=0
+5.4e+10ns POS: x=1373.82, y=2047.6, z=0; VEL:2.66999, y=-8.70995, z=0
+5.49844e+10ns POS: x=1699.13, y=2178.96, z=0; VEL:0, y=0, z=0
+5.49995e+10ns POS: x=1647.83, y=2160.3, z=0; VEL:0, y=0, z=0
+5.5e+10ns POS: x=1699.13, y=2178.96, z=0; VEL:12.6771, y=2.78794, z=0
+5.5e+10ns POS: x=1149.52, y=1703.25, z=0; VEL:7.80029, y=13.4405, z=0
+5.5e+10ns POS: x=1647.83, y=2160.3, z=0; VEL:-9.17731, y=-3.2626, z=0
+5.5e+10ns POS: x=1508.28, y=2121.38, z=0; VEL:16.9334, y=4.13083, z=0
+5.5e+10ns POS: x=1466.37, y=2111.16, z=0; VEL:15.7099, y=3.82998, z=0
+5.5e+10ns POS: x=1030.6, y=2030.82, z=0; VEL:-13.4762, y=-0.609945, z=0
+5.5e+10ns POS: x=1410.2, y=1653.43, z=0; VEL:-16.8905, y=-4.01014, z=0
+5.5e+10ns POS: x=1376.49, y=2038.89, z=0; VEL:1.34941, y=-4.40808, z=0
+5.50018e+10ns POS: x=1950.49, y=2174.53, z=0; VEL:0, y=0, z=0
+5.599e+10ns POS: x=1711.68, y=2181.72, z=0; VEL:0, y=0, z=0
+5.59992e+10ns POS: x=1638.66, y=2157.04, z=0; VEL:0, y=0, z=0
+5.6e+10ns POS: x=1711.68, y=2181.72, z=0; VEL:14.3983, y=4.54951, z=0
+5.6e+10ns POS: x=1157.32, y=1716.69, z=0; VEL:7.21898, y=12.4482, z=0
+5.6e+10ns POS: x=1638.66, y=2157.04, z=0; VEL:-11.3761, y=-3.17171, z=0
+5.6e+10ns POS: x=1525.21, y=2125.51, z=0; VEL:17.2387, y=4.22967, z=0
+5.6e+10ns POS: x=1482.08, y=2114.99, z=0; VEL:16.5157, y=4.02894, z=0
+5.6e+10ns POS: x=1017.12, y=2030.21, z=0; VEL:-13.7561, y=-0.619417, z=0
+5.6e+10ns POS: x=1393.31, y=1649.42, z=0; VEL:-16.0641, y=-3.81098, z=0
+5.6e+10ns POS: x=1377.84, y=2034.48, z=0; VEL:1.90018, y=-5.69116, z=0
+5.69869e+10ns POS: x=1725.89, y=2186.21, z=0; VEL:0, y=0, z=0
+5.69995e+10ns POS: x=1627.29, y=2153.87, z=0; VEL:0, y=0, z=0
+5.7e+10ns POS: x=1164.54, y=1729.14, z=0; VEL:7.55782, y=13.0262, z=0
+5.7e+10ns POS: x=1627.29, y=2153.87, z=0; VEL:-12.8084, y=-3.14962, z=0
+5.7e+10ns POS: x=1542.45, y=2129.74, z=0; VEL:16.3244, y=4.01109, z=0
+5.7e+10ns POS: x=1498.6, y=2119.01, z=0; VEL:15.4747, y=3.78115, z=0
+5.7e+10ns POS: x=1003.37, y=2029.59, z=0; VEL:-13.2464, y=-0.599342, z=0
+5.7e+10ns POS: x=1377.24, y=1645.61, z=0; VEL:-15.7642, y=-3.55453, z=0
+5.7e+10ns POS: x=1379.74, y=2028.79, z=0; VEL:2.58004, y=-7.53027, z=0
+5.79962e+10ns POS: x=1361.54, y=1642.07, z=0; VEL:0, y=0, z=0
+5.8e+10ns POS: x=1172.1, y=1742.16, z=0; VEL:7.81865, y=13.4877, z=0
+5.8e+10ns POS: x=1614.48, y=2150.72, z=0; VEL:-13.3346, y=-3.27114, z=0
+5.8e+10ns POS: x=1809.85, y=1829.43, z=0; VEL:0, y=0, z=0
+5.8e+10ns POS: x=1558.78, y=2133.75, z=0; VEL:16.402, y=4.0305, z=0
+5.8e+10ns POS: x=1514.07, y=2122.8, z=0; VEL:16.5048, y=4.03118, z=0
+5.8e+10ns POS: x=990.121, y=2028.99, z=0; VEL:-13.1909, y=-0.490691, z=0
+5.8e+10ns POS: x=1361.54, y=1642.07, z=0; VEL:-12.2399, y=11.9413, z=0
+5.8e+10ns POS: x=1382.32, y=2021.26, z=0; VEL:3.60538, y=-8.99429, z=0
+5.88374e+10ns POS: x=1351.29, y=1652.07, z=0; VEL:0, y=0, z=0
+5.89991e+10ns POS: x=1385.92, y=2012.27, z=0; VEL:0, y=0, z=0
+5.89998e+10ns POS: x=1601.15, y=2147.45, z=0; VEL:0, y=0, z=0
+5.9e+10ns POS: x=1179.92, y=1755.65, z=0; VEL:7.26231, y=12.504, z=0
+5.9e+10ns POS: x=1601.15, y=2147.45, z=0; VEL:-13.4875, y=-3.31939, z=0
+5.9e+10ns POS: x=1809.85, y=1829.43, z=0; VEL:-2.50207, y=-0.199368, z=0
+5.9e+10ns POS: x=1575.18, y=2137.78, z=0; VEL:16.898, y=4.1495, z=0
+5.9e+10ns POS: x=1530.58, y=2126.83, z=0; VEL:15.8417, y=3.8804, z=0
+5.9e+10ns POS: x=976.93, y=2028.5, z=0; VEL:-13.253, y=-0.430623, z=0
+5.9e+10ns POS: x=1351.29, y=1652.07, z=0; VEL:-3.21148, y=16.3475, z=0
+5.9e+10ns POS: x=1385.92, y=2012.27, z=0; VEL:5.45013, y=-9.86453, z=0
+5.99945e+10ns POS: x=1391.34, y=2002.46, z=0; VEL:0, y=0, z=0
+5.99995e+10ns POS: x=1348.08, y=1668.41, z=0; VEL:0, y=0, z=0
+6e+10ns POS: x=1187.18, y=1768.15, z=0; VEL:7.37706, y=12.7149, z=0
+6e+10ns POS: x=1587.66, y=2144.13, z=0; VEL:-13.5875, y=-3.33183, z=0
+6e+10ns POS: x=1807.35, y=1829.23, z=0; VEL:-4.01723, y=-0.320576, z=0
+6e+10ns POS: x=1592.08, y=2141.93, z=0; VEL:17.5024, y=4.28813, z=0
+6e+10ns POS: x=1546.42, y=2130.71, z=0; VEL:16.1675, y=3.97936, z=0
+6e+10ns POS: x=963.677, y=2028.07, z=0; VEL:-12.8632, y=-0.419102, z=0
+6e+10ns POS: x=1348.08, y=1668.41, z=0; VEL:-3.25875, y=16.6236, z=0
+6e+10ns POS: x=1391.34, y=2002.46, z=0; VEL:9.88791, y=-4.77385, z=0
+6.09112e+10ns POS: x=1400.35, y=1998.11, z=0; VEL:0, y=0, z=0
+6.09996e+10ns POS: x=1574.08, y=2140.8, z=0; VEL:0, y=0, z=0
+6.1e+10ns POS: x=1194.56, y=1780.87, z=0; VEL:7.46145, y=12.8625, z=0
+6.1e+10ns POS: x=1574.08, y=2140.8, z=0; VEL:-12.9631, y=-3.19076, z=0
+6.1e+10ns POS: x=1803.33, y=1828.91, z=0; VEL:-6.19141, y=-0.480111, z=0
+6.1e+10ns POS: x=1609.58, y=2146.22, z=0; VEL:17.4504, y=4.29009, z=0
+6.1e+10ns POS: x=1562.58, y=2134.69, z=0; VEL:16.6263, y=4.08157, z=0
+6.1e+10ns POS: x=950.814, y=2027.65, z=0; VEL:-13.5826, y=-0.448955, z=0
+6.1e+10ns POS: x=1344.82, y=1685.03, z=0; VEL:-3.32934, y=16.9766, z=0
+6.1e+10ns POS: x=1400.35, y=1998.11, z=0; VEL:12.5619, y=3.22792, z=0
+6.19998e+10ns POS: x=1561.12, y=2137.61, z=0; VEL:0, y=0, z=0
+6.19999e+10ns POS: x=1797.14, y=1828.43, z=0; VEL:0, y=0, z=0
+6.2e+10ns POS: x=1202.02, y=1793.73, z=0; VEL:7.70842, y=13.2973, z=0
+6.2e+10ns POS: x=1561.12, y=2137.61, z=0; VEL:-13.531, y=-3.31024, z=0
+6.2e+10ns POS: x=1797.14, y=1828.43, z=0; VEL:-8.63252, y=-0.689402, z=0
+6.2e+10ns POS: x=1627.03, y=2150.51, z=0; VEL:16.2421, y=4.633, z=0
+6.2e+10ns POS: x=1579.21, y=2138.77, z=0; VEL:15.5477, y=3.81944, z=0
+6.2e+10ns POS: x=937.231, y=2027.2, z=0; VEL:-13.203, y=-0.429612, z=0
+6.2e+10ns POS: x=1341.49, y=1702.01, z=0; VEL:-3.33137, y=17.017, z=0
+6.2e+10ns POS: x=1412.91, y=2001.34, z=0; VEL:13.3641, y=3.44105, z=0
+6.29999e+10ns POS: x=1547.59, y=2134.3, z=0; VEL:0, y=0, z=0
+6.3e+10ns POS: x=1643.27, y=2155.14, z=0; VEL:0, y=0, z=0
+6.3e+10ns POS: x=1209.73, y=1807.03, z=0; VEL:7.26368, y=12.5263, z=0
+6.3e+10ns POS: x=1547.59, y=2134.3, z=0; VEL:-13.1183, y=-3.22958, z=0
+6.3e+10ns POS: x=1788.51, y=1827.74, z=0; VEL:-10.5975, y=-0.830599, z=0
+6.3e+10ns POS: x=1643.27, y=2155.14, z=0; VEL:12.1337, y=4.91148, z=0
+6.3e+10ns POS: x=1594.76, y=2142.59, z=0; VEL:15.7623, y=3.86812, z=0
+6.3e+10ns POS: x=924.028, y=2026.77, z=0; VEL:-12.621, y=-0.477491, z=0
+6.3e+10ns POS: x=1338.16, y=1719.03, z=0; VEL:-3.09885, y=16.074, z=0
+6.3e+10ns POS: x=1426.28, y=2004.78, z=0; VEL:13.047, y=3.34923, z=0
+6.39997e+10ns POS: x=1655.4, y=2160.05, z=0; VEL:0, y=0, z=0
+6.4e+10ns POS: x=1777.91, y=1826.91, z=0; VEL:0, y=0, z=0
+6.4e+10ns POS: x=1216.99, y=1819.56, z=0; VEL:7.31968, y=12.6095, z=0
+6.4e+10ns POS: x=1534.47, y=2131.07, z=0; VEL:-12.9163, y=-3.17155, z=0
+6.4e+10ns POS: x=1777.91, y=1826.91, z=0; VEL:-12.3035, y=-1.18034, z=0
+6.4e+10ns POS: x=1655.4, y=2160.05, z=0; VEL:8.50804, y=4.20397, z=0
+6.4e+10ns POS: x=1610.52, y=2146.46, z=0; VEL:16.2856, y=4.00138, z=0
+6.4e+10ns POS: x=911.407, y=2026.29, z=0; VEL:-13.1009, y=-0.489091, z=0
+6.4e+10ns POS: x=1335.06, y=1735.1, z=0; VEL:-3.28873, y=16.424, z=0
+6.4e+10ns POS: x=1439.32, y=2008.13, z=0; VEL:13.3932, y=3.44825, z=0
+6.49991e+10ns POS: x=1663.9, y=2164.25, z=0; VEL:0, y=0, z=0
+6.49996e+10ns POS: x=1521.56, y=2127.9, z=0; VEL:0, y=0, z=0
+6.49997e+10ns POS: x=1765.61, y=1825.73, z=0; VEL:0, y=0, z=0
+6.5e+10ns POS: x=1224.31, y=1832.17, z=0; VEL:5.06345, y=8.71595, z=0
+6.5e+10ns POS: x=1521.56, y=2127.9, z=0; VEL:-13.632, y=-3.31805, z=0
+6.5e+10ns POS: x=1765.61, y=1825.73, z=0; VEL:-14.578, y=-2.03972, z=0
+6.5e+10ns POS: x=1663.9, y=2164.25, z=0; VEL:4.42245, y=2.31128, z=0
+6.5e+10ns POS: x=1626.81, y=2150.46, z=0; VEL:14.4565, y=4.00138, z=0
+6.5e+10ns POS: x=898.306, y=2025.8, z=0; VEL:-13.1667, y=-1.57036, z=0
+6.5e+10ns POS: x=1331.77, y=1751.53, z=0; VEL:-3.30056, y=16.4828, z=0
+6.5e+10ns POS: x=1452.72, y=2011.58, z=0; VEL:13.7158, y=3.51893, z=0
+6.59994e+10ns POS: x=1668.32, y=2166.56, z=0; VEL:0, y=0, z=0
+6.6e+10ns POS: x=1229.37, y=1840.88, z=0; VEL:6.34736, y=10.9654, z=0
+6.6e+10ns POS: x=1507.93, y=2124.58, z=0; VEL:-13.5515, y=-3.31037, z=0
+6.6e+10ns POS: x=1751.03, y=1823.69, z=0; VEL:-10.6665, y=-1.48951, z=0
+6.6e+10ns POS: x=1668.32, y=2166.56, z=0; VEL:0.60413, y=0.312134, z=0
+6.6e+10ns POS: x=1641.26, y=2154.46, z=0; VEL:10.6299, y=4.06309, z=0
+6.6e+10ns POS: x=1328.47, y=1768.01, z=0; VEL:-3.22988, y=16.1094, z=0
+6.6e+10ns POS: x=1466.43, y=2015.1, z=0; VEL:13.3641, y=3.44104, z=0
+6.60281e+10ns POS: x=884.77, y=2024.19, z=0; VEL:0, y=0, z=0
+6.69932e+10ns POS: x=1668.92, y=2166.87, z=0; VEL:0, y=0, z=0
+6.69997e+10ns POS: x=1651.89, y=2158.52, z=0; VEL:0, y=0, z=0
+6.7e+10ns POS: x=1235.72, y=1851.85, z=0; VEL:7.21965, y=12.4594, z=0
+6.7e+10ns POS: x=1494.38, y=2121.27, z=0; VEL:-13.1252, y=-3.20128, z=0
+6.7e+10ns POS: x=1740.37, y=1822.2, z=0; VEL:-6.63504, y=-0.930704, z=0
+6.7e+10ns POS: x=1668.92, y=2166.87, z=0; VEL:0.405334, y=0.217496, z=0
+6.7e+10ns POS: x=1651.89, y=2158.52, z=0; VEL:6.89096, y=3.06043, z=0
+6.7e+10ns POS: x=1325.24, y=1784.12, z=0; VEL:-3.26938, y=16.3768, z=0
+6.7e+10ns POS: x=1479.8, y=2018.54, z=0; VEL:13.3744, y=3.44114, z=0
+6.79999e+10ns POS: x=1658.78, y=2161.58, z=0; VEL:0, y=0, z=0
+6.8e+10ns POS: x=1242.94, y=1864.31, z=0; VEL:7.52764, y=12.9859, z=0
+6.8e+10ns POS: x=1481.25, y=2118.07, z=0; VEL:-13.7764, y=-3.35912, z=0
+6.8e+10ns POS: x=1733.73, y=1821.27, z=0; VEL:-5.94831, y=1.98254, z=0
+6.8e+10ns POS: x=1940.02, y=1836.82, z=0; VEL:-16.0183, y=2.35177, z=0
+6.8e+10ns POS: x=1669.33, y=2167.09, z=0; VEL:0, y=0, z=0
+6.8e+10ns POS: x=1658.78, y=2161.58, z=0; VEL:2.84469, y=1.48722, z=0
+6.8e+10ns POS: x=1321.97, y=1800.49, z=0; VEL:-2.40029, y=11.9615, z=0
+6.8e+10ns POS: x=1493.17, y=2021.98, z=0; VEL:13.5018, y=3.46789, z=0
+6.89432e+10ns POS: x=1728.12, y=1823.14, z=0; VEL:0, y=0, z=0
+6.89907e+10ns POS: x=1924.15, y=1839.15, z=0; VEL:0, y=0, z=0
+6.9e+10ns POS: x=1250.47, y=1877.29, z=0; VEL:7.61951, y=13.1292, z=0
+6.9e+10ns POS: x=1467.47, y=2114.71, z=0; VEL:-12.736, y=-3.10903, z=0
+6.9e+10ns POS: x=1728.12, y=1823.14, z=0; VEL:-2.14012, y=6.37011, z=0
+6.9e+10ns POS: x=1924.15, y=1839.15, z=0; VEL:-16.2229, y=-0.480678, z=0
+6.9e+10ns POS: x=1669.33, y=2167.09, z=0; VEL:0, y=0, z=0
+6.9e+10ns POS: x=1661.62, y=2163.07, z=0; VEL:1.05414, y=0.552164, z=0
+6.9e+10ns POS: x=1319.57, y=1812.46, z=0; VEL:-7.23812, y=7.22928, z=0
+6.9e+10ns POS: x=1506.67, y=2025.45, z=0; VEL:13.7152, y=3.52133, z=0
+6.99758e+10ns POS: x=1312.51, y=1819.51, z=0; VEL:0, y=0, z=0
+6.99953e+10ns POS: x=1725.99, y=1829.48, z=0; VEL:0, y=0, z=0
+6.99986e+10ns POS: x=1907.95, y=1838.67, z=0; VEL:0, y=0, z=0
+7e+10ns POS: x=1258.09, y=1890.42, z=0; VEL:7.24915, y=12.4885, z=0
+7e+10ns POS: x=1454.74, y=2111.6, z=0; VEL:-13.4739, y=-3.29096, z=0
+7e+10ns POS: x=1725.99, y=1829.48, z=0; VEL:-2.3905, y=8.82185, z=0
+7e+10ns POS: x=1907.95, y=1838.67, z=0; VEL:-16.2206, y=-2.35009, z=0
+7e+10ns POS: x=1669.33, y=2167.09, z=0; VEL:0, y=0, z=0
+7e+10ns POS: x=1662.68, y=2163.62, z=0; VEL:0.00885833, y=0.00464003, z=0
+7e+10ns POS: x=1312.51, y=1819.51, z=0; VEL:-9.6734, y=5.80204, z=0
+7e+10ns POS: x=1520.39, y=2028.97, z=0; VEL:13.4805, y=3.47013, z=0
+7.01318e+10ns POS: x=1662.68, y=2163.62, z=0; VEL:0, y=0, z=0
+7.09996e+10ns POS: x=1302.84, y=1825.31, z=0; VEL:0, y=0, z=0
+7.09998e+10ns POS: x=1723.6, y=1838.3, z=0; VEL:0, y=0, z=0
+7.1e+10ns POS: x=1891.73, y=1836.32, z=0; VEL:0, y=0, z=0
+7.1e+10ns POS: x=1265.34, y=1902.91, z=0; VEL:7.31153, y=12.6026, z=0
+7.1e+10ns POS: x=1441.26, y=2108.31, z=0; VEL:-13.1252, y=-3.20128, z=0
+7.1e+10ns POS: x=1723.6, y=1838.3, z=0; VEL:-2.92049, y=10.7918, z=0
+7.1e+10ns POS: x=1891.73, y=1836.32, z=0; VEL:-16.2073, y=-1.63972, z=0
+7.1e+10ns POS: x=1669.33, y=2167.09, z=0; VEL:0, y=0, z=0
+7.1e+10ns POS: x=1662.68, y=2163.62, z=0; VEL:0, y=0, z=0
+7.1e+10ns POS: x=1302.84, y=1825.31, z=0; VEL:-11.3209, y=6.67055, z=0
+7.1e+10ns POS: x=1533.87, y=2032.44, z=0; VEL:13.9377, y=3.57942, z=0
+7.19998e+10ns POS: x=1720.68, y=1849.09, z=0; VEL:0, y=0, z=0
+7.19999e+10ns POS: x=1291.52, y=1831.98, z=0; VEL:0, y=0, z=0
+7.2e+10ns POS: x=1428.14, y=2105.11, z=0; VEL:0, y=0, z=0
+7.2e+10ns POS: x=1272.65, y=1915.51, z=0; VEL:7.35937, y=12.6789, z=0
+7.2e+10ns POS: x=1428.14, y=2105.11, z=0; VEL:-13.6114, y=-3.31792, z=0
+7.2e+10ns POS: x=1720.68, y=1849.09, z=0; VEL:-3.7629, y=12.5897, z=0
+7.2e+10ns POS: x=1875.52, y=1834.68, z=0; VEL:-16.2372, y=-1.42979, z=0
+7.2e+10ns POS: x=1669.33, y=2167.09, z=0; VEL:0, y=0, z=0
+7.2e+10ns POS: x=1662.68, y=2163.62, z=0; VEL:0, y=0, z=0
+7.2e+10ns POS: x=1291.52, y=1831.98, z=0; VEL:-13.3053, y=7.85313, z=0
+7.2e+10ns POS: x=1547.81, y=2036.02, z=0; VEL:13.181, y=3.39025, z=0
+7.29992e+10ns POS: x=1716.92, y=1861.67, z=0; VEL:0, y=0, z=0
+7.29996e+10ns POS: x=1278.22, y=1839.83, z=0; VEL:0, y=0, z=0
+7.3e+10ns POS: x=1280.01, y=1928.19, z=0; VEL:7.47844, y=12.8873, z=0
+7.3e+10ns POS: x=1414.53, y=2101.79, z=0; VEL:-13.0762, y=-3.1915, z=0
+7.3e+10ns POS: x=1716.92, y=1861.67, z=0; VEL:-5.09906, y=14.2874, z=0
+7.3e+10ns POS: x=1859.29, y=1833.25, z=0; VEL:-16.4169, y=-1.44061, z=0
+7.3e+10ns POS: x=1940.02, y=1836.82, z=0; VEL:-16.1078, y=2.36167, z=0
+7.3e+10ns POS: x=1669.33, y=2167.09, z=0; VEL:0, y=0, z=0
+7.3e+10ns POS: x=1662.68, y=2163.62, z=0; VEL:0, y=0, z=0
+7.3e+10ns POS: x=1278.22, y=1839.83, z=0; VEL:-13.1355, y=7.74734, z=0
+7.3e+10ns POS: x=1560.99, y=2039.41, z=0; VEL:13.7134, y=3.5283, z=0
+7.39908e+10ns POS: x=1924.06, y=1839.16, z=0; VEL:0, y=0, z=0
+7.39999e+10ns POS: x=1842.87, y=1831.81, z=0; VEL:0, y=0, z=0
+7.4e+10ns POS: x=1287.49, y=1941.08, z=0; VEL:7.54083, y=13.0014, z=0
+7.4e+10ns POS: x=1401.45, y=2098.6, z=0; VEL:-12.0666, y=-2.94161, z=0
+7.4e+10ns POS: x=1711.82, y=1875.96, z=0; VEL:-5.73794, y=16.0342, z=0
+7.4e+10ns POS: x=1842.87, y=1831.81, z=0; VEL:-16.1878, y=-1.16984, z=0
+7.4e+10ns POS: x=1924.06, y=1839.16, z=0; VEL:-16.939, y=-0.611045, z=0
+7.4e+10ns POS: x=1669.33, y=2167.09, z=0; VEL:0, y=0, z=0
+7.4e+10ns POS: x=1662.68, y=2163.62, z=0; VEL:0, y=0, z=0
+7.4e+10ns POS: x=1265.08, y=1847.58, z=0; VEL:-9.25755, y=5.46445, z=0
+7.4e+10ns POS: x=1574.7, y=2042.93, z=0; VEL:13.9456, y=3.58887, z=0
+7.49983e+10ns POS: x=1907.15, y=1838.55, z=0; VEL:0, y=0, z=0
+7.49996e+10ns POS: x=1389.39, y=2095.66, z=0; VEL:0, y=0, z=0
+7.49997e+10ns POS: x=1255.83, y=1853.04, z=0; VEL:0, y=0, z=0
+7.5e+10ns POS: x=1295.03, y=1954.08, z=0; VEL:7.75508, y=12.6993, z=0
+7.5e+10ns POS: x=1389.39, y=2095.66, z=0; VEL:-8.37254, y=-2.05062, z=0
+7.5e+10ns POS: x=1706.08, y=1891.99, z=0; VEL:-5.54099, y=16.6523, z=0
+7.5e+10ns POS: x=1826.68, y=1830.64, z=0; VEL:-16.3583, y=-1.16916, z=0
+7.5e+10ns POS: x=1907.15, y=1838.55, z=0; VEL:-17.1861, y=-2.45087, z=0
+7.5e+10ns POS: x=1669.33, y=2167.09, z=0; VEL:0, y=0, z=0
+7.5e+10ns POS: x=1662.68, y=2163.62, z=0; VEL:0, y=0, z=0
+7.5e+10ns POS: x=1255.83, y=1853.04, z=0; VEL:-5.53053, y=3.26031, z=0
+7.5e+10ns POS: x=1588.65, y=2046.52, z=0; VEL:13.5502, y=3.48008, z=0
+7.59996e+10ns POS: x=1889.97, y=1836.1, z=0; VEL:0, y=0, z=0
+7.59997e+10ns POS: x=1381.02, y=2093.61, z=0; VEL:0, y=0, z=0
+7.59999e+10ns POS: x=1250.3, y=1856.3, z=0; VEL:0, y=0, z=0
+7.6e+10ns POS: x=1302.78, y=1966.78, z=0; VEL:7.46285, y=9.10158, z=0
+7.6e+10ns POS: x=1381.02, y=2093.61, z=0; VEL:-4.00395, y=-0.970959, z=0
+7.6e+10ns POS: x=1700.54, y=1908.64, z=0; VEL:-4.89087, y=17.0421, z=0
+7.6e+10ns POS: x=1810.32, y=1829.47, z=0; VEL:-16.2488, y=-1.29059, z=0
+7.6e+10ns POS: x=1889.97, y=1836.1, z=0; VEL:-16.2342, y=-1.57041, z=0
+7.6e+10ns POS: x=1198.29, y=1787.3, z=0; VEL:0, y=0, z=0
+7.6e+10ns POS: x=1669.33, y=2167.09, z=0; VEL:0, y=0, z=0
+7.6e+10ns POS: x=1662.68, y=2163.62, z=0; VEL:0, y=0, z=0
+7.6e+10ns POS: x=1250.3, y=1856.3, z=0; VEL:-3.07773, y=1.82865, z=0
+7.6e+10ns POS: x=1602.2, y=2050, z=0; VEL:13.9577, y=3.58198, z=0
+7.69911e+10ns POS: x=1310.18, y=1975.8, z=0; VEL:0, y=0, z=0
+7.6999e+10ns POS: x=1377.02, y=2092.64, z=0; VEL:0, y=0, z=0
+7.69997e+10ns POS: x=1873.74, y=1834.53, z=0; VEL:0, y=0, z=0
+7.7e+10ns POS: x=1310.18, y=1975.8, z=0; VEL:0.984999, y=12.2304, z=0
+7.7e+10ns POS: x=1377.02, y=2092.64, z=0; VEL:0, y=0, z=0
+7.7e+10ns POS: x=1695.65, y=1925.69, z=0; VEL:-4.72852, y=16.4748, z=0
+7.7e+10ns POS: x=1794.08, y=1828.18, z=0; VEL:-16.2898, y=-1.27999, z=0
+7.7e+10ns POS: x=1873.74, y=1834.53, z=0; VEL:-16.9738, y=-1.50034, z=0
+7.7e+10ns POS: x=1198.29, y=1787.3, z=0; VEL:0.740744, y=1.28129, z=0
+7.7e+10ns POS: x=1669.33, y=2167.09, z=0; VEL:0, y=0, z=0
+7.7e+10ns POS: x=1662.68, y=2163.62, z=0; VEL:0, y=0, z=0
+7.7e+10ns POS: x=1247.22, y=1858.13, z=0; VEL:-4.58973, y=2.70985, z=0
+7.7e+10ns POS: x=1616.15, y=2053.59, z=0; VEL:13.0834, y=3.36828, z=0
+7.79746e+10ns POS: x=1311.14, y=1987.72, z=0; VEL:0, y=0, z=0
+7.7999e+10ns POS: x=1199.03, y=1788.58, z=0; VEL:0, y=0, z=0
+7.79998e+10ns POS: x=1856.77, y=1833.03, z=0; VEL:0, y=0, z=0
+7.8e+10ns POS: x=1311.14, y=1987.72, z=0; VEL:-3.89919, y=13.2273, z=0
+7.8e+10ns POS: x=1377.02, y=2092.64, z=0; VEL:0, y=0, z=0
+7.8e+10ns POS: x=1690.92, y=1942.16, z=0; VEL:-4.76974, y=16.6191, z=0
+7.8e+10ns POS: x=1777.79, y=1826.9, z=0; VEL:-16.9212, y=-1.83106, z=0
+7.8e+10ns POS: x=1856.77, y=1833.03, z=0; VEL:-17.2375, y=-1.46978, z=0
+7.8e+10ns POS: x=1199.03, y=1788.58, z=0; VEL:1.48149, y=2.56258, z=0
+7.8e+10ns POS: x=1669.33, y=2167.09, z=0; VEL:0, y=0, z=0
+7.8e+10ns POS: x=1662.68, y=2163.62, z=0; VEL:0, y=0, z=0
+7.8e+10ns POS: x=1242.63, y=1860.84, z=0; VEL:-6.60331, y=3.90195, z=0
+7.8e+10ns POS: x=1629.24, y=2056.95, z=0; VEL:13.9656, y=3.59145, z=0
+7.8999e+10ns POS: x=1200.51, y=1791.14, z=0; VEL:0, y=0, z=0
+7.89997e+10ns POS: x=1760.87, y=1825.07, z=0; VEL:0, y=0, z=0
+7.89999e+10ns POS: x=1236.03, y=1864.74, z=0; VEL:0, y=0, z=0
+7.9e+10ns POS: x=1307.24, y=2000.95, z=0; VEL:-4.23224, y=14.3176, z=0
+7.9e+10ns POS: x=1377.02, y=2092.64, z=0; VEL:0, y=0, z=0
+7.9e+10ns POS: x=1686.15, y=1958.78, z=0; VEL:-3.83285, y=16.4699, z=0
+7.9e+10ns POS: x=1760.87, y=1825.07, z=0; VEL:-14.8148, y=-2.07927, z=0
+7.9e+10ns POS: x=1839.53, y=1831.56, z=0; VEL:-16.3976, y=-1.17986, z=0
+7.9e+10ns POS: x=1200.51, y=1791.14, z=0; VEL:2.26941, y=3.90899, z=0
+7.9e+10ns POS: x=1669.33, y=2167.09, z=0; VEL:0, y=0, z=0
+7.9e+10ns POS: x=1662.68, y=2163.62, z=0; VEL:0, y=0, z=0
+7.9e+10ns POS: x=1236.03, y=1864.74, z=0; VEL:-8.57059, y=5.05445, z=0
+7.9e+10ns POS: x=1643.2, y=2060.55, z=0; VEL:13.8504, y=3.55754, z=0
+7.99997e+10ns POS: x=1303.01, y=2015.26, z=0; VEL:0, y=0, z=0
+8e+10ns POS: x=1303.01, y=2015.26, z=0; VEL:-4.35963, y=14.7387, z=0
+8e+10ns POS: x=1377.02, y=2092.64, z=0; VEL:0, y=0, z=0
+8e+10ns POS: x=1682.32, y=1975.25, z=0; VEL:-2.35454, y=17.6839, z=0
+8e+10ns POS: x=1746.06, y=1822.99, z=0; VEL:-10.359, y=-1.44987, z=0
+8e+10ns POS: x=1823.13, y=1830.38, z=0; VEL:-17.3937, y=-1.27026, z=0
+8e+10ns POS: x=1202.78, y=1795.05, z=0; VEL:3.47309, y=5.98532, z=0
+8e+10ns POS: x=1669.33, y=2167.09, z=0; VEL:0, y=0, z=0
+8e+10ns POS: x=1662.68, y=2163.62, z=0; VEL:0, y=0, z=0
+8e+10ns POS: x=1227.46, y=1869.79, z=0; VEL:-10.026, y=5.91352, z=0
+8.0002e+10ns POS: x=1657.08, y=2064.11, z=0; VEL:0, y=0, z=0
+8.09981e+10ns POS: x=1679.97, y=1992.9, z=0; VEL:0, y=0, z=0
+8.09993e+10ns POS: x=1206.25, y=1801.03, z=0; VEL:0, y=0, z=0
+8.1e+10ns POS: x=1298.65, y=2030, z=0; VEL:-4.17908, y=14.1769, z=0
+8.1e+10ns POS: x=1377.02, y=2092.64, z=0; VEL:0, y=0, z=0
+8.1e+10ns POS: x=1679.97, y=1992.9, z=0; VEL:-1.71972, y=17.8072, z=0
+8.1e+10ns POS: x=1735.7, y=1821.54, z=0; VEL:-6.1463, y=0.213305, z=0
+8.1e+10ns POS: x=1805.74, y=1829.11, z=0; VEL:-16.9865, y=-1.34971, z=0
+8.1e+10ns POS: x=1206.25, y=1801.03, z=0; VEL:4.55335, y=7.85579, z=0
+8.1e+10ns POS: x=1669.33, y=2167.09, z=0; VEL:0, y=0, z=0
+8.1e+10ns POS: x=1662.68, y=2163.62, z=0; VEL:0, y=0, z=0
+8.1e+10ns POS: x=1217.43, y=1875.71, z=0; VEL:-11.525, y=6.79703, z=0
+8.19805e+10ns POS: x=1729.67, y=1821.75, z=0; VEL:0, y=0, z=0
+8.19993e+10ns POS: x=1210.8, y=1808.88, z=0; VEL:0, y=0, z=0
+8.2e+10ns POS: x=1294.47, y=2044.18, z=0; VEL:-3.48885, y=11.8261, z=0
+8.2e+10ns POS: x=1377.02, y=2092.64, z=0; VEL:0, y=0, z=0
+8.2e+10ns POS: x=1678.25, y=2010.71, z=0; VEL:-1.7396, y=17.9459, z=0
+8.2e+10ns POS: x=1729.67, y=1821.75, z=0; VEL:-2.89445, y=4.64145, z=0
+8.2e+10ns POS: x=1788.75, y=1827.76, z=0; VEL:-17.0767, y=-1.35053, z=0
+8.2e+10ns POS: x=1210.8, y=1808.88, z=0; VEL:5.57873, y=9.60781, z=0
+8.2e+10ns POS: x=1669.33, y=2167.09, z=0; VEL:0, y=0, z=0
+8.2e+10ns POS: x=1662.68, y=2163.62, z=0; VEL:0, y=0, z=0
+8.2e+10ns POS: x=1205.91, y=1882.5, z=0; VEL:-12.9966, y=7.66796, z=0
+8.29674e+10ns POS: x=1726.87, y=1826.24, z=0; VEL:0, y=0, z=0
+8.29999e+10ns POS: x=1771.68, y=1826.41, z=0; VEL:0, y=0, z=0
+8.3e+10ns POS: x=1290.98, y=2056, z=0; VEL:-2.29206, y=7.48701, z=0
+8.3e+10ns POS: x=1377.02, y=2092.64, z=0; VEL:0, y=0, z=0
+8.3e+10ns POS: x=1676.51, y=2028.65, z=0; VEL:-1.48985, y=15.4684, z=0
+8.3e+10ns POS: x=1726.87, y=1826.24, z=0; VEL:-1.89914, y=6.99684, z=0
+8.3e+10ns POS: x=1771.68, y=1826.41, z=0; VEL:-16.6994, y=-2.17123, z=0
+8.3e+10ns POS: x=1216.38, y=1818.49, z=0; VEL:6.75223, y=11.6438, z=0
+8.3e+10ns POS: x=1669.33, y=2167.09, z=0; VEL:0, y=0, z=0
+8.3e+10ns POS: x=1662.68, y=2163.62, z=0; VEL:0, y=0, z=0
+8.3e+10ns POS: x=1192.91, y=1890.17, z=0; VEL:-14.6809, y=8.65055, z=0
+8.39994e+10ns POS: x=1754.99, y=1824.24, z=0; VEL:0, y=0, z=0
+8.39999e+10ns POS: x=1223.13, y=1830.13, z=0; VEL:0, y=0, z=0
+8.4e+10ns POS: x=1288.69, y=2063.49, z=0; VEL:-1.66299, y=5.91051, z=0
+8.4e+10ns POS: x=1377.02, y=2092.64, z=0; VEL:0, y=0, z=0
+8.4e+10ns POS: x=1675.02, y=2044.12, z=0; VEL:-1.0599, y=10.989, z=0
+8.4e+10ns POS: x=1724.97, y=1833.24, z=0; VEL:-2.49951, y=9.24818, z=0
+8.4e+10ns POS: x=1754.99, y=1824.24, z=0; VEL:-12.2209, y=-1.71013, z=0
+8.4e+10ns POS: x=1223.13, y=1830.13, z=0; VEL:5.2494, y=9.05896, z=0
+8.4e+10ns POS: x=1669.33, y=2167.09, z=0; VEL:0, y=0, z=0
+8.4e+10ns POS: x=1662.68, y=2163.62, z=0; VEL:0, y=0, z=0
+8.4e+10ns POS: x=1178.23, y=1898.82, z=0; VEL:-14.1388, y=8.34928, z=0
+8.49984e+10ns POS: x=1287.03, y=2069.39, z=0; VEL:0, y=0, z=0
+8.49999e+10ns POS: x=1742.77, y=1822.53, z=0; VEL:0, y=0, z=0
+8.5e+10ns POS: x=1287.03, y=2069.39, z=0; VEL:1.39756, y=5.87609, z=0
+8.5e+10ns POS: x=1377.02, y=2092.64, z=0; VEL:-2.11452, y=-0.388991, z=0
+8.5e+10ns POS: x=1673.96, y=2055.11, z=0; VEL:-0.799951, y=6.58156, z=0
+8.5e+10ns POS: x=1722.47, y=1842.49, z=0; VEL:-3.01954, y=11.1483, z=0
+8.5e+10ns POS: x=1742.77, y=1822.53, z=0; VEL:-8.35854, y=-1.1698, z=0
+8.5e+10ns POS: x=1228.38, y=1839.19, z=0; VEL:3.00064, y=5.16111, z=0
+8.5e+10ns POS: x=1669.33, y=2167.09, z=0; VEL:0, y=0, z=0
+8.5e+10ns POS: x=1662.68, y=2163.62, z=0; VEL:0, y=0, z=0
+8.5e+10ns POS: x=1164.09, y=1907.17, z=0; VEL:-14.9296, y=8.79978, z=0
+8.59445e+10ns POS: x=1288.35, y=2074.94, z=0; VEL:0, y=0, z=0
+8.6e+10ns POS: x=1231.38, y=1844.35, z=0; VEL:0, y=0, z=0
+8.6e+10ns POS: x=1288.35, y=2074.94, z=0; VEL:5.83772, y=2.14697, z=0
+8.6e+10ns POS: x=1374.91, y=2092.25, z=0; VEL:-3.55777, y=-0.479968, z=0
+8.6e+10ns POS: x=1673.16, y=2061.69, z=0; VEL:-4.96482, y=6.72608, z=0
+8.6e+10ns POS: x=1719.45, y=1853.63, z=0; VEL:-4.35221, y=13.1379, z=0
+8.6e+10ns POS: x=1734.41, y=1821.36, z=0; VEL:-6.37522, y=1.58791, z=0
+8.6e+10ns POS: x=1231.38, y=1844.35, z=0; VEL:0.992052, y=1.71354, z=0
+8.6e+10ns POS: x=1553.84, y=1471.94, z=0; VEL:-4.14026, y=15.631, z=0
+8.6e+10ns POS: x=1669.33, y=2167.09, z=0; VEL:0, y=0, z=0
+8.6e+10ns POS: x=1662.68, y=2163.62, z=0; VEL:0, y=0, z=0
+8.6e+10ns POS: x=1149.16, y=1915.97, z=0; VEL:-5.25548, y=16.0094, z=0
+8.69408e+10ns POS: x=1668.49, y=2068.02, z=0; VEL:0, y=0, z=0
+8.69445e+10ns POS: x=1728.39, y=1822.86, z=0; VEL:0, y=0, z=0
+8.69781e+10ns POS: x=1294.06, y=2077.04, z=0; VEL:0, y=0, z=0
+8.69861e+10ns POS: x=1143.98, y=1931.76, z=0; VEL:0, y=0, z=0
+8.69979e+10ns POS: x=1232.37, y=1846.06, z=0; VEL:0, y=0, z=0
+8.69999e+10ns POS: x=1715.1, y=1866.77, z=0; VEL:0, y=0, z=0
+8.69999e+10ns POS: x=1549.7, y=1487.57, z=0; VEL:0, y=0, z=0
+8.7e+10ns POS: x=1294.06, y=2077.04, z=0; VEL:8.36704, y=1.37951, z=0
+8.7e+10ns POS: x=1371.35, y=2091.77, z=0; VEL:-6.00855, y=-0.371092, z=0
+8.7e+10ns POS: x=1668.49, y=2068.02, z=0; VEL:-8.67999, y=0.010152, z=0
+8.7e+10ns POS: x=1715.1, y=1866.77, z=0; VEL:-5.46717, y=15.2921, z=0
+8.7e+10ns POS: x=1728.39, y=1822.86, z=0; VEL:-2.20188, y=5.82792, z=0
+8.7e+10ns POS: x=1232.37, y=1846.06, z=0; VEL:0.299142, y=0.508541, z=0
+8.7e+10ns POS: x=1549.7, y=1487.57, z=0; VEL:-4.17085, y=15.6332, z=0
+8.7e+10ns POS: x=1669.33, y=2167.09, z=0; VEL:0, y=0, z=0
+8.7e+10ns POS: x=1662.68, y=2163.62, z=0; VEL:0, y=0, z=0
+8.7e+10ns POS: x=1143.98, y=1931.76, z=0; VEL:-4.66957, y=16.4085, z=0
+8.7985e+10ns POS: x=1659.94, y=2068.03, z=0; VEL:0, y=0, z=0
+8.79901e+10ns POS: x=1726.21, y=1828.63, z=0; VEL:0, y=0, z=0
+8.79998e+10ns POS: x=1545.53, y=1503.2, z=0; VEL:0, y=0, z=0
+8.79999e+10ns POS: x=1365.34, y=2091.4, z=0; VEL:0, y=0, z=0
+8.8e+10ns POS: x=1302.43, y=2078.42, z=0; VEL:10.9144, y=1.36942, z=0
+8.8e+10ns POS: x=1365.34, y=2091.4, z=0; VEL:-8.01002, y=-0.400001, z=0
+8.8e+10ns POS: x=1659.94, y=2068.03, z=0; VEL:-8.29779, y=-2.01946, z=0
+8.8e+10ns POS: x=1709.63, y=1882.06, z=0; VEL:-5.48965, y=15.369, z=0
+8.8e+10ns POS: x=1726.21, y=1828.63, z=0; VEL:-2.23837, y=8.31395, z=0
+8.8e+10ns POS: x=1232.67, y=1846.57, z=0; VEL:1.19649, y=1.96428, z=0
+8.8e+10ns POS: x=1545.53, y=1503.2, z=0; VEL:-4.17024, y=15.5609, z=0
+8.8e+10ns POS: x=1669.33, y=2167.09, z=0; VEL:0, y=0, z=0
+8.8e+10ns POS: x=1662.68, y=2163.62, z=0; VEL:0, y=0, z=0
+8.8e+10ns POS: x=1139.31, y=1948.17, z=0; VEL:-4.47048, y=15.8517, z=0
+8.89999e+10ns POS: x=1541.36, y=1518.76, z=0; VEL:0, y=0, z=0
+8.9e+10ns POS: x=1134.84, y=1964.02, z=0; VEL:0, y=0, z=0
+8.9e+10ns POS: x=1357.33, y=2091, z=0; VEL:0, y=0, z=0
+8.9e+10ns POS: x=1313.34, y=2079.79, z=0; VEL:12.9824, y=1.51036, z=0
+8.9e+10ns POS: x=1357.33, y=2091, z=0; VEL:-10.2958, y=-0.84047, z=0
+8.9e+10ns POS: x=1651.64, y=2066.01, z=0; VEL:-9.78296, y=-2.51073, z=0
+8.9e+10ns POS: x=1704.14, y=1897.43, z=0; VEL:-4.88935, y=15.7066, z=0
+8.9e+10ns POS: x=1723.97, y=1836.94, z=0; VEL:-2.74853, y=10.1546, z=0
+8.9e+10ns POS: x=1233.87, y=1848.53, z=0; VEL:2.37748, y=3.5469, z=0
+8.9e+10ns POS: x=1541.36, y=1518.76, z=0; VEL:-4.17033, y=15.5712, z=0
+8.9e+10ns POS: x=1669.33, y=2167.09, z=0; VEL:0, y=0, z=0
+8.9e+10ns POS: x=1662.68, y=2163.62, z=0; VEL:0, y=0, z=0
+8.9e+10ns POS: x=1134.84, y=1964.02, z=0; VEL:-4.65157, y=16.4656, z=0
+8.99994e+10ns POS: x=1347.04, y=2090.16, z=0; VEL:0, y=0, z=0
+8.99997e+10ns POS: x=1130.19, y=1980.48, z=0; VEL:0, y=0, z=0
+8.99999e+10ns POS: x=1537.19, y=1534.33, z=0; VEL:0, y=0, z=0
+8.99999e+10ns POS: x=1641.86, y=2063.5, z=0; VEL:0, y=0, z=0
+9e+10ns POS: x=1326.32, y=2081.3, z=0; VEL:13.5973, y=1.59084, z=0
+9e+10ns POS: x=1347.04, y=2090.16, z=0; VEL:-12.256, y=-1.43719, z=0
+9e+10ns POS: x=1641.86, y=2063.5, z=0; VEL:-11.6523, y=-2.9906, z=0
+9e+10ns POS: x=1699.25, y=1913.14, z=0; VEL:-4.47078, y=15.5917, z=0
+9e+10ns POS: x=1721.22, y=1847.1, z=0; VEL:-3.35191, y=11.9072, z=0
+9e+10ns POS: x=1236.24, y=1852.08, z=0; VEL:4.74618, y=3.95806, z=0
+9e+10ns POS: x=1537.19, y=1534.33, z=0; VEL:-4.21182, y=15.7568, z=0
+9e+10ns POS: x=1669.33, y=2167.09, z=0; VEL:0, y=0, z=0
+9e+10ns POS: x=1662.68, y=2163.62, z=0; VEL:0, y=0, z=0
+9e+10ns POS: x=1130.19, y=1980.48, z=0; VEL:-4.53786, y=16.0924, z=0
+9.09854e+10ns POS: x=1240.92, y=1855.98, z=0; VEL:0, y=0, z=0
+9.09996e+10ns POS: x=1532.98, y=1550.08, z=0; VEL:0, y=0, z=0
+9.09998e+10ns POS: x=1630.21, y=2060.51, z=0; VEL:0, y=0, z=0
+9.09999e+10ns POS: x=1339.92, y=2082.89, z=0; VEL:0, y=0, z=0
+9.1e+10ns POS: x=1339.92, y=2082.89, z=0; VEL:9.13207, y=1.03023, z=0
+9.1e+10ns POS: x=1334.78, y=2088.72, z=0; VEL:-12.9827, y=-1.50802, z=0
+9.1e+10ns POS: x=1630.21, y=2060.51, z=0; VEL:-13.9353, y=-3.58879, z=0
+9.1e+10ns POS: x=1694.78, y=1928.73, z=0; VEL:-4.68985, y=16.3195, z=0
+9.1e+10ns POS: x=1717.87, y=1859.01, z=0; VEL:-4.87806, y=13.6655, z=0
+9.1e+10ns POS: x=1240.92, y=1855.98, z=0; VEL:8.24626, y=-2.61184, z=0
+9.1e+10ns POS: x=1532.98, y=1550.08, z=0; VEL:-3.98862, y=14.8849, z=0
+9.1e+10ns POS: x=1134.36, y=2031.14, z=0; VEL:0, y=0, z=0
+9.1e+10ns POS: x=1669.33, y=2167.09, z=0; VEL:2.24281, y=1.08161, z=0
+9.1e+10ns POS: x=1662.68, y=2163.62, z=0; VEL:0, y=0, z=0
+9.10005e+10ns POS: x=1125.65, y=1996.58, z=0; VEL:0, y=0, z=0
+9.19495e+10ns POS: x=1248.75, y=1853.5, z=0; VEL:0, y=0, z=0
+9.19998e+10ns POS: x=1349.05, y=2083.92, z=0; VEL:0, y=0, z=0
+9.2e+10ns POS: x=1349.05, y=2083.92, z=0; VEL:9.17713, y=-0.777381, z=0
+9.2e+10ns POS: x=1321.8, y=2087.21, z=0; VEL:-14.17, y=-1.68631, z=0
+9.2e+10ns POS: x=1616.27, y=2056.92, z=0; VEL:-15.5567, y=-3.98915, z=0
+9.2e+10ns POS: x=1690.09, y=1945.05, z=0; VEL:-4.3882, y=15.3137, z=0
+9.2e+10ns POS: x=1712.99, y=1872.67, z=0; VEL:-4.30154, y=12.0343, z=0
+9.2e+10ns POS: x=1248.75, y=1853.5, z=0; VEL:9.35185, y=-5.52109, z=0
+9.2e+10ns POS: x=1528.99, y=1564.96, z=0; VEL:-4.00089, y=14.9333, z=0
+9.2e+10ns POS: x=1134.36, y=2031.14, z=0; VEL:2.43998, y=0.629995, z=0
+9.2e+10ns POS: x=1671.57, y=2168.17, z=0; VEL:4.85414, y=0.591098, z=0
+9.2e+10ns POS: x=1662.68, y=2163.62, z=0; VEL:1.5641, y=0.806958, z=0
+9.29151e+10ns POS: x=1676.01, y=2168.71, z=0; VEL:0, y=0, z=0
+9.29905e+10ns POS: x=1358.14, y=2083.15, z=0; VEL:0, y=0, z=0
+9.29998e+10ns POS: x=1258.1, y=1847.98, z=0; VEL:0, y=0, z=0
+9.3e+10ns POS: x=1358.14, y=2083.15, z=0; VEL:6.50541, y=-5.53274, z=0
+9.3e+10ns POS: x=1307.63, y=2085.53, z=0; VEL:-13.1527, y=-1.90564, z=0
+9.3e+10ns POS: x=1600.72, y=2052.93, z=0; VEL:-16.8604, y=-4.34008, z=0
+9.3e+10ns POS: x=1685.71, y=1960.36, z=0; VEL:-3.52217, y=15.505, z=0
+9.3e+10ns POS: x=1708.69, y=1884.71, z=0; VEL:-3.09157, y=8.65438, z=0
+9.3e+10ns POS: x=1258.1, y=1847.98, z=0; VEL:11.585, y=-6.83297, z=0
+9.3e+10ns POS: x=1524.99, y=1579.9, z=0; VEL:-3.93815, y=14.7431, z=0
+9.3e+10ns POS: x=1136.8, y=2031.77, z=0; VEL:4.40213, y=1.15056, z=0
+9.3e+10ns POS: x=1676.01, y=2168.71, z=0; VEL:-0.814659, y=-4.39514, z=0
+9.3e+10ns POS: x=1664.24, y=2164.43, z=0; VEL:3.8341, y=2.0121, z=0
+9.39561e+10ns POS: x=1364.36, y=2077.86, z=0; VEL:0, y=0, z=0
+9.39943e+10ns POS: x=1675.2, y=2164.34, z=0; VEL:0, y=0, z=0
+9.39995e+10ns POS: x=1141.2, y=2032.92, z=0; VEL:0, y=0, z=0
+9.39996e+10ns POS: x=1269.68, y=1841.15, z=0; VEL:0, y=0, z=0
+9.4e+10ns POS: x=1364.36, y=2077.86, z=0; VEL:2.7185, y=-8.29594, z=0
+9.4e+10ns POS: x=1294.48, y=2083.62, z=0; VEL:-13.1313, y=-2.86416, z=0
+9.4e+10ns POS: x=1583.86, y=2048.59, z=0; VEL:-17.1726, y=-4.41068, z=0
+9.4e+10ns POS: x=1682.18, y=1975.87, z=0; VEL:-2.15495, y=16.3385, z=0
+9.4e+10ns POS: x=1705.6, y=1893.36, z=0; VEL:-2.05044, y=5.21111, z=0
+9.4e+10ns POS: x=1269.68, y=1841.15, z=0; VEL:13.1689, y=-7.76937, z=0
+9.4e+10ns POS: x=1521.05, y=1594.64, z=0; VEL:-4.07117, y=15.2044, z=0
+9.4e+10ns POS: x=1141.2, y=2032.92, z=0; VEL:5.65971, y=1.47992, z=0
+9.4e+10ns POS: x=1675.2, y=2164.34, z=0; VEL:-1.4704, y=-5.64153, z=0
+9.4e+10ns POS: x=1668.08, y=2166.44, z=0; VEL:3.43358, y=1.69688, z=0
+9.49969e+10ns POS: x=1367.07, y=2069.59, z=0; VEL:0, y=0, z=0
+9.4999e+10ns POS: x=1680.03, y=1992.19, z=0; VEL:0, y=0, z=0
+9.49997e+10ns POS: x=1673.73, y=2158.7, z=0; VEL:0, y=0, z=0
+9.49998e+10ns POS: x=1703.55, y=1898.57, z=0; VEL:0, y=0, z=0
+9.5e+10ns POS: x=1367.07, y=2069.59, z=0; VEL:3.20931, y=-10.4378, z=0
+9.5e+10ns POS: x=1281.35, y=2080.76, z=0; VEL:-12.9351, y=-3.75829, z=0
+9.5e+10ns POS: x=1566.69, y=2044.18, z=0; VEL:-16.4729, y=-4.24074, z=0
+9.5e+10ns POS: x=1680.03, y=1992.19, z=0; VEL:-1.55954, y=16.2252, z=0
+9.5e+10ns POS: x=1703.55, y=1898.57, z=0; VEL:-5.7515, y=2.89721, z=0
+9.5e+10ns POS: x=1282.85, y=1833.38, z=0; VEL:12.0087, y=-7.07922, z=0
+9.5e+10ns POS: x=1516.98, y=1609.85, z=0; VEL:-4.13151, y=15.4056, z=0
+9.5e+10ns POS: x=1146.86, y=2034.4, z=0; VEL:7.20109, y=1.87028, z=0
+9.5e+10ns POS: x=1673.73, y=2158.7, z=0; VEL:-2.04967, y=-7.90871, z=0
+9.5e+10ns POS: x=1671.51, y=2168.14, z=0; VEL:4.12187, y=0.993875, z=0
+9.59319e+10ns POS: x=1698.19, y=1901.27, z=0; VEL:0, y=0, z=0
+9.597e+10ns POS: x=1675.51, y=2169.1, z=0; VEL:0, y=0, z=0
+9.59999e+10ns POS: x=1154.06, y=2036.27, z=0; VEL:0, y=0, z=0
+9.59999e+10ns POS: x=1512.85, y=1625.25, z=0; VEL:0, y=0, z=0
+9.6e+10ns POS: x=1370.28, y=2059.15, z=0; VEL:3.81636, y=-12.4481, z=0
+9.6e+10ns POS: x=1268.41, y=2077, z=0; VEL:-12.8874, y=-3.67066, z=0
+9.6e+10ns POS: x=1678.47, y=2008.42, z=0; VEL:-1.61022, y=16.6423, z=0
+9.6e+10ns POS: x=1698.19, y=1901.27, z=0; VEL:-7.0704, y=-1.46215, z=0
+9.6e+10ns POS: x=1294.86, y=1826.3, z=0; VEL:8.15377, y=-4.81632, z=0
+9.6e+10ns POS: x=1512.85, y=1625.25, z=0; VEL:-4.15122, y=15.5246, z=0
+9.6e+10ns POS: x=1154.06, y=2036.27, z=0; VEL:8.49504, y=2.21871, z=0
+9.6e+10ns POS: x=1671.68, y=2150.79, z=0; VEL:-2.18138, y=-9.62593, z=0
+9.6e+10ns POS: x=1675.51, y=2169.1, z=0; VEL:-0.0882712, y=-4.25909, z=0
+9.60001e+10ns POS: x=1550.21, y=2039.94, z=0; VEL:0, y=0, z=0
+9.69063e+10ns POS: x=1675.43, y=2165.24, z=0; VEL:0, y=0, z=0
+9.69985e+10ns POS: x=1691.13, y=1899.81, z=0; VEL:0, y=0, z=0
+9.69995e+10ns POS: x=1669.5, y=2141.17, z=0; VEL:0, y=0, z=0
+9.69997e+10ns POS: x=1508.7, y=1640.77, z=0; VEL:0, y=0, z=0
+9.7e+10ns POS: x=1255.52, y=2073.33, z=0; VEL:-12.5908, y=-3.58035, z=0
+9.7e+10ns POS: x=1676.86, y=2025.06, z=0; VEL:-1.48983, y=15.4282, z=0
+9.7e+10ns POS: x=1691.13, y=1899.81, z=0; VEL:-8.83764, y=-2.12703, z=0
+9.7e+10ns POS: x=1303.01, y=1821.49, z=0; VEL:5.57337, y=-3.2861, z=0
+9.7e+10ns POS: x=1508.7, y=1640.77, z=0; VEL:-3.81928, y=14.2573, z=0
+9.7e+10ns POS: x=1162.56, y=2038.49, z=0; VEL:10.0255, y=2.61143, z=0
+9.7e+10ns POS: x=1669.5, y=2141.17, z=0; VEL:-1.72959, y=-11.2073, z=0
+9.7e+10ns POS: x=1675.43, y=2165.24, z=0; VEL:-1.56998, y=-6.05993, z=0
+9.70011e+10ns POS: x=1374.1, y=2046.69, z=0; VEL:0, y=0, z=0
+9.79999e+10ns POS: x=1172.58, y=2041.1, z=0; VEL:0, y=0, z=0
+9.8e+10ns POS: x=1242.93, y=2069.75, z=0; VEL:-13.3083, y=-3.76274, z=0
+9.8e+10ns POS: x=1675.37, y=2040.49, z=0; VEL:-1.08977, y=11.2976, z=0
+9.8e+10ns POS: x=1682.29, y=1897.68, z=0; VEL:-11.3069, y=-2.80665, z=0
+9.8e+10ns POS: x=1308.58, y=1818.2, z=0; VEL:8.19803, y=0.179846, z=0
+9.8e+10ns POS: x=1504.88, y=1655.03, z=0; VEL:-2.65997, y=9.9299, z=0
+9.8e+10ns POS: x=1172.58, y=2041.1, z=0; VEL:11.4747, y=2.99861, z=0
+9.8e+10ns POS: x=1667.77, y=2129.96, z=0; VEL:-0.720278, y=-13.1102, z=0
+9.8e+10ns POS: x=1673.86, y=2159.18, z=0; VEL:-2.00847, y=-7.7541, z=0
+9.89509e+10ns POS: x=1316.38, y=1818.37, z=0; VEL:0, y=0, z=0
+9.9e+10ns POS: x=1229.63, y=2065.99, z=0; VEL:-12.7514, y=-3.41198, z=0
+9.9e+10ns POS: x=1674.28, y=2051.78, z=0; VEL:-0.750387, y=7.80401, z=0
+9.9e+10ns POS: x=1670.99, y=1894.88, z=0; VEL:-13.0019, y=-3.28291, z=0
+9.9e+10ns POS: x=1316.38, y=1818.37, z=0; VEL:7.40955, y=6.73043, z=0
+9.9e+10ns POS: x=1502.22, y=1664.96, z=0; VEL:-1.49549, y=5.58318, z=0
+9.9e+10ns POS: x=1184.05, y=2044.1, z=0; VEL:13.8285, y=3.60222, z=0
+9.9e+10ns POS: x=1667.05, y=2116.85, z=0; VEL:0.419911, y=-14.814, z=0
+9.9e+10ns POS: x=1671.85, y=2151.43, z=0; VEL:-2.36074, y=-10.2825, z=0
+9.99866e+10ns POS: x=1323.69, y=1825.01, z=0; VEL:0, y=0, z=0
+9.99998e+10ns POS: x=1197.88, y=2047.7, z=0; VEL:0, y=0, z=0
+9.99999e+10ns POS: x=1667.47, y=2102.04, z=0; VEL:0, y=0, z=0
+1e+11ns POS: x=1216.87, y=2062.57, z=0; VEL:-13.488, y=-3.52083, z=0
+1e+11ns POS: x=1673.53, y=2059.59, z=0; VEL:-0.772966, y=3.46483, z=0
+1e+11ns POS: x=1657.98, y=1891.59, z=0; VEL:-14.3504, y=-3.62011, z=0
+1e+11ns POS: x=1323.69, y=1825.01, z=0; VEL:6.11042, y=9.11063, z=0
+1e+11ns POS: x=1500.73, y=1670.54, z=0; VEL:-3.72644, y=3.40825, z=0
+1e+11ns POS: x=1197.88, y=2047.7, z=0; VEL:14.9036, y=3.87834, z=0
+1e+11ns POS: x=886.67, y=2014.6, z=0; VEL:13.4871, y=1.66954, z=0
+1e+11ns POS: x=1667.47, y=2102.04, z=0; VEL:0.879863, y=-17.0673, z=0
+1e+11ns POS: x=1669.49, y=2141.14, z=0; VEL:-1.87073, y=-12.703, z=0
