+1e+09ns POS: x=13.61, y=546.13, z=1.5; VEL:17.6598, y=0.601354, z=0
+1.99775e+09ns POS: x=31.23, y=546.73, z=1.5; VEL:0, y=0, z=0
+2e+09ns POS: x=31.23, y=546.73, z=1.5; VEL:17.2595, y=0.601377, z=0
+2.99771e+09ns POS: x=48.45, y=547.33, z=1.5; VEL:0, y=0, z=0
+3e+09ns POS: x=48.45, y=547.33, z=1.5; VEL:16.7403, y=0.571374, z=0
+3.9976e+09ns POS: x=65.15, y=547.9, z=1.5; VEL:0, y=0, z=0
+4e+09ns POS: x=65.15, y=547.9, z=1.5; VEL:16.8099, y=0.581382, z=0
+4.99762e+09ns POS: x=81.92, y=548.48, z=1.5; VEL:0, y=0, z=0
+5e+09ns POS: x=81.92, y=548.48, z=1.5; VEL:16.7699, y=0.581037, z=0
+5.99821e+09ns POS: x=98.66, y=549.06, z=1.5; VEL:0, y=0, z=0
+6e+09ns POS: x=98.66, y=549.06, z=1.5; VEL:16.4304, y=0.561381, z=0
+6.99754e+09ns POS: x=115.05, y=549.62, z=1.5; VEL:0, y=0, z=0
+7e+09ns POS: x=115.05, y=549.62, z=1.5; VEL:17.2695, y=0.601028, z=0
+7.99829e+09ns POS: x=132.29, y=550.22, z=1.5; VEL:0, y=0, z=0
+8e+09ns POS: x=132.29, y=550.22, z=1.5; VEL:16.6502, y=0.571379, z=0
+8.99759e+09ns POS: x=148.9, y=550.79, z=1.5; VEL:0, y=0, z=0
+9e+09ns POS: x=148.9, y=550.79, z=1.5; VEL:17.5597, y=0.60136, z=0
+9.99774e+09ns POS: x=166.42, y=551.39, z=1.5; VEL:0, y=0, z=0
+1e+10ns POS: x=166.42, y=551.39, z=1.5; VEL:16.7799, y=0.581037, z=0
+1.09982e+10ns POS: x=183.17, y=551.97, z=1.5; VEL:0, y=0, z=0
+1.1e+10ns POS: x=183.17, y=551.97, z=1.5; VEL:17.0691, y=0.611399, z=0
+1.19977e+10ns POS: x=200.2, y=552.58, z=1.5; VEL:0, y=0, z=0
+1.2e+10ns POS: x=200.2, y=552.58, z=1.5; VEL:15.3871, y=0.63111, z=0
+1.29982e+10ns POS: x=215.56, y=553.21, z=1.5; VEL:0, y=0, z=0
+1.3e+10ns POS: x=215.56, y=553.21, z=1.5; VEL:12.0119, y=0.822183, z=0
+1.39973e+10ns POS: x=227.54, y=554.03, z=1.5; VEL:0, y=0, z=0
+1.4e+10ns POS: x=227.54, y=554.03, z=1.5; VEL:7.48822, y=0.882146, z=0
+1.49976e+10ns POS: x=235.01, y=554.91, z=1.5; VEL:0, y=0, z=0
+1.5e+10ns POS: x=235.01, y=554.91, z=1.5; VEL:6.00952, y=-1.48383, z=0
+1.59435e+10ns POS: x=240.68, y=553.51, z=1.5; VEL:0, y=0, z=0
+1.6e+10ns POS: x=240.68, y=553.51, z=1.5; VEL:1.59841, y=-5.76242, z=0
+1.6e+10ns POS: x=783.11, y=601.09, z=1.5; VEL:0, y=0, z=0
+1.69822e+10ns POS: x=242.25, y=547.85, z=1.5; VEL:0, y=0, z=0
+1.7e+10ns POS: x=242.25, y=547.85, z=1.5; VEL:2.31244, y=-8.15862, z=0
+1.7e+10ns POS: x=783.11, y=601.09, z=1.5; VEL:-1.65536, y=-0.428799, z=0
+1.79989e+10ns POS: x=244.56, y=539.7, z=1.5; VEL:0, y=0, z=0
+1.8e+10ns POS: x=244.56, y=539.7, z=1.5; VEL:2.81022, y=-9.95079, z=0
+1.8e+10ns POS: x=781.455, y=600.661, z=1.5; VEL:-3.78729, y=-0.971881, z=0
+1.89993e+10ns POS: x=777.67, y=599.69, z=1.5; VEL:0, y=0, z=0
+1.89999e+10ns POS: x=247.37, y=529.75, z=1.5; VEL:0, y=0, z=0
+1.9e+10ns POS: x=247.37, y=529.75, z=1.5; VEL:3.49888, y=-12.406, z=0
+1.9e+10ns POS: x=777.67, y=599.69, z=1.5; VEL:-5.19222, y=-1.33057, z=0
+1.99996e+10ns POS: x=772.48, y=598.36, z=1.5; VEL:0, y=0, z=0
+2e+10ns POS: x=250.869, y=517.344, z=1.5; VEL:4.0981, y=-14.5333, z=0
+2e+10ns POS: x=772.48, y=598.36, z=1.5; VEL:-6.56624, y=-1.68903, z=0
+2.1e+10ns POS: x=254.967, y=502.811, z=1.5; VEL:4.7535, y=-16.8524, z=0
+2.1e+10ns POS: x=765.914, y=596.671, z=1.5; VEL:-9.05713, y=-2.32183, z=0
+2.19996e+10ns POS: x=756.86, y=594.35, z=1.5; VEL:0, y=0, z=0
+2.19999e+10ns POS: x=259.72, y=485.96, z=1.5; VEL:0, y=0, z=0
+2.2e+10ns POS: x=259.72, y=485.96, z=1.5; VEL:4.71844, y=-16.6545, z=0
+2.2e+10ns POS: x=756.86, y=594.35, z=1.5; VEL:-11.4947, y=-2.96121, z=0
+2.29996e+10ns POS: x=745.37, y=591.39, z=1.5; VEL:0, y=0, z=0
+2.3e+10ns POS: x=264.438, y=469.305, z=1.5; VEL:4.57991, y=-16.0597, z=0
+2.3e+10ns POS: x=745.37, y=591.39, z=1.5; VEL:-12.8917, y=-3.31045, z=0
+2.3e+10ns POS: x=973.09, y=763.24, z=1.5; VEL:0, y=0, z=0
+2.39999e+10ns POS: x=732.48, y=588.08, z=1.5; VEL:0, y=0, z=0
+2.4e+10ns POS: x=269.018, y=453.246, z=1.5; VEL:12.6106, y=-12.3059, z=0
+2.4e+10ns POS: x=732.48, y=588.08, z=1.5; VEL:-14.2373, y=-3.6593, z=0
+2.4e+10ns POS: x=973.09, y=763.24, z=1.5; VEL:-2.38393, y=0.17028, z=0
+2.49382e+10ns POS: x=280.85, y=441.7, z=1.5; VEL:0, y=0, z=0
+2.49984e+10ns POS: x=970.71, y=763.41, z=1.5; VEL:0, y=0, z=0
+2.5e+10ns POS: x=280.85, y=441.7, z=1.5; VEL:14.9184, y=-8.79906, z=0
+2.5e+10ns POS: x=718.243, y=584.421, z=1.5; VEL:-14.7605, y=-3.7927, z=0
+2.5e+10ns POS: x=970.71, y=763.41, z=1.5; VEL:-3.72021, y=0.270016, z=0
+2.59995e+10ns POS: x=703.49, y=580.63, z=1.5; VEL:0, y=0, z=0
+2.59999e+10ns POS: x=966.99, y=763.68, z=1.5; VEL:0, y=0, z=0
+2.6e+10ns POS: x=295.768, y=432.901, z=1.5; VEL:15.2143, y=-8.96664, z=0
+2.6e+10ns POS: x=703.49, y=580.63, z=1.5; VEL:-14.3228, y=-3.68814, z=0
+2.6e+10ns POS: x=966.99, y=763.68, z=1.5; VEL:-5.50622, y=0.389733, z=0
+2.7e+10ns POS: x=310.983, y=423.934, z=1.5; VEL:14.2555, y=-8.40734, z=0
+2.7e+10ns POS: x=689.167, y=576.942, z=1.5; VEL:-14.0529, y=-3.61332, z=0
+2.7e+10ns POS: x=961.484, y=764.07, z=1.5; VEL:-7.59081, y=0.540056, z=0
+2.79996e+10ns POS: x=675.12, y=573.33, z=1.5; VEL:0, y=0, z=0
+2.8e+10ns POS: x=325.238, y=415.527, z=1.5; VEL:12.7076, y=-7.4886, z=0
+2.8e+10ns POS: x=675.12, y=573.33, z=1.5; VEL:-14.8467, y=-3.81914, z=0
+2.8e+10ns POS: x=953.893, y=764.61, z=1.5; VEL:-9.1068, y=0.650485, z=0
+2.89996e+10ns POS: x=944.79, y=765.26, z=1.5; VEL:0, y=0, z=0
+2.9e+10ns POS: x=337.946, y=408.038, z=1.5; VEL:9.23093, y=-5.45053, z=0
+2.9e+10ns POS: x=660.273, y=569.511, z=1.5; VEL:-15.0322, y=-3.86056, z=0
+2.9e+10ns POS: x=944.79, y=765.26, z=1.5; VEL:-11.6505, y=0.830033, z=0
+3e+10ns POS: x=933.14, y=766.09, z=1.5; VEL:0, y=0, z=0
+3e+10ns POS: x=347.177, y=402.588, z=1.5; VEL:5.79721, y=-3.41837, z=0
+3e+10ns POS: x=645.241, y=565.65, z=1.5; VEL:-14.991, y=-3.86025, z=0
+3e+10ns POS: x=933.14, y=766.09, z=1.5; VEL:-12.9574, y=0.919815, z=0
+3.1e+10ns POS: x=352.974, y=399.169, z=1.5; VEL:2.43039, y=-1.43025, z=0
+3.1e+10ns POS: x=630.25, y=561.79, z=1.5; VEL:-14.9346, y=-3.83861, z=0
+3.1e+10ns POS: x=920.183, y=767.01, z=1.5; VEL:-15.4163, y=1.01977, z=0
+3.1e+10ns POS: x=795.23, y=699.7, z=1.5; VEL:0, y=0, z=0
+3.2e+10ns POS: x=355.404, y=397.739, z=1.5; VEL:0.8267, y=-0.488023, z=0
+3.2e+10ns POS: x=615.316, y=557.951, z=1.5; VEL:-14.9642, y=-3.84366, z=0
+3.2e+10ns POS: x=904.766, y=768.03, z=1.5; VEL:-16.0945, y=1.07029, z=0
+3.2e+10ns POS: x=795.23, y=699.7, z=1.5; VEL:-0.331375, y=-1.63679, z=0
+3.29958e+10ns POS: x=794.9, y=698.07, z=1.5; VEL:0, y=0, z=0
+3.29994e+10ns POS: x=600.36, y=554.11, z=1.5; VEL:0, y=0, z=0
+3.3e+10ns POS: x=356.231, y=397.251, z=1.5; VEL:2.7708, y=-1.64044, z=0
+3.3e+10ns POS: x=600.36, y=554.11, z=1.5; VEL:-14.284, y=-3.67844, z=0
+3.3e+10ns POS: x=888.672, y=769.1, z=1.5; VEL:-15.9261, y=1.03975, z=0
+3.3e+10ns POS: x=794.9, y=698.07, z=1.5; VEL:-0.559895, y=-3.82928, z=0
+3.4e+10ns POS: x=359.002, y=395.611, z=1.5; VEL:4.97051, y=-2.93035, z=0
+3.4e+10ns POS: x=586.076, y=550.432, z=1.5; VEL:-14.4125, y=-3.70064, z=0
+3.4e+10ns POS: x=872.746, y=770.14, z=1.5; VEL:-16.3708, y=1.26999, z=0
+3.4e+10ns POS: x=794.34, y=694.241, z=1.5; VEL:0.380347, y=-5.86769, z=0
+3.49988e+10ns POS: x=794.72, y=688.38, z=1.5; VEL:0, y=0, z=0
+3.5e+10ns POS: x=363.972, y=392.68, z=1.5; VEL:6.86742, y=-4.06435, z=0
+3.5e+10ns POS: x=571.664, y=546.731, z=1.5; VEL:-14.655, y=-3.76129, z=0
+3.5e+10ns POS: x=856.375, y=771.41, z=1.5; VEL:-14.8254, y=1.15042, z=0
+3.5e+10ns POS: x=794.72, y=688.38, z=1.5; VEL:0.82952, y=-7.71554, z=0
+3.59999e+10ns POS: x=557.01, y=542.97, z=1.5; VEL:0, y=0, z=0
+3.6e+10ns POS: x=841.55, y=772.56, z=1.5; VEL:0, y=0, z=0
+3.6e+10ns POS: x=370.84, y=388.616, z=1.5; VEL:8.69316, y=-5.14188, z=0
+3.6e+10ns POS: x=557.01, y=542.97, z=1.5; VEL:-13.9068, y=-3.57918, z=0
+3.6e+10ns POS: x=841.55, y=772.56, z=1.5; VEL:-10.3707, y=0.780053, z=0
+3.6e+10ns POS: x=795.55, y=680.664, z=1.5; VEL:-1.80989, y=-9.93651, z=0
+3.69998e+10ns POS: x=793.74, y=670.73, z=1.5; VEL:0, y=0, z=0
+3.69999e+10ns POS: x=831.18, y=773.34, z=1.5; VEL:0, y=0, z=0
+3.7e+10ns POS: x=379.533, y=383.474, z=1.5; VEL:10.79, y=-6.37, z=0
+3.7e+10ns POS: x=543.103, y=539.391, z=1.5; VEL:-11.4668, y=-2.94918, z=0
+3.7e+10ns POS: x=831.18, y=773.34, z=1.5; VEL:-9.23257, y=0.370504, z=0
+3.7e+10ns POS: x=793.74, y=670.73, z=1.5; VEL:-1.37139, y=-12.0422, z=0
+3.79986e+10ns POS: x=821.96, y=773.71, z=1.5; VEL:0, y=0, z=0
+3.7999e+10ns POS: x=792.37, y=658.7, z=1.5; VEL:0, y=0, z=0
+3.8e+10ns POS: x=390.323, y=377.104, z=1.5; VEL:12.3603, y=-7.29016, z=0
+3.8e+10ns POS: x=531.636, y=536.442, z=1.5; VEL:-8.63633, y=-2.23163, z=0
+3.8e+10ns POS: x=821.96, y=773.71, z=1.5; VEL:-9.61516, y=-1.89436, z=0
+3.8e+10ns POS: x=792.37, y=658.7, z=1.5; VEL:-0.319916, y=-13.9463, z=0
+3.89766e+10ns POS: x=812.57, y=771.86, z=1.5; VEL:0, y=0, z=0
+3.9e+10ns POS: x=402.683, y=369.814, z=1.5; VEL:14.1748, y=-8.36695, z=0
+3.9e+10ns POS: x=523, y=534.21, z=1.5; VEL:-5.13741, y=0.163078, z=0
+3.9e+10ns POS: x=812.57, y=771.86, z=1.5; VEL:-2.69728, y=-9.36948, z=0
+3.9e+10ns POS: x=792.05, y=644.754, z=1.5; VEL:0.749873, y=-16.2727, z=0
+3.9e+10ns POS: x=638.01, y=399.45, z=1.5; VEL:0, y=0, z=0
+3.9981e+10ns POS: x=517.96, y=534.37, z=1.5; VEL:0, y=0, z=0
+3.99862e+10ns POS: x=809.91, y=762.62, z=1.5; VEL:0, y=0, z=0
+4e+10ns POS: x=416.858, y=361.447, z=1.5; VEL:15.1088, y=-8.9093, z=0
+4e+10ns POS: x=517.96, y=534.37, z=1.5; VEL:-2.85015, y=4.22926, z=0
+4e+10ns POS: x=809.91, y=762.62, z=1.5; VEL:-2.67869, y=-11.5843, z=0
+4e+10ns POS: x=792.8, y=628.481, z=1.5; VEL:0.559868, y=-12.1771, z=0
+4e+10ns POS: x=638.01, y=399.45, z=1.5; VEL:-0.599429, y=2.44767, z=0
+4.09789e+10ns POS: x=515.17, y=538.51, z=1.5; VEL:0, y=0, z=0
+4.1e+10ns POS: x=515.17, y=538.51, z=1.5; VEL:-1.98112, y=6.47365, z=0
+4.1e+10ns POS: x=807.231, y=751.036, z=1.5; VEL:-3.03082, y=-13.0835, z=0
+4.1e+10ns POS: x=793.36, y=616.304, z=1.5; VEL:0.310172, y=-7.68374, z=0
+4.1e+10ns POS: x=637.411, y=401.898, z=1.5; VEL:-0.999459, y=4.02785, z=0
+4.10009e+10ns POS: x=431.98, y=352.53, z=1.5; VEL:0, y=0, z=0
+4.19994e+10ns POS: x=513.19, y=544.98, z=1.5; VEL:0, y=0, z=0
+4.2e+10ns POS: x=513.19, y=544.98, z=1.5; VEL:-2.67938, y=8.72799, z=0
+4.2e+10ns POS: x=804.2, y=737.952, z=1.5; VEL:-3.41923, y=-14.6667, z=0
+4.2e+10ns POS: x=793.67, y=608.62, z=1.5; VEL:-3.7577, y=-5.83467, z=0
+4.2e+10ns POS: x=636.411, y=405.926, z=1.5; VEL:-1.35894, y=5.53564, z=0
+4.29341e+10ns POS: x=790.16, y=603.17, z=1.5; VEL:0, y=0, z=0
+4.3e+10ns POS: x=510.511, y=553.708, z=1.5; VEL:-3.43813, y=11.1939, z=0
+4.3e+10ns POS: x=800.781, y=723.285, z=1.5; VEL:-2.72104, y=-11.5745, z=0
+4.3e+10ns POS: x=790.16, y=603.17, z=1.5; VEL:-7.34074, y=-2.15315, z=0
+4.3e+10ns POS: x=635.052, y=411.461, z=1.5; VEL:-1.97016, y=7.9907, z=0
+4.39985e+10ns POS: x=782.83, y=601.02, z=1.5; VEL:0, y=0, z=0
+4.4e+10ns POS: x=507.072, y=564.902, z=1.5; VEL:-4.14924, y=13.5175, z=0
+4.4e+10ns POS: x=798.06, y=711.711, z=1.5; VEL:-1.86821, y=-7.91244, z=0
+4.4e+10ns POS: x=782.83, y=601.02, z=1.5; VEL:-9.12203, y=-2.35052, z=0
+4.4e+10ns POS: x=633.082, y=419.452, z=1.5; VEL:-2.30173, y=9.56701, z=0
+4.49998e+10ns POS: x=773.71, y=598.67, z=1.5; VEL:0, y=0, z=0
+4.5e+10ns POS: x=502.923, y=578.419, z=1.5; VEL:-4.44134, y=14.4844, z=0
+4.5e+10ns POS: x=796.192, y=703.799, z=1.5; VEL:-1.86337, y=-9.87574, z=0
+4.5e+10ns POS: x=773.71, y=598.67, z=1.5; VEL:-10.9938, y=-2.82099, z=0
+4.5e+10ns POS: x=630.78, y=429.019, z=1.5; VEL:-2.72, y=11.4, z=0
+4.59993e+10ns POS: x=794.33, y=693.93, z=1.5; VEL:0, y=0, z=0
+4.59997e+10ns POS: x=762.72, y=595.85, z=1.5; VEL:0, y=0, z=0
+4.6e+10ns POS: x=498.482, y=592.904, z=1.5; VEL:-3.12077, y=10.1825, z=0
+4.6e+10ns POS: x=794.33, y=693.93, z=1.5; VEL:1.19036, y=-12.5838, z=0
+4.6e+10ns POS: x=762.72, y=595.85, z=1.5; VEL:-12.5152, y=-3.20877, z=0
+4.6e+10ns POS: x=628.06, y=440.419, z=1.5; VEL:-2.76967, y=11.0687, z=0
+4.69997e+10ns POS: x=795.52, y=681.35, z=1.5; VEL:0, y=0, z=0
+4.7e+10ns POS: x=495.361, y=603.086, z=1.5; VEL:-1.66074, y=5.94229, z=0
+4.7e+10ns POS: x=795.52, y=681.35, z=1.5; VEL:-2.22372, y=-13.9033, z=0
+4.7e+10ns POS: x=750.205, y=592.641, z=1.5; VEL:-14.2858, y=-3.67148, z=0
+4.7e+10ns POS: x=625.291, y=451.488, z=1.5; VEL:-2.06014, y=8.05059, z=0
+4.7e+10ns POS: x=206.26, y=119.17, z=1.5; VEL:6.89984, y=11.7197, z=0
+4.79983e+10ns POS: x=793.3, y=667.47, z=1.5; VEL:0, y=0, z=0
+4.79999e+10ns POS: x=735.92, y=588.97, z=1.5; VEL:0, y=0, z=0
+4.8e+10ns POS: x=493.7, y=609.029, z=1.5; VEL:-0.500025, y=2.0499, z=0
+4.8e+10ns POS: x=793.3, y=667.47, z=1.5; VEL:-1.28144, y=-15.6576, z=0
+4.8e+10ns POS: x=735.92, y=588.97, z=1.5; VEL:-16.1558, y=-4.14891, z=0
+4.8e+10ns POS: x=623.23, y=459.538, z=1.5; VEL:1.76008, y=6.15322, z=0
+4.8e+10ns POS: x=213.16, y=130.89, z=1.5; VEL:6.50908, y=11.2184, z=0
+4.89315e+10ns POS: x=624.87, y=465.27, z=1.5; VEL:0, y=0, z=0
+4.89989e+10ns POS: x=792.02, y=651.83, z=1.5; VEL:0, y=0, z=0
+4.9e+10ns POS: x=493.2, y=611.078, z=1.5; VEL:-0.00986726, y=0.0490167, z=0
+4.9e+10ns POS: x=792.02, y=651.83, z=1.5; VEL:0.399873, y=-15.835, z=0
+4.9e+10ns POS: x=719.764, y=584.821, z=1.5; VEL:-17.4127, y=-4.4807, z=0
+4.9e+10ns POS: x=624.87, y=465.27, z=1.5; VEL:5.52805, y=1.72185, z=0
+4.9e+10ns POS: x=219.669, y=142.108, z=1.5; VEL:6.88515, y=11.8789, z=0
+4.99931e+10ns POS: x=630.36, y=466.98, z=1.5; VEL:0, y=0, z=0
+4.99994e+10ns POS: x=226.55, y=153.98, z=1.5; VEL:0, y=0, z=0
+5e+10ns POS: x=493.191, y=611.127, z=1.5; VEL:-0.000224651, y=0.00999748, z=0
+5e+10ns POS: x=792.42, y=635.995, z=1.5; VEL:0.700025, y=-14.3529, z=0
+5e+10ns POS: x=702.351, y=580.34, z=1.5; VEL:-16.8889, y=-4.34971, z=0
+5e+10ns POS: x=630.36, y=466.98, z=1.5; VEL:7.42642, y=1.66144, z=0
+5e+10ns POS: x=226.55, y=153.98, z=1.5; VEL:6.93614, y=11.9533, z=0
+5.09991e+10ns POS: x=637.78, y=468.64, z=1.5; VEL:0, y=0, z=0
+5.1e+10ns POS: x=493.19, y=611.137, z=1.5; VEL:0, y=0, z=0
+5.1e+10ns POS: x=793.12, y=621.642, z=1.5; VEL:0.479976, y=-10.7393, z=0
+5.1e+10ns POS: x=685.463, y=575.991, z=1.5; VEL:-16.4832, y=-4.24082, z=0
+5.1e+10ns POS: x=637.78, y=468.64, z=1.5; VEL:8.96876, y=2.04972, z=0
+5.1e+10ns POS: x=233.486, y=165.933, z=1.5; VEL:6.32083, y=10.9114, z=0
+5.2e+10ns POS: x=668.98, y=571.75, z=1.5; VEL:0, y=0, z=0
+5.2e+10ns POS: x=493.19, y=611.137, z=1.5; VEL:0, y=0, z=0
+5.2e+10ns POS: x=793.6, y=610.903, z=1.5; VEL:-1.34749, y=-6.45077, z=0
+5.2e+10ns POS: x=668.98, y=571.75, z=1.5; VEL:-16.3977, y=-4.21197, z=0
+5.2e+10ns POS: x=646.749, y=470.69, z=1.5; VEL:10.9983, y=2.54961, z=0
+5.2e+10ns POS: x=239.807, y=176.845, z=1.5; VEL:6.66401, y=11.4869, z=0
+5.29647e+10ns POS: x=792.3, y=604.68, z=1.5; VEL:0, y=0, z=0
+5.29995e+10ns POS: x=652.59, y=567.54, z=1.5; VEL:0, y=0, z=0
+5.29999e+10ns POS: x=246.47, y=188.33, z=1.5; VEL:0, y=0, z=0
+5.3e+10ns POS: x=493.19, y=611.137, z=1.5; VEL:0, y=0, z=0
+5.3e+10ns POS: x=792.3, y=604.68, z=1.5; VEL:-5.99298, y=-2.78861, z=0
+5.3e+10ns POS: x=652.59, y=567.54, z=1.5; VEL:-16.9871, y=-4.36925, z=0
+5.3e+10ns POS: x=657.747, y=473.239, z=1.5; VEL:12.49, y=2.89, z=0
+5.3e+10ns POS: x=246.47, y=188.33, z=1.5; VEL:6.49141, y=11.1824, z=0
+5.39862e+10ns POS: x=786.39, y=601.93, z=1.5; VEL:0, y=0, z=0
+5.39998e+10ns POS: x=252.96, y=199.51, z=1.5; VEL:0, y=0, z=0
+5.4e+10ns POS: x=493.19, y=611.137, z=1.5; VEL:0, y=0, z=0
+5.4e+10ns POS: x=786.39, y=601.93, z=1.5; VEL:-8.59205, y=-2.20309, z=0
+5.4e+10ns POS: x=635.603, y=563.171, z=1.5; VEL:-17.3842, y=-4.47109, z=0
+5.4e+10ns POS: x=670.237, y=476.129, z=1.5; VEL:14.9057, y=3.45131, z=0
+5.4e+10ns POS: x=252.96, y=199.51, z=1.5; VEL:6.79192, y=11.7133, z=0
+5.49986e+10ns POS: x=777.81, y=599.73, z=1.5; VEL:0, y=0, z=0
+5.49997e+10ns POS: x=259.75, y=211.22, z=1.5; VEL:0, y=0, z=0
+5.49998e+10ns POS: x=685.14, y=479.58, z=1.5; VEL:0, y=0, z=0
+5.49999e+10ns POS: x=618.22, y=558.7, z=1.5; VEL:0, y=0, z=0
+5.5e+10ns POS: x=493.19, y=611.137, z=1.5; VEL:-0.597008, y=2.20045, z=0
+5.5e+10ns POS: x=777.81, y=599.73, z=1.5; VEL:-10.1498, y=-2.60995, z=0
+5.5e+10ns POS: x=618.22, y=558.7, z=1.5; VEL:-17.2193, y=-4.42983, z=0
+5.5e+10ns POS: x=685.14, y=479.58, z=1.5; VEL:15.8814, y=3.67032, z=0
+5.5e+10ns POS: x=259.75, y=211.22, z=1.5; VEL:6.56712, y=11.335, z=0
+5.5e+10ns POS: x=13.61, y=546.13, z=1.5; VEL:16.5401, y=0.571386, z=0
+5.59976e+10ns POS: x=30.11, y=546.7, z=1.5; VEL:0, y=0, z=0
+5.59999e+10ns POS: x=701.02, y=483.25, z=1.5; VEL:0, y=0, z=0
+5.6e+10ns POS: x=492.593, y=613.338, z=1.5; VEL:-1.03998, y=3.55084, z=0
+5.6e+10ns POS: x=767.66, y=597.12, z=1.5; VEL:-12.5716, y=-3.23041, z=0
+5.6e+10ns POS: x=601.001, y=554.27, z=1.5; VEL:-16.3492, y=-4.19979, z=0
+5.6e+10ns POS: x=701.02, y=483.25, z=1.5; VEL:16.0624, y=3.10627, z=0
+5.6e+10ns POS: x=266.317, y=222.555, z=1.5; VEL:6.46191, y=11.1533, z=0
+5.6e+10ns POS: x=30.11, y=546.7, z=1.5; VEL:16.9701, y=0.581029, z=0
+5.6998e+10ns POS: x=717.05, y=486.35, z=1.5; VEL:0, y=0, z=0
+5.69982e+10ns POS: x=47.05, y=547.28, z=1.5; VEL:0, y=0, z=0
+5.69999e+10ns POS: x=755.09, y=593.89, z=1.5; VEL:0, y=0, z=0
+5.7e+10ns POS: x=491.553, y=616.889, z=1.5; VEL:-1.47944, y=5.05808, z=0
+5.7e+10ns POS: x=755.09, y=593.89, z=1.5; VEL:-14.7999, y=-3.79999, z=0
+5.7e+10ns POS: x=584.651, y=550.07, z=1.5; VEL:-17.4437, y=-4.48094, z=0
+5.7e+10ns POS: x=717.05, y=486.35, z=1.5; VEL:16.347, y=1.64969, z=0
+5.7e+10ns POS: x=272.779, y=233.708, z=1.5; VEL:6.89645, y=11.8839, z=0
+5.7e+10ns POS: x=47.05, y=547.28, z=1.5; VEL:16.7399, y=0.581386, z=0
+5.79976e+10ns POS: x=63.75, y=547.86, z=1.5; VEL:0, y=0, z=0
+5.79999e+10ns POS: x=567.21, y=545.59, z=1.5; VEL:0, y=0, z=0
+5.8e+10ns POS: x=490.074, y=621.947, z=1.5; VEL:-2.02989, y=6.94961, z=0
+5.8e+10ns POS: x=740.29, y=590.09, z=1.5; VEL:-16.0885, y=-4.1296, z=0
+5.8e+10ns POS: x=567.21, y=545.59, z=1.5; VEL:-16.3492, y=-4.19979, z=0
+5.8e+10ns POS: x=733.397, y=488, z=1.5; VEL:16.7538, y=2.0604, z=0
+5.8e+10ns POS: x=279.675, y=245.592, z=1.5; VEL:6.35534, y=10.9492, z=0
+5.8e+10ns POS: x=63.75, y=547.86, z=1.5; VEL:16.3604, y=0.561042, z=0
+5.89981e+10ns POS: x=80.08, y=548.42, z=1.5; VEL:0, y=0, z=0
+5.89999e+10ns POS: x=286.03, y=256.54, z=1.5; VEL:0, y=0, z=0
+5.9e+10ns POS: x=750.15, y=490.06, z=1.5; VEL:0, y=0, z=0
+5.9e+10ns POS: x=488.044, y=628.896, z=1.5; VEL:-2.49203, y=8.61688, z=0
+5.9e+10ns POS: x=724.202, y=585.96, z=1.5; VEL:-15.5815, y=-4.01297, z=0
+5.9e+10ns POS: x=550.861, y=541.39, z=1.5; VEL:-16.4935, y=-4.2409, z=0
+5.9e+10ns POS: x=750.15, y=490.06, z=1.5; VEL:16.44, y=2.37001, z=0
+5.9e+10ns POS: x=286.03, y=256.54, z=1.5; VEL:6.70684, y=11.5546, z=0
+5.9e+10ns POS: x=80.08, y=548.42, z=1.5; VEL:16.7403, y=0.571374, z=0
+5.99976e+10ns POS: x=96.78, y=548.99, z=1.5; VEL:0, y=0, z=0
+5.99994e+10ns POS: x=708.63, y=581.95, z=1.5; VEL:0, y=0, z=0
+5.99998e+10ns POS: x=534.37, y=537.15, z=1.5; VEL:0, y=0, z=0
+6e+10ns POS: x=766.59, y=492.43, z=1.5; VEL:0, y=0, z=0
+6e+10ns POS: x=485.552, y=637.513, z=1.5; VEL:-2.49221, y=10.8679, z=0
+6e+10ns POS: x=708.63, y=581.95, z=1.5; VEL:-15.5931, y=-4.00822, z=0
+6e+10ns POS: x=534.37, y=537.15, z=1.5; VEL:-16.3245, y=-5.51205, z=0
+6e+10ns POS: x=766.59, y=492.43, z=1.5; VEL:15.105, y=2.16929, z=0
+6e+10ns POS: x=292.737, y=268.095, z=1.5; VEL:6.94183, y=11.9732, z=0
+6e+10ns POS: x=96.78, y=548.99, z=1.5; VEL:17.2996, y=0.601027, z=0
+6.09924e+10ns POS: x=518.17, y=531.68, z=1.5; VEL:0, y=0, z=0
+6.09983e+10ns POS: x=114.05, y=549.59, z=1.5; VEL:0, y=0, z=0
+6.09999e+10ns POS: x=483.06, y=648.38, z=1.5; VEL:0, y=0, z=0
+6.1e+10ns POS: x=483.06, y=648.38, z=1.5; VEL:-2.52079, y=13.3542, z=0
+6.1e+10ns POS: x=693.037, y=577.942, z=1.5; VEL:-16.1139, y=-4.15101, z=0
+6.1e+10ns POS: x=518.17, y=531.68, z=1.5; VEL:-15.0495, y=-7.48923, z=0
+6.1e+10ns POS: x=781.695, y=494.599, z=1.5; VEL:10.7892, y=1.54989, z=0
+6.1e+10ns POS: x=299.679, y=280.068, z=1.5; VEL:6.54877, y=11.2879, z=0
+6.1e+10ns POS: x=114.05, y=549.59, z=1.5; VEL:16.5201, y=0.571388, z=0
+6.19854e+10ns POS: x=503.34, y=524.3, z=1.5; VEL:0, y=0, z=0
+6.19976e+10ns POS: x=130.53, y=550.16, z=1.5; VEL:0, y=0, z=0
+6.19997e+10ns POS: x=480.54, y=661.73, z=1.5; VEL:0, y=0, z=0
+6.2e+10ns POS: x=480.54, y=661.73, z=1.5; VEL:-2.82118, y=14.9562, z=0
+6.2e+10ns POS: x=676.923, y=573.791, z=1.5; VEL:-16.0885, y=-4.12961, z=0
+6.2e+10ns POS: x=503.34, y=524.3, z=1.5; VEL:-16.3014, y=-4.6804, z=0
+6.2e+10ns POS: x=792.484, y=496.149, z=1.5; VEL:6.33487, y=0.9107, z=0
+6.2e+10ns POS: x=306.227, y=291.356, z=1.5; VEL:6.47007, y=11.1601, z=0
+6.2e+10ns POS: x=130.53, y=550.16, z=1.5; VEL:17.1398, y=0.591373, z=0
+6.2e+10ns POS: x=621.37, y=453.9, z=1.5; VEL:0, y=0, z=0
+6.29977e+10ns POS: x=147.63, y=550.75, z=1.5; VEL:0, y=0, z=0
+6.29996e+10ns POS: x=477.72, y=676.68, z=1.5; VEL:0, y=0, z=0
+6.29999e+10ns POS: x=487.04, y=519.62, z=1.5; VEL:0, y=0, z=0
+6.3e+10ns POS: x=477.72, y=676.68, z=1.5; VEL:-2.67984, y=14.1892, z=0
+6.3e+10ns POS: x=660.835, y=569.661, z=1.5; VEL:-15.678, y=-4.03947, z=0
+6.3e+10ns POS: x=487.04, y=519.62, z=1.5; VEL:-16.859, y=-5.15664, z=0
+6.3e+10ns POS: x=798.819, y=497.06, z=1.5; VEL:6.7123, y=1.72333, z=0
+6.3e+10ns POS: x=312.698, y=302.516, z=1.5; VEL:6.46871, y=11.1378, z=0
+6.3e+10ns POS: x=147.63, y=550.75, z=1.5; VEL:16.1806, y=0.551043, z=0
+6.3e+10ns POS: x=621.37, y=453.9, z=1.5; VEL:0.339231, y=-1.31701, z=0
+6.39923e+10ns POS: x=805.48, y=498.77, z=1.5; VEL:0, y=0, z=0
+6.39981e+10ns POS: x=163.78, y=551.3, z=1.5; VEL:0, y=0, z=0
+6.4e+10ns POS: x=475.04, y=690.869, z=1.5; VEL:-2.67984, y=14.1892, z=0
+6.4e+10ns POS: x=645.157, y=565.622, z=1.5; VEL:-15.5155, y=-3.98884, z=0
+6.4e+10ns POS: x=470.181, y=514.463, z=1.5; VEL:-13.9879, y=-4.25242, z=0
+6.4e+10ns POS: x=805.48, y=498.77, z=1.5; VEL:2.90734, y=6.41163, z=0
+6.4e+10ns POS: x=319.166, y=313.653, z=1.5; VEL:6.73022, y=11.6104, z=0
+6.4e+10ns POS: x=163.78, y=551.3, z=1.5; VEL:17.1798, y=0.591371, z=0
+6.4e+10ns POS: x=621.709, y=452.583, z=1.5; VEL:0.700729, y=-2.77283, z=0
+6.49046e+10ns POS: x=808.11, y=504.57, z=1.5; VEL:0, y=0, z=0
+6.49977e+10ns POS: x=180.92, y=551.89, z=1.5; VEL:0, y=0, z=0
+6.5e+10ns POS: x=472.36, y=705.058, z=1.5; VEL:-2.80145, y=14.8277, z=0
+6.5e+10ns POS: x=629.641, y=561.633, z=1.5; VEL:-15.8453, y=-4.07136, z=0
+6.5e+10ns POS: x=456.193, y=510.211, z=1.5; VEL:-9.71575, y=-2.83171, z=0
+6.5e+10ns POS: x=808.11, y=504.57, z=1.5; VEL:-1.82058, y=9.27297, z=0
+6.5e+10ns POS: x=325.896, y=325.264, z=1.5; VEL:6.79124, y=11.7021, z=0
+6.5e+10ns POS: x=180.92, y=551.89, z=1.5; VEL:17.2395, y=0.601378, z=0
+6.5e+10ns POS: x=622.41, y=449.81, z=1.5; VEL:1.07129, y=-4.18506, z=0
+6.59977e+10ns POS: x=198.12, y=552.49, z=1.5; VEL:0, y=0, z=0
+6.59988e+10ns POS: x=623.48, y=445.63, z=1.5; VEL:0, y=0, z=0
+6.59996e+10ns POS: x=469.56, y=719.88, z=1.5; VEL:0, y=0, z=0
+6.59997e+10ns POS: x=806.29, y=513.84, z=1.5; VEL:0, y=0, z=0
+6.59997e+10ns POS: x=446.48, y=507.38, z=1.5; VEL:0, y=0, z=0
+6.6e+10ns POS: x=469.56, y=719.88, z=1.5; VEL:-2.8309, y=14.9748, z=0
+6.6e+10ns POS: x=613.796, y=557.561, z=1.5; VEL:-15.2929, y=-3.93075, z=0
+6.6e+10ns POS: x=446.48, y=507.38, z=1.5; VEL:-5.55672, y=-0.841016, z=0
+6.6e+10ns POS: x=806.29, y=513.84, z=1.5; VEL:-1.19053, y=10.8448, z=0
+6.6e+10ns POS: x=332.688, y=336.966, z=1.5; VEL:6.89331, y=11.8857, z=0
+6.6e+10ns POS: x=198.12, y=552.49, z=1.5; VEL:17.1252, y=0.711464, z=0
+6.6e+10ns POS: x=623.48, y=445.63, z=1.5; VEL:1.638, y=-6.67187, z=0
+6.69979e+10ns POS: x=215.21, y=553.2, z=1.5; VEL:0, y=0, z=0
+6.69988e+10ns POS: x=440.93, y=506.54, z=1.5; VEL:0, y=0, z=0
+6.69996e+10ns POS: x=805.1, y=524.68, z=1.5; VEL:0, y=0, z=0
+6.69997e+10ns POS: x=466.73, y=734.85, z=1.5; VEL:0, y=0, z=0
+6.69999e+10ns POS: x=339.58, y=348.85, z=1.5; VEL:0, y=0, z=0
+6.7e+10ns POS: x=466.73, y=734.85, z=1.5; VEL:-3.32984, y=14.7693, z=0
+6.7e+10ns POS: x=598.503, y=553.631, z=1.5; VEL:-15.2935, y=-3.92834, z=0
+6.7e+10ns POS: x=440.93, y=506.54, z=1.5; VEL:-6.80865, y=1.86705, z=0
+6.7e+10ns POS: x=805.1, y=524.68, z=1.5; VEL:-1.28976, y=13.2775, z=0
+6.7e+10ns POS: x=339.58, y=348.85, z=1.5; VEL:6.76541, y=11.6593, z=0
+6.7e+10ns POS: x=215.21, y=553.2, z=1.5; VEL:17.1791, y=1.32378, z=0
+6.7e+10ns POS: x=625.118, y=438.958, z=1.5; VEL:2.08104, y=-8.68413, z=0
+6.79855e+10ns POS: x=434.22, y=508.38, z=1.5; VEL:0, y=0, z=0
+6.79971e+10ns POS: x=232.34, y=554.52, z=1.5; VEL:0, y=0, z=0
+6.79992e+10ns POS: x=346.34, y=360.5, z=1.5; VEL:0, y=0, z=0
+6.8e+10ns POS: x=463.4, y=749.619, z=1.5; VEL:-3.8223, y=14.9491, z=0
+6.8e+10ns POS: x=583.209, y=549.702, z=1.5; VEL:-15.1559, y=-3.90151, z=0
+6.8e+10ns POS: x=434.22, y=508.38, z=1.5; VEL:-7.51878, y=-4.45595, z=0
+6.8e+10ns POS: x=803.81, y=537.958, z=1.5; VEL:-1.47991, y=15.389, z=0
+6.8e+10ns POS: x=346.34, y=360.5, z=1.5; VEL:6.76421, y=11.66, z=0
+6.8e+10ns POS: x=232.34, y=554.52, z=1.5; VEL:16.7533, y=2.76559, z=0
+6.8e+10ns POS: x=627.199, y=430.274, z=1.5; VEL:2.63964, y=-11.0285, z=0
+6.89762e+10ns POS: x=426.88, y=504.03, z=1.5; VEL:0, y=0, z=0
+6.89994e+10ns POS: x=459.58, y=764.56, z=1.5; VEL:0, y=0, z=0
+6.9e+10ns POS: x=459.58, y=764.56, z=1.5; VEL:-3.63293, y=14.1614, z=0
+6.9e+10ns POS: x=568.053, y=545.801, z=1.5; VEL:-15.3918, y=-3.94789, z=0
+6.9e+10ns POS: x=426.88, y=504.03, z=1.5; VEL:-6.0519, y=-8.71474, z=0
+6.9e+10ns POS: x=802.33, y=553.347, z=1.5; VEL:-1.58034, y=16.2935, z=0
+6.9e+10ns POS: x=353.104, y=372.16, z=1.5; VEL:5.27141, y=9.09243, z=0
+6.9e+10ns POS: x=249.093, y=557.286, z=1.5; VEL:15.641, y=4.02265, z=0
+6.9e+10ns POS: x=629.839, y=419.245, z=1.5; VEL:3.30951, y=-13.4282, z=0
+6.9e+10ns POS: x=336.65, y=815.75, z=1.5; VEL:0, y=0, z=0
+6.99914e+10ns POS: x=420.88, y=495.39, z=1.5; VEL:0, y=0, z=0
+6.99992e+10ns POS: x=455.95, y=778.71, z=1.5; VEL:0, y=0, z=0
+7e+10ns POS: x=800.75, y=569.64, z=1.5; VEL:0, y=0, z=0
+7e+10ns POS: x=455.95, y=778.71, z=1.5; VEL:-2.85962, y=14.898, z=0
+7e+10ns POS: x=552.662, y=541.853, z=1.5; VEL:-15.6028, y=-4.0107, z=0
+7e+10ns POS: x=420.88, y=495.39, z=1.5; VEL:-6.30248, y=-10.8643, z=0
+7e+10ns POS: x=800.75, y=569.64, z=1.5; VEL:-1.64013, y=17.0513, z=0
+7e+10ns POS: x=358.376, y=381.252, z=1.5; VEL:3.13875, y=5.42781, z=0
+7e+10ns POS: x=264.734, y=561.308, z=1.5; VEL:16.6434, y=4.68421, z=0
+7e+10ns POS: x=633.148, y=405.817, z=1.5; VEL:3.49866, y=-14.1746, z=0
+7e+10ns POS: x=336.65, y=815.75, z=1.5; VEL:2.30431, y=0.269335, z=0
+7.09996e+10ns POS: x=414.58, y=484.53, z=1.5; VEL:0, y=0, z=0
+7.09999e+10ns POS: x=799.11, y=586.69, z=1.5; VEL:0, y=0, z=0
+7.1e+10ns POS: x=453.09, y=793.608, z=1.5; VEL:-2.60033, y=13.4917, z=0
+7.1e+10ns POS: x=537.059, y=537.842, z=1.5; VEL:-15.1346, y=-4.06113, z=0
+7.1e+10ns POS: x=414.58, y=484.53, z=1.5; VEL:-7.60253, y=-13.1044, z=0
+7.1e+10ns POS: x=799.11, y=586.69, z=1.5; VEL:-1.57944, y=16.4041, z=0
+7.1e+10ns POS: x=361.514, y=386.68, z=1.5; VEL:2.74245, y=3.10138, z=0
+7.1e+10ns POS: x=281.378, y=565.992, z=1.5; VEL:16.0662, y=4.52048, z=0
+7.1e+10ns POS: x=636.647, y=391.643, z=1.5; VEL:3.28051, y=-13.322, z=0
+7.1e+10ns POS: x=338.954, y=816.019, z=1.5; VEL:4.74595, y=0.569497, z=0
+7.19866e+10ns POS: x=364.22, y=389.74, z=1.5; VEL:0, y=0, z=0
+7.19997e+10ns POS: x=406.98, y=471.43, z=1.5; VEL:0, y=0, z=0
+7.2e+10ns POS: x=450.49, y=807.1, z=1.5; VEL:-1.85067, y=9.61349, z=0
+7.2e+10ns POS: x=521.924, y=533.781, z=1.5; VEL:-13.6138, y=-8.13659, z=0
+7.2e+10ns POS: x=406.98, y=471.43, z=1.5; VEL:-8.38228, y=-14.4439, z=0
+7.2e+10ns POS: x=797.531, y=603.094, z=1.5; VEL:-1.09105, y=16.0429, z=0
+7.2e+10ns POS: x=364.22, y=389.74, z=1.5; VEL:4.89944, y=-0.0740736, z=0
+7.2e+10ns POS: x=297.444, y=570.513, z=1.5; VEL:16.4996, y=4.64145, z=0
+7.2e+10ns POS: x=639.927, y=378.321, z=1.5; VEL:3.33874, y=-13.5549, z=0
+7.2e+10ns POS: x=343.7, y=816.589, z=1.5; VEL:6.46438, y=0.769341, z=0
+7.2945e+10ns POS: x=368.85, y=389.67, z=1.5; VEL:0, y=0, z=0
+7.2992e+10ns POS: x=508.42, y=525.71, z=1.5; VEL:0, y=0, z=0
+7.29996e+10ns POS: x=796.44, y=619.13, z=1.5; VEL:0, y=0, z=0
+7.29997e+10ns POS: x=448.64, y=816.71, z=1.5; VEL:0, y=0, z=0
+7.29997e+10ns POS: x=398.6, y=456.99, z=1.5; VEL:0, y=0, z=0
+7.3e+10ns POS: x=448.64, y=816.71, z=1.5; VEL:-0.999003, y=5.19481, z=0
+7.3e+10ns POS: x=508.42, y=525.71, z=1.5; VEL:-15.6435, y=-4.36098, z=0
+7.3e+10ns POS: x=398.6, y=456.99, z=1.5; VEL:-8.4535, y=-14.576, z=0
+7.3e+10ns POS: x=796.44, y=619.13, z=1.5; VEL:-0.829991, y=17.0598, z=0
+7.3e+10ns POS: x=368.85, y=389.67, z=1.5; VEL:3.68232, y=-2.0613, z=0
+7.3e+10ns POS: x=313.943, y=575.154, z=1.5; VEL:15.5466, y=4.37341, z=0
+7.3e+10ns POS: x=643.266, y=364.766, z=1.5; VEL:3.46217, y=-14.0188, z=0
+7.3e+10ns POS: x=350.165, y=817.358, z=1.5; VEL:8.14239, y=0.970283, z=0
+7.39994e+10ns POS: x=372.53, y=387.61, z=1.5; VEL:0, y=0, z=0
+7.39996e+10ns POS: x=390.15, y=442.42, z=1.5; VEL:0, y=0, z=0
+7.39998e+10ns POS: x=492.78, y=521.35, z=1.5; VEL:0, y=0, z=0
+7.4e+10ns POS: x=447.641, y=821.905, z=1.5; VEL:-1.2781, y=6.73989, z=0
+7.4e+10ns POS: x=492.78, y=521.35, z=1.5; VEL:-15.7554, y=-4.79861, z=0
+7.4e+10ns POS: x=390.15, y=442.42, z=1.5; VEL:-8.44916, y=-14.5786, z=0
+7.4e+10ns POS: x=795.61, y=636.19, z=1.5; VEL:-0.39989, y=16.6852, z=0
+7.4e+10ns POS: x=372.53, y=387.61, z=1.5; VEL:5.12231, y=-3.02728, z=0
+7.4e+10ns POS: x=329.49, y=579.528, z=1.5; VEL:16.3266, y=4.59185, z=0
+7.4e+10ns POS: x=646.728, y=350.747, z=1.5; VEL:3.43826, y=-13.9629, z=0
+7.4e+10ns POS: x=358.307, y=818.328, z=1.5; VEL:9.61024, y=1.16001, z=0
+7.49976e+10ns POS: x=377.64, y=384.59, z=1.5; VEL:0, y=0, z=0
+7.5e+10ns POS: x=446.363, y=828.645, z=1.5; VEL:-1.71838, y=9.21108, z=0
+7.5e+10ns POS: x=477.025, y=516.551, z=1.5; VEL:-15.0819, y=-4.60752, z=0
+7.5e+10ns POS: x=381.701, y=427.841, z=1.5; VEL:-6.84792, y=-11.7964, z=0
+7.5e+10ns POS: x=795.21, y=652.875, z=1.5; VEL:1.47952, y=15.8411, z=0
+7.5e+10ns POS: x=377.64, y=384.59, z=1.5; VEL:7.25079, y=-4.28047, z=0
+7.5e+10ns POS: x=345.817, y=584.12, z=1.5; VEL:15.9778, y=4.50213, z=0
+7.5e+10ns POS: x=650.167, y=336.784, z=1.5; VEL:3.43101, y=-13.9441, z=0
+7.5e+10ns POS: x=367.917, y=819.488, z=1.5; VEL:11.0741, y=1.4604, z=0
+7.59999e+10ns POS: x=384.89, y=380.31, z=1.5; VEL:0, y=0, z=0
+7.6e+10ns POS: x=444.645, y=837.856, z=1.5; VEL:-1.95055, y=10.6326, z=0
+7.6e+10ns POS: x=461.943, y=511.944, z=1.5; VEL:-11.4383, y=-3.45952, z=0
+7.6e+10ns POS: x=374.853, y=416.045, z=1.5; VEL:-4.68058, y=-8.071, z=0
+7.6e+10ns POS: x=796.69, y=668.716, z=1.5; VEL:2.78041, y=12.7299, z=0
+7.6e+10ns POS: x=384.89, y=380.31, z=1.5; VEL:8.84589, y=-5.21758, z=0
+7.6e+10ns POS: x=361.794, y=588.622, z=1.5; VEL:16.531, y=4.64044, z=0
+7.6e+10ns POS: x=653.598, y=322.84, z=1.5; VEL:3.28774, y=-13.3409, z=0
+7.6e+10ns POS: x=378.991, y=820.949, z=1.5; VEL:12.8481, y=1.69974, z=0
+7.69964e+10ns POS: x=799.46, y=681.4, z=1.5; VEL:0, y=0, z=0
+7.7e+10ns POS: x=336.65, y=815.75, z=1.5; VEL:0, y=0, z=0
+7.7e+10ns POS: x=442.694, y=848.488, z=1.5; VEL:-2.42174, y=13.1895, z=0
+7.7e+10ns POS: x=450.504, y=508.484, z=1.5; VEL:-7.27516, y=-1.60452, z=0
+7.7e+10ns POS: x=370.172, y=407.974, z=1.5; VEL:-2.42001, y=-4.18001, z=0
+7.7e+10ns POS: x=799.46, y=681.4, z=1.5; VEL:4.00874, y=7.68758, z=0
+7.7e+10ns POS: x=393.736, y=375.092, z=1.5; VEL:10.947, y=-6.4582, z=0
+7.7e+10ns POS: x=378.325, y=593.262, z=1.5; VEL:16.7574, y=4.72195, z=0
+7.7e+10ns POS: x=656.885, y=309.499, z=1.5; VEL:3.52047, y=-14.2619, z=0
+7.7e+10ns POS: x=391.839, y=822.649, z=1.5; VEL:14.297, y=1.87961, z=0
+7.79999e+10ns POS: x=443.23, y=506.88, z=1.5; VEL:0, y=0, z=0
+7.8e+10ns POS: x=336.65, y=815.75, z=1.5; VEL:2.54233, y=0.300275, z=0
+7.8e+10ns POS: x=440.272, y=861.678, z=1.5; VEL:-3.61285, y=14.7747, z=0
+7.8e+10ns POS: x=443.23, y=506.88, z=1.5; VEL:-8.25285, y=1.5108, z=0
+7.8e+10ns POS: x=367.752, y=403.794, z=1.5; VEL:-0.4263, y=-0.723787, z=0
+7.8e+10ns POS: x=803.469, y=689.088, z=1.5; VEL:2.51614, y=5.19249, z=0
+7.8e+10ns POS: x=404.683, y=368.634, z=1.5; VEL:11.5962, y=-6.83367, z=0
+7.8e+10ns POS: x=395.083, y=597.984, z=1.5; VEL:15.8731, y=5.02655, z=0
+7.8e+10ns POS: x=660.406, y=295.237, z=1.5; VEL:3.53025, y=-14.311, z=0
+7.8e+10ns POS: x=406.136, y=824.528, z=1.5; VEL:14.147, y=1.86959, z=0
+7.8973e+10ns POS: x=435.2, y=508.35, z=1.5; VEL:0, y=0, z=0
+7.89981e+10ns POS: x=805.98, y=694.27, z=1.5; VEL:0, y=0, z=0
+7.89991e+10ns POS: x=339.19, y=816.05, z=1.5; VEL:0, y=0, z=0
+7.89998e+10ns POS: x=436.66, y=876.45, z=1.5; VEL:0, y=0, z=0
+7.9e+10ns POS: x=339.19, y=816.05, z=1.5; VEL:4.07178, y=0.48021, z=0
+7.9e+10ns POS: x=436.66, y=876.45, z=1.5; VEL:-4.36078, y=14.8427, z=0
+7.9e+10ns POS: x=435.2, y=508.35, z=1.5; VEL:-7.20669, y=-3.13739, z=0
+7.9e+10ns POS: x=367.326, y=403.07, z=1.5; VEL:-0.371174, y=-0.651713, z=0
+7.9e+10ns POS: x=805.98, y=694.27, z=1.5; VEL:1.74926, y=7.07702, z=0
+7.9e+10ns POS: x=416.279, y=361.801, z=1.5; VEL:11.7016, y=-6.91093, z=0
+7.9e+10ns POS: x=410.956, y=603.011, z=1.5; VEL:16.504, y=4.15911, z=0
+7.9e+10ns POS: x=663.936, y=280.926, z=1.5; VEL:3.38249, y=-13.7501, z=0
+7.9e+10ns POS: x=420.283, y=826.398, z=1.5; VEL:10.0738, y=1.32052, z=0
+7.99658e+10ns POS: x=428.24, y=505.32, z=1.5; VEL:0, y=0, z=0
+7.99996e+10ns POS: x=343.26, y=816.53, z=1.5; VEL:0, y=0, z=0
+7.99998e+10ns POS: x=432.3, y=891.29, z=1.5; VEL:0, y=0, z=0
+7.99999e+10ns POS: x=427.98, y=354.89, z=1.5; VEL:0, y=0, z=0
+8e+10ns POS: x=343.26, y=816.53, z=1.5; VEL:5.36205, y=0.639053, z=0
+8e+10ns POS: x=432.3, y=891.29, z=1.5; VEL:-3.48516, y=14.6717, z=0
+8e+10ns POS: x=428.24, y=505.32, z=1.5; VEL:-5.97866, y=-7.52381, z=0
+8e+10ns POS: x=366.955, y=402.419, z=1.5; VEL:-0.038338, y=-0.0585679, z=0
+8e+10ns POS: x=807.729, y=701.347, z=1.5; VEL:2.35095, y=9.51383, z=0
+8e+10ns POS: x=427.98, y=354.89, z=1.5; VEL:7.8306, y=-4.61625, z=0
+8e+10ns POS: x=427.46, y=607.17, z=1.5; VEL:17.0055, y=2.06114, z=0
+8e+10ns POS: x=667.318, y=267.176, z=1.5; VEL:3.37763, y=-13.7204, z=0
+8e+10ns POS: x=430.357, y=827.718, z=1.5; VEL:6.61167, y=0.880196, z=0
+8.09902e+10ns POS: x=422.32, y=497.87, z=1.5; VEL:0, y=0, z=0
+8.09985e+10ns POS: x=428.82, y=905.94, z=1.5; VEL:0, y=0, z=0
+8.09986e+10ns POS: x=435.8, y=350.28, z=1.5; VEL:0, y=0, z=0
+8.09999e+10ns POS: x=810.08, y=710.86, z=1.5; VEL:0, y=0, z=0
+8.1e+10ns POS: x=348.622, y=817.169, z=1.5; VEL:7.14965, y=0.849961, z=0
+8.1e+10ns POS: x=428.82, y=905.94, z=1.5; VEL:-3.00888, y=15.1644, z=0
+8.1e+10ns POS: x=422.32, y=497.87, z=1.5; VEL:-5.97179, y=-10.2931, z=0
+8.1e+10ns POS: x=366.917, y=402.36, z=1.5; VEL:-0.00547686, y=-0.00836684, z=0
+8.1e+10ns POS: x=810.08, y=710.86, z=1.5; VEL:2.87013, y=11.6105, z=0
+8.1e+10ns POS: x=435.8, y=350.28, z=1.5; VEL:3.54449, y=-2.93199, z=0
+8.1e+10ns POS: x=444.465, y=609.231, z=1.5; VEL:14.2935, y=1.2727, z=0
+8.1e+10ns POS: x=670.696, y=253.456, z=1.5; VEL:3.48179, y=-14.1273, z=0
+8.1e+10ns POS: x=436.969, y=828.599, z=1.5; VEL:5.91014, y=-1.58892, z=0
+8.19494e+10ns POS: x=442.58, y=827.09, z=1.5; VEL:0, y=0, z=0
+8.19959e+10ns POS: x=439.33, y=347.36, z=1.5; VEL:0, y=0, z=0
+8.19997e+10ns POS: x=416.35, y=487.58, z=1.5; VEL:0, y=0, z=0
+8.2e+10ns POS: x=812.95, y=722.47, z=1.5; VEL:0, y=0, z=0
+8.2e+10ns POS: x=355.772, y=818.019, z=1.5; VEL:9.28382, y=1.11045, z=0
+8.2e+10ns POS: x=425.811, y=921.104, z=1.5; VEL:-2.82067, y=14.2434, z=0
+8.2e+10ns POS: x=416.35, y=487.58, z=1.5; VEL:-7.14708, y=-12.305, z=0
+8.2e+10ns POS: x=366.911, y=402.352, z=1.5; VEL:0, y=0, z=0
+8.2e+10ns POS: x=812.95, y=722.47, z=1.5; VEL:3.08086, y=13.5338, z=0
+8.2e+10ns POS: x=439.33, y=347.36, z=1.5; VEL:4.21418, y=0.550652, z=0
+8.2e+10ns POS: x=458.759, y=610.504, z=1.5; VEL:10.6598, y=1.796, z=0
+8.2e+10ns POS: x=674.178, y=239.329, z=1.5; VEL:2.40924, y=-9.75695, z=0
+8.2e+10ns POS: x=442.58, y=827.09, z=1.5; VEL:1.8835, y=-5.5385, z=0
+8.28899e+10ns POS: x=443.08, y=347.85, z=1.5; VEL:0, y=0, z=0
+8.29822e+10ns POS: x=444.43, y=821.65, z=1.5; VEL:0, y=0, z=0
+8.29997e+10ns POS: x=816.03, y=736, z=1.5; VEL:0, y=0, z=0
+8.3e+10ns POS: x=365.056, y=819.129, z=1.5; VEL:10.9962, y=1.43945, z=0
+8.3e+10ns POS: x=422.99, y=935.348, z=1.5; VEL:-2.8106, y=14.123, z=0
+8.3e+10ns POS: x=409.203, y=475.275, z=1.5; VEL:-8.36095, y=-14.4216, z=0
+8.3e+10ns POS: x=366.911, y=402.352, z=1.5; VEL:0, y=0, z=0
+8.3e+10ns POS: x=816.03, y=736, z=1.5; VEL:3.33048, y=15.3222, z=0
+8.3e+10ns POS: x=443.08, y=347.85, z=1.5; VEL:2.16475, y=3.23202, z=0
+8.3e+10ns POS: x=469.419, y=612.3, z=1.5; VEL:6.9158, y=1.51597, z=0
+8.3e+10ns POS: x=676.587, y=229.572, z=1.5; VEL:-0.129399, y=-6.14864, z=0
+8.3e+10ns POS: x=444.43, y=821.65, z=1.5; VEL:1.54844, y=-8.02192, z=0
+8.39826e+10ns POS: x=676.46, y=223.53, z=1.5; VEL:0, y=0, z=0
+8.39932e+10ns POS: x=445.23, y=351.06, z=1.5; VEL:0, y=0, z=0
+8.39999e+10ns POS: x=819.36, y=751.32, z=1.5; VEL:0, y=0, z=0
+8.39999e+10ns POS: x=420.18, y=949.47, z=1.5; VEL:0, y=0, z=0
+8.4e+10ns POS: x=376.052, y=820.569, z=1.5; VEL:12.591, y=1.66013, z=0
+8.4e+10ns POS: x=420.18, y=949.47, z=1.5; VEL:-2.92065, y=14.7333, z=0
+8.4e+10ns POS: x=400.842, y=460.853, z=1.5; VEL:-8.40446, y=-14.5004, z=0
+8.4e+10ns POS: x=366.911, y=402.352, z=1.5; VEL:0, y=0, z=0
+8.4e+10ns POS: x=819.36, y=751.32, z=1.5; VEL:3.46949, y=15.9776, z=0
+8.4e+10ns POS: x=445.23, y=351.06, z=1.5; VEL:2.48024, y=4.83046, z=0
+8.4e+10ns POS: x=476.334, y=613.816, z=1.5; VEL:2.5202, y=0.552241, z=0
+8.4e+10ns POS: x=676.46, y=223.53, z=1.5; VEL:-4.45079, y=-3.0224, z=0
+8.4e+10ns POS: x=445.978, y=813.628, z=1.5; VEL:1.98024, y=-10.2912, z=0
+8.49661e+10ns POS: x=672.16, y=220.61, z=1.5; VEL:0, y=0, z=0
+8.49998e+10ns POS: x=417.26, y=964.2, z=1.5; VEL:0, y=0, z=0
+8.49999e+10ns POS: x=447.71, y=355.89, z=1.5; VEL:0, y=0, z=0
+8.5e+10ns POS: x=388.643, y=822.229, z=1.5; VEL:13.8408, y=1.82011, z=0
+8.5e+10ns POS: x=1259.52, y=743.01, z=1.5; VEL:-17.1781, y=1.19987, z=0
+8.5e+10ns POS: x=417.26, y=964.2, z=1.5; VEL:-2.79904, y=14.1152, z=0
+8.5e+10ns POS: x=392.438, y=446.353, z=1.5; VEL:-8.31989, y=-14.3298, z=0
+8.5e+10ns POS: x=366.911, y=402.352, z=1.5; VEL:0, y=0, z=0
+8.5e+10ns POS: x=447.71, y=355.89, z=1.5; VEL:3.54563, y=5.84928, z=0
+8.5e+10ns POS: x=478.855, y=614.368, z=1.5; VEL:0.126767, y=0.0288134, z=0
+8.5e+10ns POS: x=672.16, y=220.61, z=1.5; VEL:-7.31199, y=-1.92052, z=0
+8.5e+10ns POS: x=447.959, y=803.337, z=1.5; VEL:2.31968, y=-12.0284, z=0
+8.50001e+10ns POS: x=822.83, y=767.3, z=1.5; VEL:0, y=0, z=0
+8.59984e+10ns POS: x=451.25, y=361.73, z=1.5; VEL:0, y=0, z=0
+8.59997e+10ns POS: x=664.85, y=218.69, z=1.5; VEL:0, y=0, z=0
+8.6e+10ns POS: x=402.484, y=824.049, z=1.5; VEL:13.047, y=1.72092, z=0
+8.6e+10ns POS: x=1242.34, y=744.21, z=1.5; VEL:-17.2684, y=1.19989, z=0
+8.6e+10ns POS: x=414.461, y=978.315, z=1.5; VEL:-3.12997, y=15.1501, z=0
+8.6e+10ns POS: x=384.118, y=432.023, z=1.5; VEL:-6.47823, y=-11.1669, z=0
+8.6e+10ns POS: x=366.911, y=402.352, z=1.5; VEL:0, y=0, z=0
+8.6e+10ns POS: x=451.25, y=361.73, z=1.5; VEL:4.60983, y=7.58972, z=0
+8.6e+10ns POS: x=478.981, y=614.397, z=1.5; VEL:0.0878195, y=0.019691, z=0
+8.6e+10ns POS: x=664.85, y=218.69, z=1.5; VEL:-9.18617, y=-2.42163, z=0
+8.6e+10ns POS: x=450.278, y=791.309, z=1.5; VEL:2.70845, y=-14.0819, z=0
+8.69993e+10ns POS: x=655.67, y=216.27, z=1.5; VEL:0, y=0, z=0
+8.7e+10ns POS: x=415.53, y=825.77, z=1.5; VEL:0, y=0, z=0
+8.7e+10ns POS: x=415.53, y=825.77, z=1.5; VEL:12.1754, y=1.5994, z=0
+8.7e+10ns POS: x=1225.07, y=745.41, z=1.5; VEL:-17.3085, y=1.19989, z=0
+8.7e+10ns POS: x=411.331, y=993.465, z=1.5; VEL:-4.37059, y=14.3491, z=0
+8.7e+10ns POS: x=377.639, y=420.856, z=1.5; VEL:-4.21766, y=-7.27595, z=0
+8.7e+10ns POS: x=366.911, y=402.352, z=1.5; VEL:0, y=0, z=0
+8.7e+10ns POS: x=455.86, y=369.32, z=1.5; VEL:5.40952, y=8.92921, z=0
+8.7e+10ns POS: x=479.069, y=614.416, z=1.5; VEL:0, y=0, z=0
+8.7e+10ns POS: x=655.67, y=216.27, z=1.5; VEL:-11.4121, y=-3.00056, z=0
+8.7e+10ns POS: x=452.987, y=777.227, z=1.5; VEL:3.79438, y=-14.4811, z=0
+8.79955e+10ns POS: x=406.98, y=1007.75, z=1.5; VEL:0, y=0, z=0
+8.79997e+10ns POS: x=456.78, y=762.75, z=1.5; VEL:0, y=0, z=0
+8.79998e+10ns POS: x=644.26, y=213.27, z=1.5; VEL:0, y=0, z=0
+8.8e+10ns POS: x=427.705, y=827.369, z=1.5; VEL:9.53718, y=1.25962, z=0
+8.8e+10ns POS: x=1207.77, y=746.61, z=1.5; VEL:-17.5176, y=1.21983, z=0
+8.8e+10ns POS: x=406.98, y=1007.75, z=1.5; VEL:-6.1418, y=13.674, z=0
+8.8e+10ns POS: x=373.422, y=413.58, z=1.5; VEL:-2.08933, y=-3.60882, z=0
+8.8e+10ns POS: x=366.911, y=402.352, z=1.5; VEL:-1.06144, y=-2.25243, z=0
+8.8e+10ns POS: x=461.269, y=378.249, z=1.5; VEL:6.3084, y=10.4074, z=0
+8.8e+10ns POS: x=479.069, y=614.416, z=1.5; VEL:1.92624, y=0.458273, z=0
+8.8e+10ns POS: x=644.26, y=213.27, z=1.5; VEL:-12.882, y=-3.38788, z=0
+8.8e+10ns POS: x=456.78, y=762.75, z=1.5; VEL:3.80253, y=-15.1501, z=0
+8.89993e+10ns POS: x=460.58, y=747.61, z=1.5; VEL:0, y=0, z=0
+8.89996e+10ns POS: x=365.85, y=400.1, z=1.5; VEL:0, y=0, z=0
+8.89997e+10ns POS: x=400.84, y=1021.42, z=1.5; VEL:0, y=0, z=0
+8.9e+10ns POS: x=437.243, y=828.629, z=1.5; VEL:5.01706, y=-1.02152, z=0
+8.9e+10ns POS: x=1190.25, y=747.829, z=1.5; VEL:-17.5269, y=1.22978, z=0
+8.9e+10ns POS: x=371.332, y=409.971, z=1.5; VEL:-1.48008, y=-2.54027, z=0
+8.9e+10ns POS: x=365.85, y=400.1, z=1.5; VEL:-0.88829, y=-4.70691, z=0
+8.9e+10ns POS: x=467.578, y=388.656, z=1.5; VEL:6.73761, y=11.1061, z=0
+8.9e+10ns POS: x=480.996, y=614.875, z=1.5; VEL:3.21222, y=0.839077, z=0
+8.9e+10ns POS: x=631.378, y=209.882, z=1.5; VEL:-13.5064, y=-3.40917, z=0
+8.9e+10ns POS: x=460.58, y=747.61, z=1.5; VEL:3.19004, y=-14.3702, z=0
+8.99682e+10ns POS: x=442.1, y=827.64, z=1.5; VEL:0, y=0, z=0
+8.99794e+10ns POS: x=364.98, y=395.49, z=1.5; VEL:0, y=0, z=0
+9e+10ns POS: x=463.77, y=733.24, z=1.5; VEL:0, y=0, z=0
+9e+10ns POS: x=442.1, y=827.64, z=1.5; VEL:2.02353, y=-4.23101, z=0
+9e+10ns POS: x=1172.72, y=749.059, z=1.5; VEL:-17.2863, y=1.22973, z=0
+9e+10ns POS: x=369.852, y=407.431, z=1.5; VEL:-2.52145, y=-4.35238, z=0
+9e+10ns POS: x=364.98, y=395.49, z=1.5; VEL:3.48036, y=-5.33516, z=0
+9e+10ns POS: x=474.315, y=399.762, z=1.5; VEL:7.00226, y=11.5537, z=0
+9e+10ns POS: x=484.208, y=615.714, z=1.5; VEL:5.20557, y=1.35885, z=0
+9e+10ns POS: x=617.872, y=206.473, z=1.5; VEL:-13.1833, y=-3.13096, z=0
+9e+10ns POS: x=463.77, y=733.24, z=1.5; VEL:2.8899, y=-15.2995, z=0
+9.09597e+10ns POS: x=368.32, y=390.37, z=1.5; VEL:0, y=0, z=0
+9.09785e+10ns POS: x=444.08, y=823.5, z=1.5; VEL:0, y=0, z=0
+9.1e+10ns POS: x=444.08, y=823.5, z=1.5; VEL:1.17952, y=-6.12751, z=0
+9.1e+10ns POS: x=1155.43, y=750.289, z=1.5; VEL:-16.8673, y=1.20052, z=0
+9.1e+10ns POS: x=367.331, y=403.079, z=1.5; VEL:-1.83855, y=-3.85391, z=0
+9.1e+10ns POS: x=368.32, y=390.37, z=1.5; VEL:7.17806, y=-4.51507, z=0
+9.1e+10ns POS: x=481.318, y=411.316, z=1.5; VEL:6.9405, y=11.4508, z=0
+9.1e+10ns POS: x=489.413, y=617.073, z=1.5; VEL:6.75418, y=1.76111, z=0
+9.1e+10ns POS: x=604.688, y=203.342, z=1.5; VEL:-14.305, y=-3.3412, z=0
+9.1e+10ns POS: x=466.66, y=717.941, z=1.5; VEL:2.69142, y=-14.2175, z=0
+9.19989e+10ns POS: x=375.49, y=385.86, z=1.5; VEL:0, y=0, z=0
+9.19995e+10ns POS: x=469.35, y=703.73, z=1.5; VEL:0, y=0, z=0
+9.2e+10ns POS: x=445.26, y=817.372, z=1.5; VEL:1.56032, y=-8.13165, z=0
+9.2e+10ns POS: x=1138.57, y=751.49, z=1.5; VEL:-17.8849, y=1.27035, z=0
+9.2e+10ns POS: x=336.65, y=815.75, z=1.5; VEL:0, y=0, z=0
+9.2e+10ns POS: x=365.492, y=399.225, z=1.5; VEL:0.418179, y=-6.5667, z=0
+9.2e+10ns POS: x=375.49, y=385.86, z=1.5; VEL:9.08516, y=-5.36305, z=0
+9.2e+10ns POS: x=488.258, y=422.767, z=1.5; VEL:8.40587, y=10.1515, z=0
+9.2e+10ns POS: x=496.167, y=618.834, z=1.5; VEL:8.58632, y=2.10254, z=0
+9.2e+10ns POS: x=590.383, y=200.001, z=1.5; VEL:-14.1471, y=-3.26935, z=0
+9.2e+10ns POS: x=469.35, y=703.73, z=1.5; VEL:2.85853, y=-15.1222, z=0
+9.2951e+10ns POS: x=365.89, y=392.98, z=1.5; VEL:0, y=0, z=0
+9.29745e+10ns POS: x=496.45, y=432.66, z=1.5; VEL:0, y=0, z=0
+9.29994e+10ns POS: x=384.57, y=380.5, z=1.5; VEL:0, y=0, z=0
+9.3e+10ns POS: x=446.82, y=809.241, z=1.5; VEL:1.9311, y=-10.0257, z=0
+9.3e+10ns POS: x=1120.68, y=752.76, z=1.5; VEL:-17.9645, y=1.27961, z=0
+9.3e+10ns POS: x=336.65, y=815.75, z=1.5; VEL:1.31143, y=0.150164, z=0
+9.3e+10ns POS: x=365.89, y=392.98, z=1.5; VEL:5.41103, y=-4.65837, z=0
+9.3e+10ns POS: x=384.57, y=380.5, z=1.5; VEL:10.2077, y=-6.01867, z=0
+9.3e+10ns POS: x=496.45, y=432.66, z=1.5; VEL:12.6845, y=2.9367, z=0
+9.3e+10ns POS: x=504.754, y=620.936, z=1.5; VEL:10.4196, y=2.52007, z=0
+9.3e+10ns POS: x=576.236, y=196.731, z=1.5; VEL:-14.0124, y=-3.23056, z=0
+9.3e+10ns POS: x=472.209, y=688.608, z=1.5; VEL:2.85063, y=-15.1033, z=0
+9.39705e+10ns POS: x=508.76, y=435.51, z=1.5; VEL:0, y=0, z=0
+9.39832e+10ns POS: x=371.21, y=388.4, z=1.5; VEL:0, y=0, z=0
+9.39989e+10ns POS: x=337.96, y=815.9, z=1.5; VEL:0, y=0, z=0
+9.39995e+10ns POS: x=448.75, y=799.22, z=1.5; VEL:0, y=0, z=0
+9.4e+10ns POS: x=448.75, y=799.22, z=1.5; VEL:2.27851, y=-11.8123, z=0
+9.4e+10ns POS: x=1102.72, y=754.039, z=1.5; VEL:-16.8874, y=1.19982, z=0
+9.4e+10ns POS: x=337.96, y=815.9, z=1.5; VEL:3.78342, y=0.449219, z=0
+9.4e+10ns POS: x=371.21, y=388.4, z=1.5; VEL:8.25409, y=-4.88242, z=0
+9.4e+10ns POS: x=394.778, y=374.481, z=1.5; VEL:12.4297, y=-7.32984, z=0
+9.4e+10ns POS: x=508.76, y=435.51, z=1.5; VEL:12.8672, y=2.98997, z=0
+9.4e+10ns POS: x=515.173, y=623.456, z=1.5; VEL:12.3822, y=2.9981, z=0
+9.4e+10ns POS: x=562.224, y=193.501, z=1.5; VEL:-13.1167, y=-3.35906, z=0
+9.4e+10ns POS: x=475.059, y=673.504, z=1.5; VEL:2.71921, y=-14.4158, z=0
+9.49699e+10ns POS: x=521.24, y=438.41, z=1.5; VEL:0, y=0, z=0
+9.49995e+10ns POS: x=379.46, y=383.52, z=1.5; VEL:0, y=0, z=0
+9.5e+10ns POS: x=451.029, y=787.408, z=1.5; VEL:2.62195, y=-13.6301, z=0
+9.5e+10ns POS: x=1085.83, y=755.239, z=1.5; VEL:-17.5463, y=1.23974, z=0
+9.5e+10ns POS: x=341.743, y=816.349, z=1.5; VEL:5.67945, y=0.679927, z=0
+9.5e+10ns POS: x=379.46, y=383.52, z=1.5; VEL:9.52682, y=-5.61812, z=0
+9.5e+10ns POS: x=407.207, y=367.151, z=1.5; VEL:13.5652, y=-8.00305, z=0
+9.5e+10ns POS: x=521.24, y=438.41, z=1.5; VEL:13.0915, y=3.04093, z=0
+9.5e+10ns POS: x=527.556, y=626.454, z=1.5; VEL:14.0161, y=3.38907, z=0
+9.5e+10ns POS: x=549.107, y=190.142, z=1.5; VEL:-14.1078, y=-3.34961, z=0
+9.5e+10ns POS: x=477.778, y=659.089, z=1.5; VEL:2.19883, y=-11.6239, z=0
+9.59701e+10ns POS: x=533.94, y=441.36, z=1.5; VEL:0, y=0, z=0
+9.59998e+10ns POS: x=420.77, y=359.15, z=1.5; VEL:0, y=0, z=0
+9.59998e+10ns POS: x=453.65, y=773.78, z=1.5; VEL:0, y=0, z=0
+9.6e+10ns POS: x=453.65, y=773.78, z=1.5; VEL:3.89976, y=-13.5292, z=0
+9.6e+10ns POS: x=1068.28, y=756.479, z=1.5; VEL:-17.6751, y=1.26036, z=0
+9.6e+10ns POS: x=347.423, y=817.029, z=1.5; VEL:7.56671, y=0.899615, z=0
+9.6e+10ns POS: x=388.987, y=377.902, z=1.5; VEL:11.6793, y=-6.88961, z=0
+9.6e+10ns POS: x=420.77, y=359.15, z=1.5; VEL:14.7503, y=-8.71015, z=0
+9.6e+10ns POS: x=533.94, y=441.36, z=1.5; VEL:11.9792, y=4.59422, z=0
+9.6e+10ns POS: x=541.572, y=629.843, z=1.5; VEL:16.2412, y=3.93028, z=0
+9.6e+10ns POS: x=534.999, y=186.792, z=1.5; VEL:-13.4955, y=-3.20131, z=0
+9.6e+10ns POS: x=479.977, y=647.465, z=1.5; VEL:1.65073, y=-7.70516, z=0
+9.69926e+10ns POS: x=545.83, y=445.92, z=1.5; VEL:0, y=0, z=0
+9.7e+10ns POS: x=435.52, y=350.44, z=1.5; VEL:0, y=0, z=0
+9.7e+10ns POS: x=457.55, y=760.251, z=1.5; VEL:3.22254, y=-13.4904, z=0
+9.7e+10ns POS: x=1050.61, y=757.739, z=1.5; VEL:-17.3452, y=1.09976, z=0
+9.7e+10ns POS: x=354.99, y=817.929, z=1.5; VEL:9.08595, y=1.08071, z=0
+9.7e+10ns POS: x=400.666, y=371.012, z=1.5; VEL:13.1758, y=-7.77749, z=0
+9.7e+10ns POS: x=545.83, y=445.92, z=1.5; VEL:13.3441, y=3.43848, z=0
+9.7e+10ns POS: x=557.813, y=633.774, z=1.5; VEL:16.5231, y=3.99833, z=0
+9.7e+10ns POS: x=521.504, y=183.591, z=1.5; VEL:-13.7877, y=-3.26945, z=0
+9.7e+10ns POS: x=481.628, y=639.76, z=1.5; VEL:0.880363, y=-3.26334, z=0
+9.79993e+10ns POS: x=460.77, y=746.77, z=1.5; VEL:0, y=0, z=0
+9.8e+10ns POS: x=460.77, y=746.77, z=1.5; VEL:2.98819, y=-13.4419, z=0
+9.8e+10ns POS: x=1033.26, y=758.839, z=1.5; VEL:-16.9941, y=1.25016, z=0
+9.8e+10ns POS: x=364.076, y=819.009, z=1.5; VEL:11.0277, y=1.42966, z=0
+9.8e+10ns POS: x=413.842, y=363.235, z=1.5; VEL:12.7881, y=-7.5489, z=0
+9.8e+10ns POS: x=559.174, y=449.358, z=1.5; VEL:12.618, y=3.16954, z=0
+9.8e+10ns POS: x=574.336, y=637.772, z=1.5; VEL:16.8347, y=4.07115, z=0
+9.8e+10ns POS: x=507.716, y=180.321, z=1.5; VEL:-13.5451, y=-3.20884, z=0
+9.8e+10ns POS: x=482.508, y=636.496, z=1.5; VEL:0.0483904, y=-0.183735, z=0
+9.9e+10ns POS: x=463.758, y=733.328, z=1.5; VEL:2.47008, y=-13.089, z=0
+9.9e+10ns POS: x=1016.27, y=760.089, z=1.5; VEL:-18.0919, y=1.32014, z=0
+9.9e+10ns POS: x=375.103, y=820.439, z=1.5; VEL:12.8393, y=1.68989, z=0
+9.9e+10ns POS: x=426.63, y=355.686, z=1.5; VEL:9.41695, y=-5.56819, z=0
+9.9e+10ns POS: x=571.792, y=452.528, z=1.5; VEL:12.6259, y=3.17897, z=0
+9.9e+10ns POS: x=591.171, y=641.843, z=1.5; VEL:16.0968, y=3.88924, z=0
+9.9e+10ns POS: x=494.171, y=177.113, z=1.5; VEL:-14.6847, y=-0.861631, z=0
+9.9e+10ns POS: x=482.557, y=636.313, z=1.5; VEL:0.541393, y=-1.93572, z=0
+9.99895e+10ns POS: x=479.64, y=176.26, z=1.5; VEL:0, y=0, z=0
+1e+11ns POS: x=466.228, y=720.239, z=1.5; VEL:2.51087, y=-13.2746, z=0
+1e+11ns POS: x=998.178, y=761.409, z=1.5; VEL:-17.0335, y=1.25951, z=0
+1e+11ns POS: x=387.943, y=822.129, z=1.5; VEL:14.9405, y=1.97138, z=0
+1e+11ns POS: x=328.09, y=579.13, z=1.5; VEL:0, y=0, z=0
+1e+11ns POS: x=436.047, y=350.118, z=1.5; VEL:5.1521, y=-4.15696, z=0
+1e+11ns POS: x=584.418, y=455.707, z=1.5; VEL:12.7338, y=3.20097, z=0
+1e+11ns POS: x=607.268, y=645.732, z=1.5; VEL:16.5408, y=4.01014, z=0
+1e+11ns POS: x=479.64, y=176.26, z=1.5; VEL:-4.14602, y=12.8896, z=0
+1e+11ns POS: x=483.098, y=634.377, z=1.5; VEL:1.06216, y=-3.6277, z=0
